#
# A fatal error has been detected by the Java Runtime Environment:
#
#  EXCEPTION_ACCESS_VIOLATION (0xc0000005) at pc=0x0000000010014ed4, pid=216728, tid=287536
#
# JRE version: OpenJDK Runtime Environment GraalVM CE 19.3.2 (11.0.7+10) (build 11.0.7+10-jvmci-19.3-b10)
# Java VM: OpenJDK 64-Bit Server VM GraalVM CE 19.3.2 (11.0.7+10-jvmci-19.3-b10, mixed mode, sharing, tiered, jvmci, jvmci compiler, compressed oops, g1 gc, windows-amd64)
# Problematic frame:
# C  [sigar-amd64-winnt.dll+0x14ed4]
#
# No core dump will be written. Minidumps are not enabled by default on client versions of Windows
#
# If you would like to submit a bug report, please visit:
#   https://github.com/oracle/graal/issues
# The crash happened outside the Java Virtual Machine in native code.
# See problematic frame for where to report the bug.
#

---------------  S U M M A R Y ------------

Command Line: -XX:+UnlockExperimentalVMOptions -XX:+EnableJVMCIProduct -XX:-UnlockExperimentalVMOptions -agentlib:jdwp=transport=dt_socket,address=127.0.0.1:65165,suspend=y,server=n -Djava.library.path=C:\Program Files\Java\graalvm-ce-java11-windows-amd64-19.3.2\graalvm-ce-java11-19.3.2\lib -javaagent:C:\Users\ruby0\AppData\Local\JetBrains\Toolbox\apps\IDEA-U\ch-0\201.7223.91\plugins\Groovy\lib\agent\gragent.jar -javaagent:C:\Users\ruby0\AppData\Local\JetBrains\Toolbox\apps\IDEA-U\ch-0\201.7223.91\plugins\java\lib\rt\debugger-agent.jar -Dfile.encoding=UTF-8 BOT.App

Host: AMD Ryzen 7 3700X 8-Core Processor             , 16 cores, 31G,  Windows 10 , 64 bit Build 18362 (10.0.18362.778)
Time: Tue Jun  2 01:23:07 2020 ¢¥eCN©öI¡¾©ö C¡ÍA¨ª¨öA elapsed time: 7 seconds (0d 0h 0m 7s)

---------------  T H R E A D  ---------------

Current thread (0x000001eb57394800):  JavaThread "JDA MainWS-ReadThread" [_thread_in_native, id=287536, stack(0x0000001af4000000,0x0000001af4100000)]

Stack: [0x0000001af4000000,0x0000001af4100000],  sp=0x0000001af40fe4b0,  free space=1017k
Native frames: (J=compiled Java code, j=interpreted, Vv=VM code, C=native code)
C  [sigar-amd64-winnt.dll+0x14ed4]

Java frames: (J=compiled Java code, j=interpreted, Vv=VM code)
j  org.hyperic.sigar.Sigar.getCpuInfoList()[Lorg/hyperic/sigar/CpuInfo;+0
j  BOT.Commands.VersionCommand.handle(Ljava/util/List;Lnet/dv8tion/jda/api/events/message/guild/GuildMessageReceivedEvent;)V+122
j  BOT.Objects.CommandManager.handleCommand(Lnet/dv8tion/jda/api/events/message/guild/GuildMessageReceivedEvent;)V+121
j  BOT.Listener.Listener.onGuildMessageReceived(Lnet/dv8tion/jda/api/events/message/guild/GuildMessageReceivedEvent;)V+653
J 3689 c1 net.dv8tion.jda.api.hooks.ListenerAdapter.onEvent(Lnet/dv8tion/jda/api/events/GenericEvent;)V (2994 bytes) @ 0x000001eb24ef841c [0x000001eb24ef3200+0x000000000000521c]
j  net.dv8tion.jda.api.hooks.InterfacedEventManager.handle(Lnet/dv8tion/jda/api/events/GenericEvent;)V+29
j  net.dv8tion.jda.internal.hooks.EventManagerProxy.handle(Lnet/dv8tion/jda/api/events/GenericEvent;)V+5
j  net.dv8tion.jda.internal.JDAImpl.handleEvent(Lnet/dv8tion/jda/api/events/GenericEvent;)V+5
j  net.dv8tion.jda.internal.handle.MessageCreateHandler.handleInternally(Lnet/dv8tion/jda/api/utils/data/DataObject;)Ljava/lang/Long;+430
j  net.dv8tion.jda.internal.handle.SocketHandler.handle(JLnet/dv8tion/jda/api/utils/data/DataObject;)V+17
j  net.dv8tion.jda.internal.requests.WebSocketClient.onDispatch(Lnet/dv8tion/jda/api/utils/data/DataObject;)V+509
j  net.dv8tion.jda.internal.requests.WebSocketClient.onEvent(Lnet/dv8tion/jda/api/utils/data/DataObject;)V+98
j  net.dv8tion.jda.internal.requests.WebSocketClient.handleEvent(Lnet/dv8tion/jda/api/utils/data/DataObject;)V+2
j  net.dv8tion.jda.internal.requests.WebSocketClient.onBinaryMessage(Lcom/neovisionaries/ws/client/WebSocket;[B)V+34
j  com.neovisionaries.ws.client.ListenerManager.callOnBinaryMessage([B)V+35
j  com.neovisionaries.ws.client.ReadingThread.callOnBinaryMessage([B)V+8
j  com.neovisionaries.ws.client.ReadingThread.handleBinaryFrame(Lcom/neovisionaries/ws/client/WebSocketFrame;)Z+33
j  com.neovisionaries.ws.client.ReadingThread.handleFrame(Lcom/neovisionaries/ws/client/WebSocketFrame;)Z+82
j  com.neovisionaries.ws.client.ReadingThread.main()V+47
j  com.neovisionaries.ws.client.ReadingThread.runMain()V+1
j  com.neovisionaries.ws.client.WebSocketThread.run()V+22
v  ~StubRoutines::call_stub

siginfo: EXCEPTION_ACCESS_VIOLATION (0xc0000005), reading address 0x000000006fb20d88


Register to memory mapping:

RIP=0x0000000010014ed4 sigar-amd64-winnt.dll
RAX=0x000000006fb20c50 is an unknown value
RBX={method} {0x000001eb6f669198} 'getCpuInfoList' '()[Lorg/hyperic/sigar/CpuInfo;' in 'org/hyperic/sigar/Sigar'
RCX=0x000001eb57394800 is a thread
RDX=0x0000000000000006 is an unknown value
RSP=0x0000001af40fe4b0 is pointing into the stack for thread: 0x000001eb57394800
RBP=0x0000001af40fe620 is pointing into the stack for thread: 0x000001eb57394800
RSI=0x000001eb4a28f588 is pointing into metadata
RDI=0x000001eb23dcc4b5 is at code_begin+7029 in an Interpreter codelet
invoke return entry points  [0x000001eb23dca940, 0x000001eb23dcc7e0]  7840 bytes
R8 =0x0000000000000004 is an unknown value
R9 =0x00000008403de020 is a pointer to class: 
org.hyperic.sigar.Sigar {0x00000008403de028}
R10=0x000001eb573d1930 points into unknown readable memory: 03 00 00 00 3c 00 00 00
R11=0x000001eb6f660040 is pointing into metadata
R12=0x0 is NULL
R13=0x000001eb6f669188 is pointing into metadata
R14=0x0000001af40fe640 is pointing into the stack for thread: 0x000001eb57394800
R15=0x000001eb57394800 is a thread


Registers:
RAX=0x000000006fb20c50, RBX=0x000001eb6f669190, RCX=0x000001eb57394800, RDX=0x0000000000000006
RSP=0x0000001af40fe4b0, RBP=0x0000001af40fe620, RSI=0x000001eb4a28f588, RDI=0x000001eb23dcc4b5
R8 =0x0000000000000004, R9 =0x00000008403de020, R10=0x000001eb573d1930, R11=0x000001eb6f660040
R12=0x0000000000000000, R13=0x000001eb6f669188, R14=0x0000001af40fe640, R15=0x000001eb57394800
RIP=0x0000000010014ed4, EFLAGS=0x0000000000010206

Top of Stack: (sp=0x0000001af40fe4b0)
0x0000001af40fe4b0:   000001eb57394b40 0000001af40fe640
0x0000001af40fe4c0:   000001eb4a28f588 000001eb57394800
0x0000001af40fe4d0:   000000006fb20c50 0000001af40fe620
0x0000001af40fe4e0:   000001eb6f669190 0000000010022078
0x0000001af40fe4f0:   000001eb57394b40 0000001af40fe640
0x0000001af40fe500:   000000060129fe00 00007ff9b4b41d4f
0x0000001af40fe510:   000001eb23dcc4b5 0000001af40fe640
0x0000001af40fe520:   000001eb573d7c28 000001eb57394800
0x0000001af40fe530:   000001eb56b73260 00007ff9b4d44bb3
0x0000001af40fe540:   0000001af40ff390 000001eb4a28f588
0x0000001af40fe550:   000001eb4a28f588 000001eb4a28f588
0x0000001af40fe560:   000001eb6f669190 000001eb57394800
0x0000001af40fe570:   000001eb23dcc4b5 000001eb23dd53a1
0x0000001af40fe580:   0000001af40ff300 000001eb6f669190
0x0000001af40fe590:   000001eb57394800 00000000000000b2
0x0000001af40fe5a0:   000001eb23dcc4b5 000001eb23dd56d6 

Instructions: (pc=0x0000000010014ed4)
0x0000000010014dd4:   8b 04 c1 48 8d 15 12 58 04 00 48 8b 4c 24 20 e8
0x0000000010014de4:   c8 1e 02 00 48 83 c4 38 c3 cc cc cc 48 89 54 24
0x0000000010014df4:   10 48 89 4c 24 08 b8 02 00 01 00 c3 cc cc cc cc
0x0000000010014e04:   cc cc cc cc cc cc cc cc cc cc cc cc 48 89 54 24
0x0000000010014e14:   10 48 89 4c 24 08 c3 cc cc cc cc cc cc cc cc cc
0x0000000010014e24:   cc cc cc cc cc cc cc cc cc cc cc cc 48 89 54 24
0x0000000010014e34:   10 48 89 4c 24 08 48 83 ec 38 48 8b 54 24 48 48
0x0000000010014e44:   8b 4c 24 40 e8 43 00 00 00 48 89 44 24 28 48 83
0x0000000010014e54:   7c 24 28 00 75 04 33 c0 eb 24 48 8b 44 24 28 48
0x0000000010014e64:   8b 40 10 48 89 44 24 20 48 8b 44 24 28 48 8b 4c
0x0000000010014e74:   24 40 48 89 08 48 8b 44 24 28 48 8b 40 10 48 83
0x0000000010014e84:   c4 38 c3 cc cc cc cc cc cc cc cc cc 48 89 54 24
0x0000000010014e94:   10 48 89 4c 24 08 48 83 ec 38 48 8b 54 24 48 48
0x0000000010014ea4:   8b 4c 24 40 e8 73 02 00 00 48 89 44 24 20 48 83
0x0000000010014eb4:   7c 24 20 00 75 15 48 8d 15 df 58 04 00 48 8b 4c
0x0000000010014ec4:   24 40 e8 45 00 00 00 33 c0 eb 32 48 8b 44 24 20
0x0000000010014ed4:   83 b8 38 01 00 00 00 74 1f 48 8b 44 24 20 44 8b
0x0000000010014ee4:   80 38 01 00 00 48 8b 54 24 20 48 8b 4c 24 40 e8
0x0000000010014ef4:   68 00 00 00 33 c0 eb 05 48 8b 44 24 20 48 83 c4
0x0000000010014f04:   38 c3 cc cc cc cc cc cc cc cc cc cc 48 89 54 24
0x0000000010014f14:   10 48 89 4c 24 08 48 83 ec 38 48 8b 44 24 40 48
0x0000000010014f24:   8b 00 48 8d 15 d3 56 04 00 48 8b 4c 24 40 ff 50
0x0000000010014f34:   30 48 89 44 24 20 48 8b 44 24 40 48 8b 00 4c 8b
0x0000000010014f44:   44 24 48 48 8b 54 24 20 48 8b 4c 24 40 ff 50 70
0x0000000010014f54:   48 83 c4 38 c3 cc cc cc cc cc cc cc 44 89 44 24
0x0000000010014f64:   18 48 89 54 24 10 48 89 4c 24 08 48 83 ec 58 8b
0x0000000010014f74:   44 24 70 89 44 24 28 81 7c 24 28 40 9c 00 00 7e
0x0000000010014f84:   0d 8b 44 24 28 2d 40 9c 00 00 89 44 24 28 8b 44
0x0000000010014f94:   24 28 89 44 24 40 83 7c 24 40 02 74 16 83 7c 24
0x0000000010014fa4:   40 05 74 30 81 7c 24 40 21 4e 00 00 74 47 e9 00
0x0000000010014fb4:   01 00 00 48 8b 44 24 60 48 8b 00 48 8d 15 c2 56
0x0000000010014fc4:   04 00 48 8b 4c 24 60 ff 50 30 48 89 44 24 20 e9 


Stack slot to memory mapping:
stack at sp + 0 slots: 0x000001eb57394b40 points into unknown readable memory: 50 3c 3e b5 f9 7f 00 00
stack at sp + 1 slots: 0x0000001af40fe640 is pointing into the stack for thread: 0x000001eb57394800
stack at sp + 2 slots: 0x000001eb4a28f588 is pointing into metadata
stack at sp + 3 slots: 0x000001eb57394800 is a thread
stack at sp + 4 slots: 0x000000006fb20c50 is an unknown value
stack at sp + 5 slots: 0x0000001af40fe620 is pointing into the stack for thread: 0x000001eb57394800
stack at sp + 6 slots: {method} {0x000001eb6f669198} 'getCpuInfoList' '()[Lorg/hyperic/sigar/CpuInfo;' in 'org/hyperic/sigar/Sigar'
stack at sp + 7 slots: 0x0000000010022078 sigar-amd64-winnt.dll


---------------  P R O C E S S  ---------------

Threads class SMR info:
_java_thread_list=0x000001eb4a1f1ed0, length=30, elements={
0x000001eb4980a000, 0x000001eb4980d800, 0x000001eb49fc2000, 0x000001eb49fc3000,
0x000001eb49fc6000, 0x000001eb49fd2800, 0x000001eb49fd6000, 0x000001eb4a10f000,
0x000001eb4a11f000, 0x000001eb4a164800, 0x000001eb4a17c000, 0x000001eb4a17c800,
0x000001eb4a10f800, 0x000001eb4a112000, 0x000001eb4a10e000, 0x000001eb4a114800,
0x000001eb5738b800, 0x000001eb57391800, 0x000001eb57392000, 0x000001eb5738f000,
0x000001eb5738d800, 0x000001eb5738c800, 0x000001eb57393000, 0x000001eb5738e000,
0x000001eb57394800, 0x000001eb57395800, 0x000001eb57394000, 0x000001eb57398800,
0x000001eb5739a800, 0x000001eb57390000
}

Java Threads: ( => current thread )
  0x000001eb4980a000 JavaThread "Reference Handler" daemon [_thread_blocked, id=38816, stack(0x0000001af1700000,0x0000001af1800000)]
  0x000001eb4980d800 JavaThread "Finalizer" daemon [_thread_blocked, id=145376, stack(0x0000001af1800000,0x0000001af1900000)]
  0x000001eb49fc2000 JavaThread "Signal Dispatcher" daemon [_thread_blocked, id=156188, stack(0x0000001af1900000,0x0000001af1a00000)]
  0x000001eb49fc3000 JavaThread "Attach Listener" daemon [_thread_blocked, id=291900, stack(0x0000001af1a00000,0x0000001af1b00000)]
  0x000001eb49fc6000 JavaThread "JVMCI-native CompilerThread0" daemon [_thread_blocked, id=93900, stack(0x0000001af1b00000,0x0000001af1c00000)]
  0x000001eb49fd2800 JavaThread "C1 CompilerThread0" daemon [_thread_blocked, id=212160, stack(0x0000001af1c00000,0x0000001af1d00000)]
  0x000001eb49fd6000 JavaThread "Sweeper thread" daemon [_thread_blocked, id=152208, stack(0x0000001af1d00000,0x0000001af1e00000)]
  0x000001eb4a10f000 JavaThread "Common-Cleaner" daemon [_thread_blocked, id=82844, stack(0x0000001af1e00000,0x0000001af1f00000)]
  0x000001eb4a11f000 JavaThread "C1 CompilerThread1" daemon [_thread_blocked, id=286968, stack(0x0000001af1f00000,0x0000001af2000000)]
  0x000001eb4a164800 JavaThread "JDWP Transport Listener: dt_socket" daemon [_thread_blocked, id=275652, stack(0x0000001af2000000,0x0000001af2100000)]
  0x000001eb4a17c000 JavaThread "JDWP Event Helper Thread" daemon [_thread_blocked, id=312208, stack(0x0000001af2100000,0x0000001af2200000)]
  0x000001eb4a17c800 JavaThread "JDWP Command Reader" daemon [_thread_in_native, id=194112, stack(0x0000001af2200000,0x0000001af2300000)]
  0x000001eb4a10f800 JavaThread "Service Thread" daemon [_thread_blocked, id=294356, stack(0x0000001af2a00000,0x0000001af2b00000)]
  0x000001eb4a112000 JavaThread "mysql-cj-abandoned-connection-cleanup" daemon [_thread_blocked, id=140708, stack(0x0000001af3900000,0x0000001af3a00000)]
  0x000001eb4a10e000 JavaThread "JDA RateLimit-Worker 1" [_thread_blocked, id=199024, stack(0x0000001af2700000,0x0000001af2800000)]
  0x000001eb4a114800 JavaThread "JDA RateLimit-Worker 2" [_thread_blocked, id=188796, stack(0x0000001af2800000,0x0000001af2900000)]
  0x000001eb5738b800 JavaThread "OkHttp discordapp.com" [_thread_in_native, id=203032, stack(0x0000001af3800000,0x0000001af3900000)]
  0x000001eb57391800 JavaThread "OkHttp ConnectionPool" daemon [_thread_blocked, id=27368, stack(0x0000001af3a00000,0x0000001af3b00000)]
  0x000001eb57392000 JavaThread "OkHttp discordapp.com Writer" [_thread_blocked, id=33508, stack(0x0000001af3b00000,0x0000001af3c00000)]
  0x000001eb5738f000 JavaThread "Okio Watchdog" daemon [_thread_blocked, id=193688, stack(0x0000001af3c00000,0x0000001af3d00000)]
  0x000001eb5738d800 JavaThread "OkHttp Http2Connection" daemon [_thread_blocked, id=221476, stack(0x0000001af3d00000,0x0000001af3e00000)]
  0x000001eb5738c800 JavaThread "ForkJoinPool.commonPool-worker-19" daemon [_thread_blocked, id=129884, stack(0x0000001af3e00000,0x0000001af3f00000)]
  0x000001eb57393000 JavaThread "JDA RateLimit-Worker 3" [_thread_blocked, id=162560, stack(0x0000001af3f00000,0x0000001af4000000)]
  0x000001eb5738e000 JavaThread "JDA Gateway-Worker 1" daemon [_thread_blocked, id=103384, stack(0x0000001af3700000,0x0000001af3800000)]
=>0x000001eb57394800 JavaThread "JDA MainWS-ReadThread" [_thread_in_native, id=287536, stack(0x0000001af4000000,0x0000001af4100000)]
  0x000001eb57395800 JavaThread "JDA MainWS-WriteThread" [_thread_blocked, id=28400, stack(0x0000001af4100000,0x0000001af4200000)]
  0x000001eb57394000 JavaThread "Timer-0" [_thread_blocked, id=126356, stack(0x0000001af4500000,0x0000001af4600000)]
  0x000001eb57398800 JavaThread "Timer-1" [_thread_blocked, id=68884, stack(0x0000001af4600000,0x0000001af4700000)]
  0x000001eb5739a800 JavaThread "DestroyJavaVM" [_thread_blocked, id=103196, stack(0x0000001af1000000,0x0000001af1100000)]
  0x000001eb57390000 JavaThread "JDA RateLimit-Worker 4" [_thread_blocked, id=98840, stack(0x0000001af2300000,0x0000001af2400000)]

Other Threads:
  0x000001eb49809800 VMThread "VM Thread" [stack: 0x0000001af1600000,0x0000001af1700000] [id=220712]
  0x000001eb4beb5800 WatcherThread [stack: 0x0000001af2b00000,0x0000001af2c00000] [id=81628]
  0x000001eb19bdb000 GCTaskThread "GC Thread#0" [stack: 0x0000001af1100000,0x0000001af1200000] [id=65996]
  0x000001eb569bb000 GCTaskThread "GC Thread#1" [stack: 0x0000001af2c00000,0x0000001af2d00000] [id=254808]
  0x000001eb569bb800 GCTaskThread "GC Thread#2" [stack: 0x0000001af2d00000,0x0000001af2e00000] [id=233620]
  0x000001eb569bc800 GCTaskThread "GC Thread#3" [stack: 0x0000001af2e00000,0x0000001af2f00000] [id=225036]
  0x000001eb569bd000 GCTaskThread "GC Thread#4" [stack: 0x0000001af2f00000,0x0000001af3000000] [id=149492]
  0x000001eb569c2000 GCTaskThread "GC Thread#5" [stack: 0x0000001af3000000,0x0000001af3100000] [id=94832]
  0x000001eb569c3800 GCTaskThread "GC Thread#6" [stack: 0x0000001af3100000,0x0000001af3200000] [id=124880]
  0x000001eb569c8000 GCTaskThread "GC Thread#7" [stack: 0x0000001af3200000,0x0000001af3300000] [id=184580]
  0x000001eb569c9800 GCTaskThread "GC Thread#8" [stack: 0x0000001af3300000,0x0000001af3400000] [id=281540]
  0x000001eb569cb000 GCTaskThread "GC Thread#9" [stack: 0x0000001af3400000,0x0000001af3500000] [id=150964]
  0x000001eb569cd800 GCTaskThread "GC Thread#10" [stack: 0x0000001af3500000,0x0000001af3600000] [id=169380]
  0x000001eb569cf000 GCTaskThread "GC Thread#11" [stack: 0x0000001af3600000,0x0000001af3700000] [id=339540]
  0x000001eb574f7000 GCTaskThread "GC Thread#12" [stack: 0x0000001af4200000,0x0000001af4300000] [id=291508]
  0x000001eb19c5c800 ConcurrentGCThread "G1 Main Marker" [stack: 0x0000001af1200000,0x0000001af1300000] [id=180100]
  0x000001eb19c5e000 ConcurrentGCThread "G1 Conc#0" [stack: 0x0000001af1300000,0x0000001af1400000] [id=200300]
  0x000001eb5700c800 ConcurrentGCThread "G1 Conc#1" [stack: 0x0000001af2500000,0x0000001af2600000] [id=309060]
  0x000001eb56fda800 ConcurrentGCThread "G1 Conc#2" [stack: 0x0000001af2600000,0x0000001af2700000] [id=142656]
  0x000001eb497c0000 ConcurrentGCThread "G1 Refine#0" [stack: 0x0000001af1400000,0x0000001af1500000] [id=226996]
  0x000001eb497c3000 ConcurrentGCThread "G1 Young RemSet Sampling" [stack: 0x0000001af1500000,0x0000001af1600000] [id=132456]

Threads with active compile tasks:

VM state:not at safepoint (normal execution)

VM Mutex/Monitor currently owned by a thread: None

Heap address: 0x0000000601200000, size: 8174 MB, Compressed Oops mode: Zero based, Oop shift amount: 3
Narrow klass base: 0x0000000800000000, Narrow klass shift: 3
Compressed class space size: 1073741824 Address: 0x0000000840000000

Heap:
 garbage-first heap   total 524288K, used 56662K [0x0000000601200000, 0x0000000800000000)
  region size 2048K, 24 young (49152K), 2 survivors (4096K)
 Metaspace       used 34552K, capacity 35142K, committed 35328K, reserved 1081344K
  class space    used 3754K, capacity 3986K, committed 4096K, reserved 1048576K
Heap Regions: E=young(eden), S=young(survivor), O=old, HS=humongous(starts), HC=humongous(continues), CS=collection set, F=free, A=archive, TAMS=top-at-mark-start (previous, next)
|   0|0x0000000601200000, 0x0000000601400000, 0x0000000601400000|100%| O|  |TAMS 0x000000060129fe00, 0x0000000601200000| Untracked 
|   1|0x0000000601400000, 0x0000000601600000, 0x0000000601600000|100%| O|  |TAMS 0x0000000601400000, 0x0000000601400000| Untracked 
|   2|0x0000000601600000, 0x0000000601800000, 0x0000000601800000|100%| O|  |TAMS 0x0000000601600000, 0x0000000601600000| Untracked 
|   3|0x0000000601800000, 0x0000000601a00000, 0x0000000601a00000|100%| O|  |TAMS 0x0000000601800000, 0x0000000601800000| Untracked 
|   4|0x0000000601a00000, 0x0000000601c00000, 0x0000000601c00000|100%| O|  |TAMS 0x0000000601a00000, 0x0000000601a00000| Untracked 
|   5|0x0000000601c00000, 0x0000000601d5c600, 0x0000000601e00000| 68%| O|  |TAMS 0x0000000601c00000, 0x0000000601c00000| Untracked 
|   6|0x0000000601e00000, 0x0000000601e00000, 0x0000000602000000|  0%| F|  |TAMS 0x0000000601e00000, 0x0000000601e00000| Untracked 
|   7|0x0000000602000000, 0x0000000602000000, 0x0000000602200000|  0%| F|  |TAMS 0x0000000602000000, 0x0000000602000000| Untracked 
|   8|0x0000000602200000, 0x0000000602200000, 0x0000000602400000|  0%| F|  |TAMS 0x0000000602200000, 0x0000000602200000| Untracked 
|   9|0x0000000602400000, 0x0000000602400000, 0x0000000602600000|  0%| F|  |TAMS 0x0000000602400000, 0x0000000602400000| Untracked 
|  10|0x0000000602600000, 0x0000000602600000, 0x0000000602800000|  0%| F|  |TAMS 0x0000000602600000, 0x0000000602600000| Untracked 
|  11|0x0000000602800000, 0x0000000602800000, 0x0000000602a00000|  0%| F|  |TAMS 0x0000000602800000, 0x0000000602800000| Untracked 
|  12|0x0000000602a00000, 0x0000000602a00000, 0x0000000602c00000|  0%| F|  |TAMS 0x0000000602a00000, 0x0000000602a00000| Untracked 
|  13|0x0000000602c00000, 0x0000000602c00000, 0x0000000602e00000|  0%| F|  |TAMS 0x0000000602c00000, 0x0000000602c00000| Untracked 
|  14|0x0000000602e00000, 0x0000000602e00000, 0x0000000603000000|  0%| F|  |TAMS 0x0000000602e00000, 0x0000000602e00000| Untracked 
|  15|0x0000000603000000, 0x0000000603000000, 0x0000000603200000|  0%| F|  |TAMS 0x0000000603000000, 0x0000000603000000| Untracked 
|  16|0x0000000603200000, 0x0000000603200000, 0x0000000603400000|  0%| F|  |TAMS 0x0000000603200000, 0x0000000603200000| Untracked 
|  17|0x0000000603400000, 0x0000000603400000, 0x0000000603600000|  0%| F|  |TAMS 0x0000000603400000, 0x0000000603400000| Untracked 
|  18|0x0000000603600000, 0x0000000603600000, 0x0000000603800000|  0%| F|  |TAMS 0x0000000603600000, 0x0000000603600000| Untracked 
|  19|0x0000000603800000, 0x0000000603800000, 0x0000000603a00000|  0%| F|  |TAMS 0x0000000603800000, 0x0000000603800000| Untracked 
|  20|0x0000000603a00000, 0x0000000603a00000, 0x0000000603c00000|  0%| F|  |TAMS 0x0000000603a00000, 0x0000000603a00000| Untracked 
|  21|0x0000000603c00000, 0x0000000603c00000, 0x0000000603e00000|  0%| F|  |TAMS 0x0000000603c00000, 0x0000000603c00000| Untracked 
|  22|0x0000000603e00000, 0x0000000603e00000, 0x0000000604000000|  0%| F|  |TAMS 0x0000000603e00000, 0x0000000603e00000| Untracked 
|  23|0x0000000604000000, 0x0000000604000000, 0x0000000604200000|  0%| F|  |TAMS 0x0000000604000000, 0x0000000604000000| Untracked 
|  24|0x0000000604200000, 0x0000000604200000, 0x0000000604400000|  0%| F|  |TAMS 0x0000000604200000, 0x0000000604200000| Untracked 
|  25|0x0000000604400000, 0x0000000604400000, 0x0000000604600000|  0%| F|  |TAMS 0x0000000604400000, 0x0000000604400000| Untracked 
|  26|0x0000000604600000, 0x0000000604600000, 0x0000000604800000|  0%| F|  |TAMS 0x0000000604600000, 0x0000000604600000| Untracked 
|  27|0x0000000604800000, 0x0000000604800000, 0x0000000604a00000|  0%| F|  |TAMS 0x0000000604800000, 0x0000000604800000| Untracked 
|  28|0x0000000604a00000, 0x0000000604a00000, 0x0000000604c00000|  0%| F|  |TAMS 0x0000000604a00000, 0x0000000604a00000| Untracked 
|  29|0x0000000604c00000, 0x0000000604c00000, 0x0000000604e00000|  0%| F|  |TAMS 0x0000000604c00000, 0x0000000604c00000| Untracked 
|  30|0x0000000604e00000, 0x0000000604e00000, 0x0000000605000000|  0%| F|  |TAMS 0x0000000604e00000, 0x0000000604e00000| Untracked 
|  31|0x0000000605000000, 0x0000000605000000, 0x0000000605200000|  0%| F|  |TAMS 0x0000000605000000, 0x0000000605000000| Untracked 
|  32|0x0000000605200000, 0x0000000605200000, 0x0000000605400000|  0%| F|  |TAMS 0x0000000605200000, 0x0000000605200000| Untracked 
|  33|0x0000000605400000, 0x0000000605400000, 0x0000000605600000|  0%| F|  |TAMS 0x0000000605400000, 0x0000000605400000| Untracked 
|  34|0x0000000605600000, 0x0000000605600000, 0x0000000605800000|  0%| F|  |TAMS 0x0000000605600000, 0x0000000605600000| Untracked 
|  35|0x0000000605800000, 0x0000000605800000, 0x0000000605a00000|  0%| F|  |TAMS 0x0000000605800000, 0x0000000605800000| Untracked 
|  36|0x0000000605a00000, 0x0000000605a00000, 0x0000000605c00000|  0%| F|  |TAMS 0x0000000605a00000, 0x0000000605a00000| Untracked 
|  37|0x0000000605c00000, 0x0000000605c00000, 0x0000000605e00000|  0%| F|  |TAMS 0x0000000605c00000, 0x0000000605c00000| Untracked 
|  38|0x0000000605e00000, 0x0000000605e00000, 0x0000000606000000|  0%| F|  |TAMS 0x0000000605e00000, 0x0000000605e00000| Untracked 
|  39|0x0000000606000000, 0x0000000606000000, 0x0000000606200000|  0%| F|  |TAMS 0x0000000606000000, 0x0000000606000000| Untracked 
|  40|0x0000000606200000, 0x0000000606200000, 0x0000000606400000|  0%| F|  |TAMS 0x0000000606200000, 0x0000000606200000| Untracked 
|  41|0x0000000606400000, 0x0000000606400000, 0x0000000606600000|  0%| F|  |TAMS 0x0000000606400000, 0x0000000606400000| Untracked 
|  42|0x0000000606600000, 0x0000000606600000, 0x0000000606800000|  0%| F|  |TAMS 0x0000000606600000, 0x0000000606600000| Untracked 
|  43|0x0000000606800000, 0x0000000606800000, 0x0000000606a00000|  0%| F|  |TAMS 0x0000000606800000, 0x0000000606800000| Untracked 
|  44|0x0000000606a00000, 0x0000000606a00000, 0x0000000606c00000|  0%| F|  |TAMS 0x0000000606a00000, 0x0000000606a00000| Untracked 
|  45|0x0000000606c00000, 0x0000000606c00000, 0x0000000606e00000|  0%| F|  |TAMS 0x0000000606c00000, 0x0000000606c00000| Untracked 
|  46|0x0000000606e00000, 0x0000000606e00000, 0x0000000607000000|  0%| F|  |TAMS 0x0000000606e00000, 0x0000000606e00000| Untracked 
|  47|0x0000000607000000, 0x0000000607000000, 0x0000000607200000|  0%| F|  |TAMS 0x0000000607000000, 0x0000000607000000| Untracked 
|  48|0x0000000607200000, 0x0000000607200000, 0x0000000607400000|  0%| F|  |TAMS 0x0000000607200000, 0x0000000607200000| Untracked 
|  49|0x0000000607400000, 0x0000000607400000, 0x0000000607600000|  0%| F|  |TAMS 0x0000000607400000, 0x0000000607400000| Untracked 
|  50|0x0000000607600000, 0x0000000607600000, 0x0000000607800000|  0%| F|  |TAMS 0x0000000607600000, 0x0000000607600000| Untracked 
|  51|0x0000000607800000, 0x0000000607800000, 0x0000000607a00000|  0%| F|  |TAMS 0x0000000607800000, 0x0000000607800000| Untracked 
|  52|0x0000000607a00000, 0x0000000607a00000, 0x0000000607c00000|  0%| F|  |TAMS 0x0000000607a00000, 0x0000000607a00000| Untracked 
|  53|0x0000000607c00000, 0x0000000607c00000, 0x0000000607e00000|  0%| F|  |TAMS 0x0000000607c00000, 0x0000000607c00000| Untracked 
|  54|0x0000000607e00000, 0x0000000607e00000, 0x0000000608000000|  0%| F|  |TAMS 0x0000000607e00000, 0x0000000607e00000| Untracked 
|  55|0x0000000608000000, 0x0000000608000000, 0x0000000608200000|  0%| F|  |TAMS 0x0000000608000000, 0x0000000608000000| Untracked 
|  56|0x0000000608200000, 0x0000000608200000, 0x0000000608400000|  0%| F|  |TAMS 0x0000000608200000, 0x0000000608200000| Untracked 
|  57|0x0000000608400000, 0x0000000608400000, 0x0000000608600000|  0%| F|  |TAMS 0x0000000608400000, 0x0000000608400000| Untracked 
|  58|0x0000000608600000, 0x0000000608600000, 0x0000000608800000|  0%| F|  |TAMS 0x0000000608600000, 0x0000000608600000| Untracked 
|  59|0x0000000608800000, 0x0000000608800000, 0x0000000608a00000|  0%| F|  |TAMS 0x0000000608800000, 0x0000000608800000| Untracked 
|  60|0x0000000608a00000, 0x0000000608a00000, 0x0000000608c00000|  0%| F|  |TAMS 0x0000000608a00000, 0x0000000608a00000| Untracked 
|  61|0x0000000608c00000, 0x0000000608c00000, 0x0000000608e00000|  0%| F|  |TAMS 0x0000000608c00000, 0x0000000608c00000| Untracked 
|  62|0x0000000608e00000, 0x0000000608e00000, 0x0000000609000000|  0%| F|  |TAMS 0x0000000608e00000, 0x0000000608e00000| Untracked 
|  63|0x0000000609000000, 0x0000000609000000, 0x0000000609200000|  0%| F|  |TAMS 0x0000000609000000, 0x0000000609000000| Untracked 
|  64|0x0000000609200000, 0x0000000609200000, 0x0000000609400000|  0%| F|  |TAMS 0x0000000609200000, 0x0000000609200000| Untracked 
|  65|0x0000000609400000, 0x0000000609400000, 0x0000000609600000|  0%| F|  |TAMS 0x0000000609400000, 0x0000000609400000| Untracked 
|  66|0x0000000609600000, 0x0000000609600000, 0x0000000609800000|  0%| F|  |TAMS 0x0000000609600000, 0x0000000609600000| Untracked 
|  67|0x0000000609800000, 0x0000000609800000, 0x0000000609a00000|  0%| F|  |TAMS 0x0000000609800000, 0x0000000609800000| Untracked 
|  68|0x0000000609a00000, 0x0000000609a00000, 0x0000000609c00000|  0%| F|  |TAMS 0x0000000609a00000, 0x0000000609a00000| Untracked 
|  69|0x0000000609c00000, 0x0000000609c00000, 0x0000000609e00000|  0%| F|  |TAMS 0x0000000609c00000, 0x0000000609c00000| Untracked 
|  70|0x0000000609e00000, 0x0000000609e00000, 0x000000060a000000|  0%| F|  |TAMS 0x0000000609e00000, 0x0000000609e00000| Untracked 
|  71|0x000000060a000000, 0x000000060a000000, 0x000000060a200000|  0%| F|  |TAMS 0x000000060a000000, 0x000000060a000000| Untracked 
|  72|0x000000060a200000, 0x000000060a200000, 0x000000060a400000|  0%| F|  |TAMS 0x000000060a200000, 0x000000060a200000| Untracked 
|  73|0x000000060a400000, 0x000000060a400000, 0x000000060a600000|  0%| F|  |TAMS 0x000000060a400000, 0x000000060a400000| Untracked 
|  74|0x000000060a600000, 0x000000060a600000, 0x000000060a800000|  0%| F|  |TAMS 0x000000060a600000, 0x000000060a600000| Untracked 
|  75|0x000000060a800000, 0x000000060a800000, 0x000000060aa00000|  0%| F|  |TAMS 0x000000060a800000, 0x000000060a800000| Untracked 
|  76|0x000000060aa00000, 0x000000060aa00000, 0x000000060ac00000|  0%| F|  |TAMS 0x000000060aa00000, 0x000000060aa00000| Untracked 
|  77|0x000000060ac00000, 0x000000060ac00000, 0x000000060ae00000|  0%| F|  |TAMS 0x000000060ac00000, 0x000000060ac00000| Untracked 
|  78|0x000000060ae00000, 0x000000060ae00000, 0x000000060b000000|  0%| F|  |TAMS 0x000000060ae00000, 0x000000060ae00000| Untracked 
|  79|0x000000060b000000, 0x000000060b000000, 0x000000060b200000|  0%| F|  |TAMS 0x000000060b000000, 0x000000060b000000| Untracked 
|  80|0x000000060b200000, 0x000000060b200000, 0x000000060b400000|  0%| F|  |TAMS 0x000000060b200000, 0x000000060b200000| Untracked 
|  81|0x000000060b400000, 0x000000060b400000, 0x000000060b600000|  0%| F|  |TAMS 0x000000060b400000, 0x000000060b400000| Untracked 
|  82|0x000000060b600000, 0x000000060b600000, 0x000000060b800000|  0%| F|  |TAMS 0x000000060b600000, 0x000000060b600000| Untracked 
|  83|0x000000060b800000, 0x000000060b800000, 0x000000060ba00000|  0%| F|  |TAMS 0x000000060b800000, 0x000000060b800000| Untracked 
|  84|0x000000060ba00000, 0x000000060ba00000, 0x000000060bc00000|  0%| F|  |TAMS 0x000000060ba00000, 0x000000060ba00000| Untracked 
|  85|0x000000060bc00000, 0x000000060bc00000, 0x000000060be00000|  0%| F|  |TAMS 0x000000060bc00000, 0x000000060bc00000| Untracked 
|  86|0x000000060be00000, 0x000000060be00000, 0x000000060c000000|  0%| F|  |TAMS 0x000000060be00000, 0x000000060be00000| Untracked 
|  87|0x000000060c000000, 0x000000060c000000, 0x000000060c200000|  0%| F|  |TAMS 0x000000060c000000, 0x000000060c000000| Untracked 
|  88|0x000000060c200000, 0x000000060c200000, 0x000000060c400000|  0%| F|  |TAMS 0x000000060c200000, 0x000000060c200000| Untracked 
|  89|0x000000060c400000, 0x000000060c400000, 0x000000060c600000|  0%| F|  |TAMS 0x000000060c400000, 0x000000060c400000| Untracked 
|  90|0x000000060c600000, 0x000000060c600000, 0x000000060c800000|  0%| F|  |TAMS 0x000000060c600000, 0x000000060c600000| Untracked 
|  91|0x000000060c800000, 0x000000060c800000, 0x000000060ca00000|  0%| F|  |TAMS 0x000000060c800000, 0x000000060c800000| Untracked 
|  92|0x000000060ca00000, 0x000000060ca00000, 0x000000060cc00000|  0%| F|  |TAMS 0x000000060ca00000, 0x000000060ca00000| Untracked 
|  93|0x000000060cc00000, 0x000000060cc00000, 0x000000060ce00000|  0%| F|  |TAMS 0x000000060cc00000, 0x000000060cc00000| Untracked 
|  94|0x000000060ce00000, 0x000000060ce00000, 0x000000060d000000|  0%| F|  |TAMS 0x000000060ce00000, 0x000000060ce00000| Untracked 
|  95|0x000000060d000000, 0x000000060d000000, 0x000000060d200000|  0%| F|  |TAMS 0x000000060d000000, 0x000000060d000000| Untracked 
|  96|0x000000060d200000, 0x000000060d200000, 0x000000060d400000|  0%| F|  |TAMS 0x000000060d200000, 0x000000060d200000| Untracked 
|  97|0x000000060d400000, 0x000000060d400000, 0x000000060d600000|  0%| F|  |TAMS 0x000000060d400000, 0x000000060d400000| Untracked 
|  98|0x000000060d600000, 0x000000060d600000, 0x000000060d800000|  0%| F|  |TAMS 0x000000060d600000, 0x000000060d600000| Untracked 
|  99|0x000000060d800000, 0x000000060d800000, 0x000000060da00000|  0%| F|  |TAMS 0x000000060d800000, 0x000000060d800000| Untracked 
| 100|0x000000060da00000, 0x000000060da00000, 0x000000060dc00000|  0%| F|  |TAMS 0x000000060da00000, 0x000000060da00000| Untracked 
| 101|0x000000060dc00000, 0x000000060dc00000, 0x000000060de00000|  0%| F|  |TAMS 0x000000060dc00000, 0x000000060dc00000| Untracked 
| 102|0x000000060de00000, 0x000000060de00000, 0x000000060e000000|  0%| F|  |TAMS 0x000000060de00000, 0x000000060de00000| Untracked 
| 103|0x000000060e000000, 0x000000060e000000, 0x000000060e200000|  0%| F|  |TAMS 0x000000060e000000, 0x000000060e000000| Untracked 
| 104|0x000000060e200000, 0x000000060e200000, 0x000000060e400000|  0%| F|  |TAMS 0x000000060e200000, 0x000000060e200000| Untracked 
| 105|0x000000060e400000, 0x000000060e400000, 0x000000060e600000|  0%| F|  |TAMS 0x000000060e400000, 0x000000060e400000| Untracked 
| 106|0x000000060e600000, 0x000000060e600000, 0x000000060e800000|  0%| F|  |TAMS 0x000000060e600000, 0x000000060e600000| Untracked 
| 107|0x000000060e800000, 0x000000060e800000, 0x000000060ea00000|  0%| F|  |TAMS 0x000000060e800000, 0x000000060e800000| Untracked 
| 108|0x000000060ea00000, 0x000000060ea00000, 0x000000060ec00000|  0%| F|  |TAMS 0x000000060ea00000, 0x000000060ea00000| Untracked 
| 109|0x000000060ec00000, 0x000000060ec00000, 0x000000060ee00000|  0%| F|  |TAMS 0x000000060ec00000, 0x000000060ec00000| Untracked 
| 110|0x000000060ee00000, 0x000000060ee00000, 0x000000060f000000|  0%| F|  |TAMS 0x000000060ee00000, 0x000000060ee00000| Untracked 
| 111|0x000000060f000000, 0x000000060f000000, 0x000000060f200000|  0%| F|  |TAMS 0x000000060f000000, 0x000000060f000000| Untracked 
| 112|0x000000060f200000, 0x000000060f200000, 0x000000060f400000|  0%| F|  |TAMS 0x000000060f200000, 0x000000060f200000| Untracked 
| 113|0x000000060f400000, 0x000000060f400000, 0x000000060f600000|  0%| F|  |TAMS 0x000000060f400000, 0x000000060f400000| Untracked 
| 114|0x000000060f600000, 0x000000060f600000, 0x000000060f800000|  0%| F|  |TAMS 0x000000060f600000, 0x000000060f600000| Untracked 
| 115|0x000000060f800000, 0x000000060f800000, 0x000000060fa00000|  0%| F|  |TAMS 0x000000060f800000, 0x000000060f800000| Untracked 
| 116|0x000000060fa00000, 0x000000060fa00000, 0x000000060fc00000|  0%| F|  |TAMS 0x000000060fa00000, 0x000000060fa00000| Untracked 
| 117|0x000000060fc00000, 0x000000060fc00000, 0x000000060fe00000|  0%| F|  |TAMS 0x000000060fc00000, 0x000000060fc00000| Untracked 
| 118|0x000000060fe00000, 0x000000060fe00000, 0x0000000610000000|  0%| F|  |TAMS 0x000000060fe00000, 0x000000060fe00000| Untracked 
| 119|0x0000000610000000, 0x0000000610000000, 0x0000000610200000|  0%| F|  |TAMS 0x0000000610000000, 0x0000000610000000| Untracked 
| 120|0x0000000610200000, 0x0000000610200000, 0x0000000610400000|  0%| F|  |TAMS 0x0000000610200000, 0x0000000610200000| Untracked 
| 121|0x0000000610400000, 0x0000000610400000, 0x0000000610600000|  0%| F|  |TAMS 0x0000000610400000, 0x0000000610400000| Untracked 
| 122|0x0000000610600000, 0x0000000610600000, 0x0000000610800000|  0%| F|  |TAMS 0x0000000610600000, 0x0000000610600000| Untracked 
| 123|0x0000000610800000, 0x0000000610800000, 0x0000000610a00000|  0%| F|  |TAMS 0x0000000610800000, 0x0000000610800000| Untracked 
| 124|0x0000000610a00000, 0x0000000610a00000, 0x0000000610c00000|  0%| F|  |TAMS 0x0000000610a00000, 0x0000000610a00000| Untracked 
| 125|0x0000000610c00000, 0x0000000610c00000, 0x0000000610e00000|  0%| F|  |TAMS 0x0000000610c00000, 0x0000000610c00000| Untracked 
| 126|0x0000000610e00000, 0x0000000610e00000, 0x0000000611000000|  0%| F|  |TAMS 0x0000000610e00000, 0x0000000610e00000| Untracked 
| 127|0x0000000611000000, 0x0000000611000000, 0x0000000611200000|  0%| F|  |TAMS 0x0000000611000000, 0x0000000611000000| Untracked 
| 128|0x0000000611200000, 0x0000000611200000, 0x0000000611400000|  0%| F|  |TAMS 0x0000000611200000, 0x0000000611200000| Untracked 
| 129|0x0000000611400000, 0x0000000611400000, 0x0000000611600000|  0%| F|  |TAMS 0x0000000611400000, 0x0000000611400000| Untracked 
| 130|0x0000000611600000, 0x0000000611600000, 0x0000000611800000|  0%| F|  |TAMS 0x0000000611600000, 0x0000000611600000| Untracked 
| 131|0x0000000611800000, 0x0000000611800000, 0x0000000611a00000|  0%| F|  |TAMS 0x0000000611800000, 0x0000000611800000| Untracked 
| 132|0x0000000611a00000, 0x0000000611a00000, 0x0000000611c00000|  0%| F|  |TAMS 0x0000000611a00000, 0x0000000611a00000| Untracked 
| 133|0x0000000611c00000, 0x0000000611c00000, 0x0000000611e00000|  0%| F|  |TAMS 0x0000000611c00000, 0x0000000611c00000| Untracked 
| 134|0x0000000611e00000, 0x0000000611e00000, 0x0000000612000000|  0%| F|  |TAMS 0x0000000611e00000, 0x0000000611e00000| Untracked 
| 135|0x0000000612000000, 0x0000000612000000, 0x0000000612200000|  0%| F|  |TAMS 0x0000000612000000, 0x0000000612000000| Untracked 
| 136|0x0000000612200000, 0x0000000612200000, 0x0000000612400000|  0%| F|  |TAMS 0x0000000612200000, 0x0000000612200000| Untracked 
| 137|0x0000000612400000, 0x0000000612400000, 0x0000000612600000|  0%| F|  |TAMS 0x0000000612400000, 0x0000000612400000| Untracked 
| 138|0x0000000612600000, 0x0000000612600000, 0x0000000612800000|  0%| F|  |TAMS 0x0000000612600000, 0x0000000612600000| Untracked 
| 139|0x0000000612800000, 0x0000000612800000, 0x0000000612a00000|  0%| F|  |TAMS 0x0000000612800000, 0x0000000612800000| Untracked 
| 140|0x0000000612a00000, 0x0000000612a00000, 0x0000000612c00000|  0%| F|  |TAMS 0x0000000612a00000, 0x0000000612a00000| Untracked 
| 141|0x0000000612c00000, 0x0000000612c00000, 0x0000000612e00000|  0%| F|  |TAMS 0x0000000612c00000, 0x0000000612c00000| Untracked 
| 142|0x0000000612e00000, 0x0000000612e00000, 0x0000000613000000|  0%| F|  |TAMS 0x0000000612e00000, 0x0000000612e00000| Untracked 
| 143|0x0000000613000000, 0x0000000613000000, 0x0000000613200000|  0%| F|  |TAMS 0x0000000613000000, 0x0000000613000000| Untracked 
| 144|0x0000000613200000, 0x0000000613200000, 0x0000000613400000|  0%| F|  |TAMS 0x0000000613200000, 0x0000000613200000| Untracked 
| 145|0x0000000613400000, 0x0000000613400000, 0x0000000613600000|  0%| F|  |TAMS 0x0000000613400000, 0x0000000613400000| Untracked 
| 146|0x0000000613600000, 0x0000000613600000, 0x0000000613800000|  0%| F|  |TAMS 0x0000000613600000, 0x0000000613600000| Untracked 
| 147|0x0000000613800000, 0x0000000613800000, 0x0000000613a00000|  0%| F|  |TAMS 0x0000000613800000, 0x0000000613800000| Untracked 
| 148|0x0000000613a00000, 0x0000000613a00000, 0x0000000613c00000|  0%| F|  |TAMS 0x0000000613a00000, 0x0000000613a00000| Untracked 
| 149|0x0000000613c00000, 0x0000000613c00000, 0x0000000613e00000|  0%| F|  |TAMS 0x0000000613c00000, 0x0000000613c00000| Untracked 
| 150|0x0000000613e00000, 0x0000000613e00000, 0x0000000614000000|  0%| F|  |TAMS 0x0000000613e00000, 0x0000000613e00000| Untracked 
| 151|0x0000000614000000, 0x0000000614000000, 0x0000000614200000|  0%| F|  |TAMS 0x0000000614000000, 0x0000000614000000| Untracked 
| 152|0x0000000614200000, 0x0000000614200000, 0x0000000614400000|  0%| F|  |TAMS 0x0000000614200000, 0x0000000614200000| Untracked 
| 153|0x0000000614400000, 0x0000000614400000, 0x0000000614600000|  0%| F|  |TAMS 0x0000000614400000, 0x0000000614400000| Untracked 
| 154|0x0000000614600000, 0x0000000614600000, 0x0000000614800000|  0%| F|  |TAMS 0x0000000614600000, 0x0000000614600000| Untracked 
| 155|0x0000000614800000, 0x0000000614800000, 0x0000000614a00000|  0%| F|  |TAMS 0x0000000614800000, 0x0000000614800000| Untracked 
| 156|0x0000000614a00000, 0x0000000614a00000, 0x0000000614c00000|  0%| F|  |TAMS 0x0000000614a00000, 0x0000000614a00000| Untracked 
| 157|0x0000000614c00000, 0x0000000614c00000, 0x0000000614e00000|  0%| F|  |TAMS 0x0000000614c00000, 0x0000000614c00000| Untracked 
| 158|0x0000000614e00000, 0x0000000614e00000, 0x0000000615000000|  0%| F|  |TAMS 0x0000000614e00000, 0x0000000614e00000| Untracked 
| 159|0x0000000615000000, 0x0000000615000000, 0x0000000615200000|  0%| F|  |TAMS 0x0000000615000000, 0x0000000615000000| Untracked 
| 160|0x0000000615200000, 0x0000000615200000, 0x0000000615400000|  0%| F|  |TAMS 0x0000000615200000, 0x0000000615200000| Untracked 
| 161|0x0000000615400000, 0x0000000615400000, 0x0000000615600000|  0%| F|  |TAMS 0x0000000615400000, 0x0000000615400000| Untracked 
| 162|0x0000000615600000, 0x0000000615600000, 0x0000000615800000|  0%| F|  |TAMS 0x0000000615600000, 0x0000000615600000| Untracked 
| 163|0x0000000615800000, 0x0000000615800000, 0x0000000615a00000|  0%| F|  |TAMS 0x0000000615800000, 0x0000000615800000| Untracked 
| 164|0x0000000615a00000, 0x0000000615a00000, 0x0000000615c00000|  0%| F|  |TAMS 0x0000000615a00000, 0x0000000615a00000| Untracked 
| 165|0x0000000615c00000, 0x0000000615c00000, 0x0000000615e00000|  0%| F|  |TAMS 0x0000000615c00000, 0x0000000615c00000| Untracked 
| 166|0x0000000615e00000, 0x0000000615e00000, 0x0000000616000000|  0%| F|  |TAMS 0x0000000615e00000, 0x0000000615e00000| Untracked 
| 167|0x0000000616000000, 0x0000000616000000, 0x0000000616200000|  0%| F|  |TAMS 0x0000000616000000, 0x0000000616000000| Untracked 
| 168|0x0000000616200000, 0x0000000616200000, 0x0000000616400000|  0%| F|  |TAMS 0x0000000616200000, 0x0000000616200000| Untracked 
| 169|0x0000000616400000, 0x0000000616400000, 0x0000000616600000|  0%| F|  |TAMS 0x0000000616400000, 0x0000000616400000| Untracked 
| 170|0x0000000616600000, 0x0000000616600000, 0x0000000616800000|  0%| F|  |TAMS 0x0000000616600000, 0x0000000616600000| Untracked 
| 171|0x0000000616800000, 0x0000000616800000, 0x0000000616a00000|  0%| F|  |TAMS 0x0000000616800000, 0x0000000616800000| Untracked 
| 172|0x0000000616a00000, 0x0000000616a00000, 0x0000000616c00000|  0%| F|  |TAMS 0x0000000616a00000, 0x0000000616a00000| Untracked 
| 173|0x0000000616c00000, 0x0000000616c00000, 0x0000000616e00000|  0%| F|  |TAMS 0x0000000616c00000, 0x0000000616c00000| Untracked 
| 174|0x0000000616e00000, 0x0000000616e00000, 0x0000000617000000|  0%| F|  |TAMS 0x0000000616e00000, 0x0000000616e00000| Untracked 
| 175|0x0000000617000000, 0x0000000617000000, 0x0000000617200000|  0%| F|  |TAMS 0x0000000617000000, 0x0000000617000000| Untracked 
| 176|0x0000000617200000, 0x0000000617200000, 0x0000000617400000|  0%| F|  |TAMS 0x0000000617200000, 0x0000000617200000| Untracked 
| 177|0x0000000617400000, 0x0000000617400000, 0x0000000617600000|  0%| F|  |TAMS 0x0000000617400000, 0x0000000617400000| Untracked 
| 178|0x0000000617600000, 0x0000000617600000, 0x0000000617800000|  0%| F|  |TAMS 0x0000000617600000, 0x0000000617600000| Untracked 
| 179|0x0000000617800000, 0x0000000617800000, 0x0000000617a00000|  0%| F|  |TAMS 0x0000000617800000, 0x0000000617800000| Untracked 
| 180|0x0000000617a00000, 0x0000000617a00000, 0x0000000617c00000|  0%| F|  |TAMS 0x0000000617a00000, 0x0000000617a00000| Untracked 
| 181|0x0000000617c00000, 0x0000000617c00000, 0x0000000617e00000|  0%| F|  |TAMS 0x0000000617c00000, 0x0000000617c00000| Untracked 
| 182|0x0000000617e00000, 0x0000000617e00000, 0x0000000618000000|  0%| F|  |TAMS 0x0000000617e00000, 0x0000000617e00000| Untracked 
| 183|0x0000000618000000, 0x0000000618000000, 0x0000000618200000|  0%| F|  |TAMS 0x0000000618000000, 0x0000000618000000| Untracked 
| 184|0x0000000618200000, 0x0000000618200000, 0x0000000618400000|  0%| F|  |TAMS 0x0000000618200000, 0x0000000618200000| Untracked 
| 185|0x0000000618400000, 0x0000000618400000, 0x0000000618600000|  0%| F|  |TAMS 0x0000000618400000, 0x0000000618400000| Untracked 
| 186|0x0000000618600000, 0x0000000618600000, 0x0000000618800000|  0%| F|  |TAMS 0x0000000618600000, 0x0000000618600000| Untracked 
| 187|0x0000000618800000, 0x0000000618800000, 0x0000000618a00000|  0%| F|  |TAMS 0x0000000618800000, 0x0000000618800000| Untracked 
| 188|0x0000000618a00000, 0x0000000618a00000, 0x0000000618c00000|  0%| F|  |TAMS 0x0000000618a00000, 0x0000000618a00000| Untracked 
| 189|0x0000000618c00000, 0x0000000618c00000, 0x0000000618e00000|  0%| F|  |TAMS 0x0000000618c00000, 0x0000000618c00000| Untracked 
| 190|0x0000000618e00000, 0x0000000618e00000, 0x0000000619000000|  0%| F|  |TAMS 0x0000000618e00000, 0x0000000618e00000| Untracked 
| 191|0x0000000619000000, 0x0000000619000000, 0x0000000619200000|  0%| F|  |TAMS 0x0000000619000000, 0x0000000619000000| Untracked 
| 192|0x0000000619200000, 0x0000000619200000, 0x0000000619400000|  0%| F|  |TAMS 0x0000000619200000, 0x0000000619200000| Untracked 
| 193|0x0000000619400000, 0x0000000619400000, 0x0000000619600000|  0%| F|  |TAMS 0x0000000619400000, 0x0000000619400000| Untracked 
| 194|0x0000000619600000, 0x0000000619600000, 0x0000000619800000|  0%| F|  |TAMS 0x0000000619600000, 0x0000000619600000| Untracked 
| 195|0x0000000619800000, 0x0000000619800000, 0x0000000619a00000|  0%| F|  |TAMS 0x0000000619800000, 0x0000000619800000| Untracked 
| 196|0x0000000619a00000, 0x0000000619a00000, 0x0000000619c00000|  0%| F|  |TAMS 0x0000000619a00000, 0x0000000619a00000| Untracked 
| 197|0x0000000619c00000, 0x0000000619c00000, 0x0000000619e00000|  0%| F|  |TAMS 0x0000000619c00000, 0x0000000619c00000| Untracked 
| 198|0x0000000619e00000, 0x0000000619e00000, 0x000000061a000000|  0%| F|  |TAMS 0x0000000619e00000, 0x0000000619e00000| Untracked 
| 199|0x000000061a000000, 0x000000061a000000, 0x000000061a200000|  0%| F|  |TAMS 0x000000061a000000, 0x000000061a000000| Untracked 
| 200|0x000000061a200000, 0x000000061a200000, 0x000000061a400000|  0%| F|  |TAMS 0x000000061a200000, 0x000000061a200000| Untracked 
| 201|0x000000061a400000, 0x000000061a400000, 0x000000061a600000|  0%| F|  |TAMS 0x000000061a400000, 0x000000061a400000| Untracked 
| 202|0x000000061a600000, 0x000000061a600000, 0x000000061a800000|  0%| F|  |TAMS 0x000000061a600000, 0x000000061a600000| Untracked 
| 203|0x000000061a800000, 0x000000061a800000, 0x000000061aa00000|  0%| F|  |TAMS 0x000000061a800000, 0x000000061a800000| Untracked 
| 204|0x000000061aa00000, 0x000000061aa00000, 0x000000061ac00000|  0%| F|  |TAMS 0x000000061aa00000, 0x000000061aa00000| Untracked 
| 205|0x000000061ac00000, 0x000000061ac00000, 0x000000061ae00000|  0%| F|  |TAMS 0x000000061ac00000, 0x000000061ac00000| Untracked 
| 206|0x000000061ae00000, 0x000000061ae00000, 0x000000061b000000|  0%| F|  |TAMS 0x000000061ae00000, 0x000000061ae00000| Untracked 
| 207|0x000000061b000000, 0x000000061b000000, 0x000000061b200000|  0%| F|  |TAMS 0x000000061b000000, 0x000000061b000000| Untracked 
| 208|0x000000061b200000, 0x000000061b200000, 0x000000061b400000|  0%| F|  |TAMS 0x000000061b200000, 0x000000061b200000| Untracked 
| 209|0x000000061b400000, 0x000000061b400000, 0x000000061b600000|  0%| F|  |TAMS 0x000000061b400000, 0x000000061b400000| Untracked 
| 210|0x000000061b600000, 0x000000061b600000, 0x000000061b800000|  0%| F|  |TAMS 0x000000061b600000, 0x000000061b600000| Untracked 
| 211|0x000000061b800000, 0x000000061b800000, 0x000000061ba00000|  0%| F|  |TAMS 0x000000061b800000, 0x000000061b800000| Untracked 
| 212|0x000000061ba00000, 0x000000061ba00000, 0x000000061bc00000|  0%| F|  |TAMS 0x000000061ba00000, 0x000000061ba00000| Untracked 
| 213|0x000000061bc00000, 0x000000061bc00000, 0x000000061be00000|  0%| F|  |TAMS 0x000000061bc00000, 0x000000061bc00000| Untracked 
| 214|0x000000061be00000, 0x000000061be00000, 0x000000061c000000|  0%| F|  |TAMS 0x000000061be00000, 0x000000061be00000| Untracked 
| 215|0x000000061c000000, 0x000000061c000000, 0x000000061c200000|  0%| F|  |TAMS 0x000000061c000000, 0x000000061c000000| Untracked 
| 216|0x000000061c200000, 0x000000061c200000, 0x000000061c400000|  0%| F|  |TAMS 0x000000061c200000, 0x000000061c200000| Untracked 
| 217|0x000000061c400000, 0x000000061c400000, 0x000000061c600000|  0%| F|  |TAMS 0x000000061c400000, 0x000000061c400000| Untracked 
| 218|0x000000061c600000, 0x000000061c600000, 0x000000061c800000|  0%| F|  |TAMS 0x000000061c600000, 0x000000061c600000| Untracked 
| 219|0x000000061c800000, 0x000000061c800000, 0x000000061ca00000|  0%| F|  |TAMS 0x000000061c800000, 0x000000061c800000| Untracked 
| 220|0x000000061ca00000, 0x000000061cbf95e0, 0x000000061cc00000| 98%| S|CS|TAMS 0x000000061ca00000, 0x000000061ca00000| Complete 
| 221|0x000000061cc00000, 0x000000061ce00000, 0x000000061ce00000|100%| S|CS|TAMS 0x000000061cc00000, 0x000000061cc00000| Complete 
| 222|0x000000061ce00000, 0x000000061ce00000, 0x000000061d000000|  0%| F|  |TAMS 0x000000061ce00000, 0x000000061ce00000| Untracked 
| 223|0x000000061d000000, 0x000000061d000000, 0x000000061d200000|  0%| F|  |TAMS 0x000000061d000000, 0x000000061d000000| Untracked 
| 224|0x000000061d200000, 0x000000061d200000, 0x000000061d400000|  0%| F|  |TAMS 0x000000061d200000, 0x000000061d200000| Untracked 
| 225|0x000000061d400000, 0x000000061d400000, 0x000000061d600000|  0%| F|  |TAMS 0x000000061d400000, 0x000000061d400000| Untracked 
| 226|0x000000061d600000, 0x000000061d600000, 0x000000061d800000|  0%| F|  |TAMS 0x000000061d600000, 0x000000061d600000| Untracked 
| 227|0x000000061d800000, 0x000000061d800000, 0x000000061da00000|  0%| F|  |TAMS 0x000000061d800000, 0x000000061d800000| Untracked 
| 228|0x000000061da00000, 0x000000061da00000, 0x000000061dc00000|  0%| F|  |TAMS 0x000000061da00000, 0x000000061da00000| Untracked 
| 229|0x000000061dc00000, 0x000000061dc00000, 0x000000061de00000|  0%| F|  |TAMS 0x000000061dc00000, 0x000000061dc00000| Untracked 
| 230|0x000000061de00000, 0x000000061de00000, 0x000000061e000000|  0%| F|  |TAMS 0x000000061de00000, 0x000000061de00000| Untracked 
| 231|0x000000061e000000, 0x000000061e000000, 0x000000061e200000|  0%| F|  |TAMS 0x000000061e000000, 0x000000061e000000| Untracked 
| 232|0x000000061e200000, 0x000000061e200000, 0x000000061e400000|  0%| F|  |TAMS 0x000000061e200000, 0x000000061e200000| Untracked 
| 233|0x000000061e400000, 0x000000061e400000, 0x000000061e600000|  0%| F|  |TAMS 0x000000061e400000, 0x000000061e400000| Untracked 
| 234|0x000000061e600000, 0x000000061e800000, 0x000000061e800000|100%| E|  |TAMS 0x000000061e600000, 0x000000061e600000| Complete 
| 235|0x000000061e800000, 0x000000061ea00000, 0x000000061ea00000|100%| E|CS|TAMS 0x000000061e800000, 0x000000061e800000| Complete 
| 236|0x000000061ea00000, 0x000000061ec00000, 0x000000061ec00000|100%| E|CS|TAMS 0x000000061ea00000, 0x000000061ea00000| Complete 
| 237|0x000000061ec00000, 0x000000061ee00000, 0x000000061ee00000|100%| E|CS|TAMS 0x000000061ec00000, 0x000000061ec00000| Complete 
| 238|0x000000061ee00000, 0x000000061f000000, 0x000000061f000000|100%| E|  |TAMS 0x000000061ee00000, 0x000000061ee00000| Complete 
| 239|0x000000061f000000, 0x000000061f200000, 0x000000061f200000|100%| E|CS|TAMS 0x000000061f000000, 0x000000061f000000| Complete 
| 240|0x000000061f200000, 0x000000061f400000, 0x000000061f400000|100%| E|CS|TAMS 0x000000061f200000, 0x000000061f200000| Complete 
| 241|0x000000061f400000, 0x000000061f600000, 0x000000061f600000|100%| E|CS|TAMS 0x000000061f400000, 0x000000061f400000| Complete 
| 242|0x000000061f600000, 0x000000061f800000, 0x000000061f800000|100%| E|CS|TAMS 0x000000061f600000, 0x000000061f600000| Complete 
| 243|0x000000061f800000, 0x000000061fa00000, 0x000000061fa00000|100%| E|CS|TAMS 0x000000061f800000, 0x000000061f800000| Complete 
| 244|0x000000061fa00000, 0x000000061fc00000, 0x000000061fc00000|100%| E|CS|TAMS 0x000000061fa00000, 0x000000061fa00000| Complete 
| 245|0x000000061fc00000, 0x000000061fe00000, 0x000000061fe00000|100%| E|CS|TAMS 0x000000061fc00000, 0x000000061fc00000| Complete 
| 246|0x000000061fe00000, 0x0000000620000000, 0x0000000620000000|100%| E|CS|TAMS 0x000000061fe00000, 0x000000061fe00000| Complete 
| 247|0x0000000620000000, 0x0000000620200000, 0x0000000620200000|100%| E|CS|TAMS 0x0000000620000000, 0x0000000620000000| Complete 
| 248|0x0000000620200000, 0x0000000620400000, 0x0000000620400000|100%| E|CS|TAMS 0x0000000620200000, 0x0000000620200000| Complete 
| 249|0x0000000620400000, 0x0000000620600000, 0x0000000620600000|100%| E|CS|TAMS 0x0000000620400000, 0x0000000620400000| Complete 
| 250|0x0000000620600000, 0x0000000620800000, 0x0000000620800000|100%| E|CS|TAMS 0x0000000620600000, 0x0000000620600000| Complete 
| 251|0x0000000620800000, 0x0000000620a00000, 0x0000000620a00000|100%| E|CS|TAMS 0x0000000620800000, 0x0000000620800000| Complete 
| 252|0x0000000620a00000, 0x0000000620c00000, 0x0000000620c00000|100%| E|CS|TAMS 0x0000000620a00000, 0x0000000620a00000| Complete 
| 253|0x0000000620c00000, 0x0000000620e00000, 0x0000000620e00000|100%| E|CS|TAMS 0x0000000620c00000, 0x0000000620c00000| Complete 
| 254|0x0000000620e00000, 0x0000000621000000, 0x0000000621000000|100%| E|CS|TAMS 0x0000000620e00000, 0x0000000620e00000| Complete 
| 255|0x0000000621000000, 0x0000000621200000, 0x0000000621200000|100%| E|CS|TAMS 0x0000000621000000, 0x0000000621000000| Complete 

Card table byte_map: [0x000001eb34d80000,0x000001eb35d80000] _byte_map_base: 0x000001eb31d77000

Marking Bits (Prev, Next): (CMBitMap*) 0x000001eb19c4bb60, (CMBitMap*) 0x000001eb19c4bb28
 Prev Bits: [0x000001eb3ed40000, 0x000001eb46cf8000)
 Next Bits: [0x000001eb36d80000, 0x000001eb3ed38000)

Polling page: 0x000001eb19960000

Metaspace:

Usage:
  Non-class:     30.43 MB capacity,    30.08 MB ( 99%) used,   282.07 KB ( <1%) free+waste,    75.63 KB ( <1%) overhead. 
      Class:      3.89 MB capacity,     3.67 MB ( 94%) used,   198.73 KB (  5%) free+waste,    32.81 KB ( <1%) overhead. 
       Both:     34.32 MB capacity,    33.74 MB ( 98%) used,   480.80 KB (  1%) free+waste,   108.44 KB ( <1%) overhead. 

Virtual space:
  Non-class space:       32.00 MB reserved,      30.50 MB ( 95%) committed 
      Class space:        1.00 GB reserved,       4.00 MB ( <1%) committed 
             Both:        1.03 GB reserved,      34.50 MB (  3%) committed 

Chunk freelists:
   Non-Class:  76.00 KB
       Class:  0 bytes
        Both:  76.00 KB

MaxMetaspaceSize: 17179869184.00 GB
CompressedClassSpaceSize: 1.00 GB

CodeHeap 'non-profiled nmethods': size=119168Kb used=1455Kb max_used=1455Kb free=117712Kb
 bounds [0x000001eb2b960000, 0x000001eb2bbd0000, 0x000001eb32dc0000]
CodeHeap 'profiled nmethods': size=119168Kb used=10919Kb max_used=10919Kb free=108248Kb
 bounds [0x000001eb24500000, 0x000001eb24fb0000, 0x000001eb2b960000]
CodeHeap 'non-nmethods': size=7424Kb used=2246Kb max_used=3377Kb free=5177Kb
 bounds [0x000001eb23dc0000, 0x000001eb24140000, 0x000001eb24500000]
 total_blobs=5336 nmethods=3845 adapters=614
 compilation: enabled
              stopped_count=0, restarted_count=0
 full_count=0

Compilation events (20 events):
Event: 7.420 Thread 0x000001eb49fd2800 nmethod 3833 0x000001eb2bac9e90 code [0x000001eb2baca020, 0x000001eb2baca158]
Event: 7.420 Thread 0x000001eb4a11f000 nmethod 3832 0x000001eb24fa6590 code [0x000001eb24fa6740, 0x000001eb24fa6a58]
Event: 7.491 Thread 0x000001eb49fd2800 3835       3       jdk.internal.org.objectweb.asm.MethodWriter::startFrame (55 bytes)
Event: 7.491 Thread 0x000001eb4a11f000 3836       3       jdk.internal.org.objectweb.asm.MethodWriter::endFrame (53 bytes)
Event: 7.491 Thread 0x000001eb49fd2800 nmethod 3835 0x000001eb24fa6b90 code [0x000001eb24fa6d40, 0x000001eb24fa70f8]
Event: 7.491 Thread 0x000001eb4a11f000 nmethod 3836 0x000001eb24fa7290 code [0x000001eb24fa7460, 0x000001eb24fa7a10]
Event: 7.491 Thread 0x000001eb49fc6000 3838       4       jdk.internal.org.objectweb.asm.MethodWriter::visitVarInsn (300 bytes)
Event: 7.491 Thread 0x000001eb49fd2800 3841       3       java.lang.invoke.MethodHandleNatives::canBeCalledVirtual (93 bytes)
Event: 7.491 Thread 0x000001eb4a11f000 3842       3       jdk.internal.org.objectweb.asm.ClassWriter::visitEnd (1 bytes)
Event: 7.492 Thread 0x000001eb4a11f000 nmethod 3842 0x000001eb24fa7b90 code [0x000001eb24fa7d20, 0x000001eb24fa7e98]
Event: 7.492 Thread 0x000001eb49fd2800 nmethod 3841 0x000001eb24fa7f10 code [0x000001eb24fa8120, 0x000001eb24fa8720]
Event: 7.495 Thread 0x000001eb4a11f000 3844       3       java.lang.String::startsWith (138 bytes)
Event: 7.495 Thread 0x000001eb49fc6000 nmethod 3838 0x000001eb2bacaa10 code [0x000001eb2bacabc0, 0x000001eb2bacb030]
Event: 7.495 Thread 0x000001eb49fc6000 3843       4       java.lang.String::codePointAt (50 bytes)
Event: 7.496 Thread 0x000001eb4a11f000 nmethod 3844 0x000001eb24fa8910 code [0x000001eb24fa8b40, 0x000001eb24fa95b8]
Event: 7.496 Thread 0x000001eb49fd2800 3845       3       okio.Buffer::writeByte (36 bytes)
Event: 7.496 Thread 0x000001eb49fd2800 nmethod 3845 0x000001eb24fa9910 code [0x000001eb24fa9ac0, 0x000001eb24fa9cf0]
Event: 7.496 Thread 0x000001eb49fc6000 nmethod 3843 0x000001eb2bacb310 code [0x000001eb2bacb4a0, 0x000001eb2bacb558]
Event: 7.496 Thread 0x000001eb49fc6000 3846       4       java.lang.StringLatin1::toLowerCase (180 bytes)
Event: 7.500 Thread 0x000001eb49fc6000 nmethod 3846 0x000001eb2bacb610 code [0x000001eb2bacb7c0, 0x000001eb2bacbcb8]

GC Heap History (6 events):
Event: 0.515 GC heap before
{Heap before GC invocations=0 (full 0):
 garbage-first heap   total 524288K, used 22528K [0x0000000601200000, 0x0000000800000000)
  region size 2048K, 12 young (24576K), 0 survivors (0K)
 Metaspace       used 5486K, capacity 6866K, committed 7040K, reserved 1056768K
  class space    used 613K, capacity 778K, committed 896K, reserved 1048576K
}
Event: 0.518 GC heap after
{Heap after GC invocations=1 (full 0):
 garbage-first heap   total 524288K, used 4735K [0x0000000601200000, 0x0000000800000000)
  region size 2048K, 2 young (4096K), 2 survivors (4096K)
 Metaspace       used 5486K, capacity 6866K, committed 7040K, reserved 1056768K
  class space    used 613K, capacity 778K, committed 896K, reserved 1048576K
}
Event: 3.248 GC heap before
{Heap before GC invocations=1 (full 0):
 garbage-first heap   total 524288K, used 74367K [0x0000000601200000, 0x0000000800000000)
  region size 2048K, 37 young (75776K), 2 survivors (4096K)
 Metaspace       used 20775K, capacity 21166K, committed 21248K, reserved 1069056K
  class space    used 2325K, capacity 2493K, committed 2560K, reserved 1048576K
}
Event: 3.256 GC heap after
{Heap after GC invocations=2 (full 0):
 garbage-first heap   total 524288K, used 11858K [0x0000000601200000, 0x0000000800000000)
  region size 2048K, 6 young (12288K), 6 survivors (12288K)
 Metaspace       used 20775K, capacity 21166K, committed 21248K, reserved 1069056K
  class space    used 2325K, capacity 2493K, committed 2560K, reserved 1048576K
}
Event: 4.978 GC heap before
{Heap before GC invocations=3 (full 0):
 garbage-first heap   total 524288K, used 79442K [0x0000000601200000, 0x0000000800000000)
  region size 2048K, 40 young (81920K), 6 survivors (12288K)
 Metaspace       used 32816K, capacity 33349K, committed 33664K, reserved 1079296K
  class space    used 3679K, capacity 3889K, committed 3968K, reserved 1048576K
}
Event: 4.984 GC heap after
{Heap after GC invocations=4 (full 0):
 garbage-first heap   total 524288K, used 15702K [0x0000000601200000, 0x0000000800000000)
  region size 2048K, 2 young (4096K), 2 survivors (4096K)
 Metaspace       used 32816K, capacity 33349K, committed 33664K, reserved 1079296K
  class space    used 3679K, capacity 3889K, committed 3968K, reserved 1048576K
}

Deoptimization events (20 events):
Event: 5.593 Thread 0x000001eb57394800 Uncommon trap: trap_request=0xffffffed fr.pc=0x000001eb2ba97e98 relative=0x00000000000001f8
Event: 5.593 Thread 0x000001eb57394800 Uncommon trap: reason=null_assert_or_unreached0 action=reinterpret pc=0x000001eb2ba97e98 method=gnu.trove.impl.hash.TLongHash.index(J)I @ 0 jvmci
Event: 5.593 Thread 0x000001eb57394800 DEOPT PACKING pc=0x000001eb2ba97e98 sp=0x0000001af40fe8d0
Event: 5.593 Thread 0x000001eb57394800 DEOPT UNPACKING pc=0x000001eb23dfdab1 sp=0x0000001af40fdd40 mode 3
Event: 5.919 Thread 0x000001eb57398800 Uncommon trap: trap_request=0xffffffed fr.pc=0x000001eb2ba40912 relative=0x0000000000000072
Event: 5.919 Thread 0x000001eb57398800 Uncommon trap: reason=null_assert_or_unreached0 action=reinterpret pc=0x000001eb2ba40912 method=java.lang.Character.isWhitespace(C)Z @ 0 jvmci
Event: 5.919 Thread 0x000001eb57398800 DEOPT PACKING pc=0x000001eb2ba40912 sp=0x0000001af46feeb0
Event: 5.919 Thread 0x000001eb57398800 DEOPT UNPACKING pc=0x000001eb23dfdab1 sp=0x0000001af46fe358 mode 3
Event: 5.919 Thread 0x000001eb57398800 Uncommon trap: trap_request=0xffffffed fr.pc=0x000001eb2b974877 relative=0x0000000000000057
Event: 5.919 Thread 0x000001eb57398800 Uncommon trap: reason=null_assert_or_unreached0 action=reinterpret pc=0x000001eb2b974877 method=java.lang.CharacterData.of(I)Ljava/lang/CharacterData; @ 0 jvmci
Event: 5.919 Thread 0x000001eb57398800 DEOPT PACKING pc=0x000001eb2b974877 sp=0x0000001af46fee00
Event: 5.919 Thread 0x000001eb57398800 DEOPT UNPACKING pc=0x000001eb23dfdab1 sp=0x0000001af46fe2a0 mode 3
Event: 7.494 Thread 0x000001eb57394800 Uncommon trap: trap_request=0xffffffed fr.pc=0x000001eb2ba205e8 relative=0x00000000000001c8
Event: 7.494 Thread 0x000001eb57394800 Uncommon trap: reason=null_assert_or_unreached0 action=reinterpret pc=0x000001eb2ba205e8 method=java.lang.String.startsWith(Ljava/lang/String;)Z @ 0 jvmci
Event: 7.494 Thread 0x000001eb57394800 DEOPT PACKING pc=0x000001eb2ba205e8 sp=0x0000001af40fe730
Event: 7.494 Thread 0x000001eb57394800 DEOPT UNPACKING pc=0x000001eb23dfdab1 sp=0x0000001af40fdbd8 mode 3
Event: 7.494 Thread 0x000001eb57394800 Uncommon trap: trap_request=0xffffffed fr.pc=0x000001eb2b9853ed relative=0x00000000000001cd
Event: 7.494 Thread 0x000001eb57394800 Uncommon trap: reason=null_assert_or_unreached0 action=reinterpret pc=0x000001eb2b9853ed method=java.lang.String.startsWith(Ljava/lang/String;I)Z @ 0 jvmci
Event: 7.494 Thread 0x000001eb57394800 DEOPT PACKING pc=0x000001eb2b9853ed sp=0x0000001af40fe6b0
Event: 7.494 Thread 0x000001eb57394800 DEOPT UNPACKING pc=0x000001eb23dfdab1 sp=0x0000001af40fdb30 mode 3

Classes redefined (0 events):
No events

Internal exceptions (20 events):
Event: 3.504 Thread 0x000001eb19bc5000 Implicit null exception at 0x000001eb2b9b6534 to 0x000001eb23dfd81a
Event: 3.627 Thread 0x000001eb19bc5000 Exception <a 'java/lang/NoSuchMethodError'{0x000000061ee11cd0}: 'int java.lang.invoke.DirectMethodHandle$Holder.invokeStatic(java.lang.Object, long)'> (0x000000061ee11cd0) thrown at [./src/hotspot/share/interpreter/linkResolver.cpp, line 773]
Event: 3.627 Thread 0x000001eb19bc5000 Exception <a 'java/lang/NoSuchMethodError'{0x000000061ee14920}: 'int java.lang.invoke.DirectMethodHandle$Holder.invokeStaticInit(java.lang.Object, long)'> (0x000000061ee14920) thrown at [./src/hotspot/share/interpreter/linkResolver.cpp, line 773]
Event: 3.629 Thread 0x000001eb19bc5000 Exception <a 'java/lang/NoSuchMethodError'{0x000000061ee37098}: 'int java.lang.invoke.DirectMethodHandle$Holder.invokeInterface(java.lang.Object, java.lang.Object)'> (0x000000061ee37098) thrown at [./src/hotspot/share/interpreter/linkResolver.cpp, line 773]
Event: 3.629 Thread 0x000001eb19bc5000 Exception <a 'java/lang/NoSuchMethodError'{0x000000061ee405b0}: 'int java.lang.invoke.DirectMethodHandle$Holder.invokeSpecialIFC(java.lang.Object, java.lang.Object, java.lang.Object, java.lang.Object)'> (0x000000061ee405b0) thrown at [./src/hotspot/share/interpreter/linkResolver.cpp, line 773]
Event: 3.690 Thread 0x000001eb19bc5000 Exception <a 'java/lang/NoSuchMethodError'{0x000000061e8e7628}: 'void java.lang.invoke.DirectMethodHandle$Holder.invokeVirtual(java.lang.Object, java.lang.Object)'> (0x000000061e8e7628) thrown at [./src/hotspot/share/interpreter/linkResolver.cpp, line 773]
Event: 3.730 Thread 0x000001eb19bc5000 Exception <a 'java/lang/NoSuchMethodError'{0x000000061e456cf8}: 'int java.lang.invoke.DirectMethodHandle$Holder.invokeVirtual(java.lang.Object, java.lang.Object, java.lang.Object)'> (0x000000061e456cf8) thrown at [./src/hotspot/share/interpreter/linkResolver.cpp, line 773]
Event: 3.733 Thread 0x000001eb19bc5000 Exception <a 'java/lang/NoSuchMethodError'{0x000000061e482508}: 'java.lang.Object java.lang.invoke.DirectMethodHandle$Holder.invokeStatic(java.lang.Object, java.lang.Object, java.lang.Object, int)'> (0x000000061e482508) thrown at [./src/hotspot/share/interpreter/linkResolver.cpp, line 773]
Event: 3.733 Thread 0x000001eb19bc5000 Exception <a 'java/lang/NoSuchMethodError'{0x000000061e485ee8}: 'java.lang.Object java.lang.invoke.DirectMethodHandle$Holder.invokeSpecial(java.lang.Object, java.lang.Object, java.lang.Object, java.lang.Object, int)'> (0x000000061e485ee8) thrown at [./src/hotspot/share/interpreter/linkResolver.cpp, line 773]
Event: 3.733 Thread 0x000001eb19bc5000 Exception <a 'java/lang/NoSuchMethodError'{0x000000061e488f50}: 'java.lang.Object java.lang.invoke.Invokers$Holder.linkToTargetMethod(java.lang.Object, java.lang.Object, int, java.lang.Object)'> (0x000000061e488f50) thrown at [./src/hotspot/share/interpreter/linkResolver.cpp, line 773]
Event: 3.898 Thread 0x000001eb19bc5000 Exception <a 'java/lang/NoSuchMethodError'{0x000000061e4b59c0}: 'org.slf4j.impl.StaticMDCBinder org.slf4j.impl.StaticMDCBinder.getSingleton()'> (0x000000061e4b59c0) thrown at [./src/hotspot/share/interpreter/linkResolver.cpp, line 773]
Event: 4.136 Thread 0x000001eb19bc5000 Exception <a 'java/lang/NoSuchMethodError'{0x000000061e4c5270}: 'long java.lang.invoke.DirectMethodHandle$Holder.invokeStatic(java.lang.Object, java.lang.Object)'> (0x000000061e4c5270) thrown at [./src/hotspot/share/interpreter/linkResolver.cpp, line 773]
Event: 4.137 Thread 0x000001eb19bc5000 Exception <a 'java/lang/NoSuchMethodError'{0x000000061e4cabc0}: 'long java.lang.invoke.DirectMethodHandle$Holder.invokeVirtual(java.lang.Object, java.lang.Object)'> (0x000000061e4cabc0) thrown at [./src/hotspot/share/interpreter/linkResolver.cpp, line 773]
Event: 4.157 Thread 0x000001eb19bc5000 Exception <a 'java/lang/NoSuchMethodError'{0x000000061d7508d8}: 'void java.lang.invoke.DirectMethodHandle$Holder.invokeVirtual(java.lang.Object, java.lang.Object, java.lang.Object, java.lang.Object)'> (0x000000061d7508d8) thrown at [./src/hotspot/share/interpreter/linkResolver.cpp, line 773]
Event: 4.678 Thread 0x000001eb57394800 Exception <a 'java/lang/NoSuchMethodError'{0x000000061ce3f428}: 'int java.lang.invoke.DirectMethodHandle$Holder.invokeVirtual(java.lang.Object, java.lang.Object)'> (0x000000061ce3f428) thrown at [./src/hotspot/share/interpreter/linkResolver.cpp, line 773]
Event: 4.973 Thread 0x000001eb57394800 Exception <a 'java/lang/IncompatibleClassChangeError'{0x000000061cfc1340}: Found class java.lang.Object, but interface was expected> (0x000000061cfc1340) thrown at [./src/hotspot/share/interpreter/linkResolver.cpp, line 839]
Event: 4.992 Thread 0x000001eb57394800 Implicit null exception at 0x000001eb2b9a2475 to 0x000001eb23dfd81a
Event: 4.992 Thread 0x000001eb57394800 Implicit null exception at 0x000001eb2ba6cfb5 to 0x000001eb23dfd81a
Event: 4.994 Thread 0x000001eb57394800 Exception <a 'java/lang/NoSuchMethodError'{0x00000006210d0120}: 'java.lang.Object java.lang.invoke.DirectMethodHandle$Holder.invokeSpecial(java.lang.Object, java.lang.Object, long)'> (0x00000006210d0120) thrown at [./src/hotspot/share/interpreter/linkResolver.cpp, line 773]
Event: 7.491 Thread 0x000001eb57394800 Exception <a 'java/lang/NoSuchMethodError'{0x000000061e6c8358}: 'java.lang.Object java.lang.invoke.DirectMethodHandle$Holder.invokeSpecial(java.lang.Object, java.lang.Object, java.lang.Object, java.lang.Object, long)'> (0x000000061e6c8358) thrown at [./src/hotspot/share/interpreter/linkResolver.cpp, line 773]

Events (20 events):
Event: 7.496 loading class okio/ForwardingSink done
Event: 7.496 loading class org/hyperic/sigar/SigarException
Event: 7.496 loading class org/hyperic/sigar/SigarException done
Event: 7.496 loading class org/hyperic/sigar/NfsUnreachableException
Event: 7.496 loading class org/hyperic/sigar/NfsUnreachableException done
Event: 7.497 loading class org/hyperic/sigar/SigarNotImplementedException
Event: 7.497 loading class org/hyperic/sigar/SigarNotImplementedException done
Event: 7.497 loading class org/hyperic/jni/ArchLoaderException
Event: 7.497 loading class org/hyperic/jni/ArchLoaderException done
Event: 7.497 loading class org/hyperic/jni/ArchNotSupportedException
Event: 7.497 loading class org/hyperic/jni/ArchNotSupportedException done
Event: 7.497 loading class org/hyperic/sigar/SigarLoader
Event: 7.497 loading class org/hyperic/sigar/SigarLoader done
Event: 7.497 loading class org/hyperic/jni/ArchLoader
Event: 7.497 loading class org/hyperic/jni/ArchLoader done
Event: 7.498 loading class org/hyperic/jni/ArchName
Event: 7.498 loading class org/hyperic/jni/ArchName done
Event: 7.502 Loaded shared library C:\Program Files\Java\graalvm-ce-java11-windows-amd64-19.3.2\graalvm-ce-java11-19.3.2\lib\sigar-amd64-winnt.dll
Event: 7.503 loading class org/hyperic/sigar/CpuInfo
Event: 7.503 loading class org/hyperic/sigar/CpuInfo done


Dynamic libraries:
0x00007ff692a90000 - 0x00007ff692a9d000 	C:\Program Files\Java\graalvm-ce-java11-windows-amd64-19.3.2\graalvm-ce-java11-19.3.2\bin\java.exe
0x00007ffa0a680000 - 0x00007ffa0a870000 	C:\Windows\SYSTEM32\ntdll.dll
0x00007ffa09ad0000 - 0x00007ffa09b82000 	C:\Windows\System32\KERNEL32.DLL
0x00007ffa07830000 - 0x00007ffa07ad3000 	C:\Windows\System32\KERNELBASE.dll
0x00007ffa08580000 - 0x00007ffa0867a000 	C:\Windows\System32\ucrtbase.dll
0x00007ff9f7170000 - 0x00007ff9f7188000 	C:\Program Files\Java\graalvm-ce-java11-windows-amd64-19.3.2\graalvm-ce-java11-19.3.2\bin\jli.dll
0x00007ff9f9870000 - 0x00007ff9f9886000 	C:\Program Files\Java\graalvm-ce-java11-windows-amd64-19.3.2\graalvm-ce-java11-19.3.2\bin\VCRUNTIME140.dll
0x00007ffa09220000 - 0x00007ffa093b4000 	C:\Windows\System32\USER32.dll
0x00007ffa07b60000 - 0x00007ffa07b81000 	C:\Windows\System32\win32u.dll
0x00007ffa08760000 - 0x00007ffa08786000 	C:\Windows\System32\GDI32.dll
0x00007ffa083e0000 - 0x00007ffa08574000 	C:\Windows\System32\gdi32full.dll
0x00007ffa06a50000 - 0x00007ffa06cd5000 	C:\Windows\WinSxS\amd64_microsoft.windows.common-controls_6595b64144ccf1df_6.0.18362.778_none_e6c6b761130d4fb8\COMCTL32.dll
0x00007ffa08340000 - 0x00007ffa083de000 	C:\Windows\System32\msvcp_win.dll
0x00007ffa09910000 - 0x00007ffa099ae000 	C:\Windows\System32\msvcrt.dll
0x00007ffa0a300000 - 0x00007ffa0a636000 	C:\Windows\System32\combase.dll
0x00007ffa099b0000 - 0x00007ffa09ad0000 	C:\Windows\System32\RPCRT4.dll
0x00007ffa07ae0000 - 0x00007ffa07b60000 	C:\Windows\System32\bcryptPrimitives.dll
0x00007ffa08730000 - 0x00007ffa0875e000 	C:\Windows\System32\IMM32.DLL
0x00007ff9ec850000 - 0x00007ff9ec8fa000 	C:\Program Files\Java\graalvm-ce-java11-windows-amd64-19.3.2\graalvm-ce-java11-19.3.2\bin\msvcp140.dll
0x00007ff9b49c0000 - 0x00007ff9b551b000 	C:\Program Files\Java\graalvm-ce-java11-windows-amd64-19.3.2\graalvm-ce-java11-19.3.2\bin\server\jvm.dll
0x00007ffa094c0000 - 0x00007ffa09563000 	C:\Windows\System32\ADVAPI32.dll
0x00007ffa09180000 - 0x00007ffa09217000 	C:\Windows\System32\sechost.dll
0x00007ffa088f0000 - 0x00007ffa088f8000 	C:\Windows\System32\PSAPI.DLL
0x00007ff9f4310000 - 0x00007ff9f4319000 	C:\Windows\SYSTEM32\WSOCK32.dll
0x00007ffa04360000 - 0x00007ffa04384000 	C:\Windows\SYSTEM32\WINMM.dll
0x00007ffa019b0000 - 0x00007ffa019ba000 	C:\Windows\SYSTEM32\VERSION.dll
0x00007ffa09110000 - 0x00007ffa0917f000 	C:\Windows\System32\WS2_32.dll
0x00007ffa04330000 - 0x00007ffa0435d000 	C:\Windows\SYSTEM32\winmmbase.dll
0x00007ffa07690000 - 0x00007ffa076da000 	C:\Windows\System32\cfgmgr32.dll
0x00007ffa07580000 - 0x00007ffa07591000 	C:\Windows\System32\kernel.appcore.dll
0x00007ff9f5a90000 - 0x00007ff9f5aa1000 	C:\Program Files\Java\graalvm-ce-java11-windows-amd64-19.3.2\graalvm-ce-java11-19.3.2\bin\verify.dll
0x00007ffa07060000 - 0x00007ffa07254000 	C:\Windows\SYSTEM32\DBGHELP.DLL
0x00007ffa06dd0000 - 0x00007ffa06dfa000 	C:\Windows\SYSTEM32\dbgcore.DLL
0x00007ff9f5820000 - 0x00007ff9f5848000 	C:\Program Files\Java\graalvm-ce-java11-windows-amd64-19.3.2\graalvm-ce-java11-19.3.2\bin\java.dll
0x00007ff9f9840000 - 0x00007ff9f984a000 	C:\Program Files\Java\graalvm-ce-java11-windows-amd64-19.3.2\graalvm-ce-java11-19.3.2\bin\jimage.dll
0x00007ff9ef380000 - 0x00007ff9ef3b8000 	C:\Program Files\Java\graalvm-ce-java11-windows-amd64-19.3.2\graalvm-ce-java11-19.3.2\bin\jdwp.dll
0x00007ff9f4320000 - 0x00007ff9f432e000 	C:\Program Files\Java\graalvm-ce-java11-windows-amd64-19.3.2\graalvm-ce-java11-19.3.2\bin\instrument.dll
0x00007ff9f5980000 - 0x00007ff9f5997000 	C:\Program Files\Java\graalvm-ce-java11-windows-amd64-19.3.2\graalvm-ce-java11-19.3.2\bin\zip.dll
0x00007ffa08970000 - 0x00007ffa09055000 	C:\Windows\System32\SHELL32.dll
0x00007ffa09640000 - 0x00007ffa096e9000 	C:\Windows\System32\shcore.dll
0x00007ffa07b90000 - 0x00007ffa08310000 	C:\Windows\System32\windows.storage.dll
0x00007ffa07550000 - 0x00007ffa07573000 	C:\Windows\System32\profapi.dll
0x00007ffa075a0000 - 0x00007ffa075ea000 	C:\Windows\System32\powrprof.dll
0x00007ffa07540000 - 0x00007ffa07550000 	C:\Windows\System32\UMPDC.dll
0x00007ffa08900000 - 0x00007ffa08952000 	C:\Windows\System32\shlwapi.dll
0x00007ffa07610000 - 0x00007ffa07627000 	C:\Windows\System32\cryptsp.dll
0x00007ff9f3a90000 - 0x00007ff9f3a9a000 	C:\Program Files\Java\graalvm-ce-java11-windows-amd64-19.3.2\graalvm-ce-java11-19.3.2\bin\dt_socket.dll
0x00007ffa06730000 - 0x00007ffa06797000 	C:\Windows\system32\mswsock.dll
0x00007ff9a5ec0000 - 0x00007ff9a7d0c000 	C:\Program Files\Java\graalvm-ce-java11-windows-amd64-19.3.2\graalvm-ce-java11-19.3.2\bin\jvmcicompiler.dll
0x00007ffa06440000 - 0x00007ffa0647a000 	C:\Windows\SYSTEM32\IPHLPAPI.DLL
0x00007ff9f5380000 - 0x00007ff9f5399000 	C:\Program Files\Java\graalvm-ce-java11-windows-amd64-19.3.2\graalvm-ce-java11-19.3.2\bin\net.dll
0x00007ff9fc530000 - 0x00007ff9fc620000 	C:\Windows\SYSTEM32\WINHTTP.dll
0x00007ff9f45f0000 - 0x00007ff9f4603000 	C:\Program Files\Java\graalvm-ce-java11-windows-amd64-19.3.2\graalvm-ce-java11-19.3.2\bin\nio.dll
0x00007ffa06480000 - 0x00007ffa0654a000 	C:\Windows\SYSTEM32\DNSAPI.dll
0x00007ffa08960000 - 0x00007ffa08968000 	C:\Windows\System32\NSI.dll
0x00007ff9fdc90000 - 0x00007ff9fdc9a000 	C:\Windows\System32\rasadhlp.dll
0x00007ffa001b0000 - 0x00007ffa00227000 	C:\Windows\System32\fwpuclnt.dll
0x00007ffa08310000 - 0x00007ffa08336000 	C:\Windows\System32\bcrypt.dll
0x00007ff9eec40000 - 0x00007ff9eec66000 	C:\Program Files\Java\graalvm-ce-java11-windows-amd64-19.3.2\graalvm-ce-java11-19.3.2\bin\sunec.dll
0x00007ffa06240000 - 0x00007ffa06273000 	C:\Windows\system32\rsaenh.dll
0x00007ffa07460000 - 0x00007ffa07485000 	C:\Windows\SYSTEM32\USERENV.dll
0x00007ffa06900000 - 0x00007ffa0690c000 	C:\Windows\SYSTEM32\CRYPTBASE.dll
0x00007ffa010b0000 - 0x00007ffa010c6000 	C:\Windows\SYSTEM32\dhcpcsvc6.DLL
0x00007ffa01020000 - 0x00007ffa0103c000 	C:\Windows\SYSTEM32\dhcpcsvc.DLL
0x00007ff9f3930000 - 0x00007ff9f393e000 	C:\Program Files\Java\graalvm-ce-java11-windows-amd64-19.3.2\graalvm-ce-java11-19.3.2\bin\sunmscapi.dll
0x00007ffa076e0000 - 0x00007ffa07829000 	C:\Windows\System32\CRYPT32.dll
0x00007ffa075f0000 - 0x00007ffa07602000 	C:\Windows\System32\MSASN1.dll
0x00007ffa06a20000 - 0x00007ffa06a46000 	C:\Windows\SYSTEM32\ncrypt.dll
0x00007ffa069e0000 - 0x00007ffa06a1b000 	C:\Windows\SYSTEM32\NTASN1.dll
0x0000000010000000 - 0x0000000010070000 	C:\Program Files\Java\graalvm-ce-java11-windows-amd64-19.3.2\graalvm-ce-java11-19.3.2\lib\sigar-amd64-winnt.dll
0x00007ffa08790000 - 0x00007ffa088e7000 	C:\Windows\System32\ole32.dll
0x00007ffa09570000 - 0x00007ffa09634000 	C:\Windows\System32\OLEAUT32.dll
0x00007ffa028a0000 - 0x00007ffa028e8000 	C:\Windows\SYSTEM32\pdh.dll
0x00007ff9f5df0000 - 0x00007ff9f5e07000 	C:\Windows\SYSTEM32\NETAPI32.dll
0x00007ffa06550000 - 0x00007ffa0655c000 	C:\Windows\SYSTEM32\NETUTILS.DLL
0x00007ff9f1df0000 - 0x00007ff9f1e16000 	C:\Windows\SYSTEM32\SRVCLI.DLL

dbghelp: loaded successfully - version: 4.0.5 - missing functions: none
symbol engine: initialized successfully - sym options: 0x614 - pdb path: .;C:\Program Files\Java\graalvm-ce-java11-windows-amd64-19.3.2\graalvm-ce-java11-19.3.2\bin;C:\Windows\SYSTEM32;C:\Windows\WinSxS\amd64_microsoft.windows.common-controls_6595b64144ccf1df_6.0.18362.778_none_e6c6b761130d4fb8;C:\Program Files\Java\graalvm-ce-java11-windows-amd64-19.3.2\graalvm-ce-java11-19.3.2\bin\server;C:\Program Files\Java\graalvm-ce-java11-windows-amd64-19.3.2\graalvm-ce-java11-19.3.2\lib

VM Arguments:
jvm_args: -XX:+UnlockExperimentalVMOptions -XX:+EnableJVMCIProduct -XX:-UnlockExperimentalVMOptions -agentlib:jdwp=transport=dt_socket,address=127.0.0.1:65165,suspend=y,server=n -Djava.library.path=C:\Program Files\Java\graalvm-ce-java11-windows-amd64-19.3.2\graalvm-ce-java11-19.3.2\lib -javaagent:C:\Users\ruby0\AppData\Local\JetBrains\Toolbox\apps\IDEA-U\ch-0\201.7223.91\plugins\Groovy\lib\agent\gragent.jar -javaagent:C:\Users\ruby0\AppData\Local\JetBrains\Toolbox\apps\IDEA-U\ch-0\201.7223.91\plugins\java\lib\rt\debugger-agent.jar -Dfile.encoding=UTF-8 
java_command: BOT.App
java_class_path (initial): C:\GitHub\DiscordBOT\out\production\classes;C:\GitHub\DiscordBOT\out\production\resources;C:\Users\ruby0\.gradle\caches\modules-2\files-2.1\org.fusesource\sigar\1.6.4\e91a355d337a0b1991f54181627d63c9973624c3\sigar-1.6.4.jar;C:\Users\ruby0\.gradle\caches\modules-2\files-2.1\net.dv8tion\JDA\4.1.1_127\bea2655c842bdcf8b1baff46de4f2eb90a8e93e1\JDA-4.1.1_127.jar;C:\Users\ruby0\.gradle\caches\modules-2\files-2.1\ch.qos.logback\logback-classic\1.2.3\7c4f3c474fb2c041d8028740440937705ebb473a\logback-classic-1.2.3.jar;C:\Users\ruby0\.gradle\caches\modules-2\files-2.1\com.sedmelluq\lavaplayer\1.3.34\f7fcdd37137ffd286dd67098dff48b72cf6a83f8\lavaplayer-1.3.34.jar;C:\Users\ruby0\.gradle\caches\modules-2\files-2.1\me.duncte123\botCommons\1.0.73\bdadec013dad0b8dc6c582ddc080677978d7adcd\botCommons-1.0.73.jar;C:\Users\ruby0\.gradle\caches\modules-2\files-2.1\org.jsoup\jsoup\1.12.1\55819a28fc834c2f2bcf4dcdb278524dc3cf088f\jsoup-1.12.1.jar;C:\Users\ruby0\.gradle\caches\modules-2\files-2.1\mysql\mysql-connector-java\8.0.18\e088efaa4b568bc7d9f7274b9c5ea1a00da1a45c\mysql-connector-java-8.0.18.jar;C:\Users\ruby0\.gradle\caches\modules-2\files-2.1\com.google.code.gson\gson\2.8.5\f645ed69d595b24d4cf8b3fbb64cc505bede8829\gson-2.8.5.jar;C:\Users\ruby0\.gradle\caches\modules-2\files-2.1\org.toile-libre.libe\curl\0.0.38\cbb46c329daf67f4e539c2aed4a97f00b59b55fd\curl-0.0.38.jar;C:\Users\ruby0\.gradle\caches\modules-2\files-2.1\log4j\log4j\1.2.15\f0a0d2e29ed910808c33135a3a5a51bba6358f7b\log4j-1.2.15.jar;C:\Users\ruby0\.gradle\caches\modules-2\files-2.1\com.google.code.findbugs\jsr305\3.0.2\25ea2e8b0c338a877313bd4672d3fe056ea78f0d\jsr305-3.0.2.jar;C:\Users\ruby0\.gradle\caches\modules-2\files-2.1\org.jetbrains\annotations\16.0.1\c1a6655cebcac68e63e4c24d23f573035032eb2a\annotations-16.0.1.jar;C:\Users\ruby0\.gradle\caches\modules-2\files-2.1\org.slf4j\slf4j-api\1.7.25\da76ca59f6a57ee3102f8f9bd9cee742973efa8a\slf4j-api-1.7.25.jar;C:\Users\ruby0\.gradle\caches\modules-2\file
Launcher Type: SUN_STANDARD

[Global flags]
     intx CICompilerCount                          = 12                                        {product} {ergonomic}
     uint ConcGCThreads                            = 3                                         {product} {ergonomic}
     bool EnableJVMCIProduct                       = true                                {JVMCI product} {jimage}
     uint G1ConcRefinementThreads                  = 13                                        {product} {ergonomic}
   size_t G1HeapRegionSize                         = 2097152                                   {product} {ergonomic}
    uintx GCDrainStackTargetSize                   = 64                                        {product} {ergonomic}
   size_t InitialHeapSize                          = 536870912                                 {product} {ergonomic}
   size_t MarkStackSize                            = 4194304                                   {product} {ergonomic}
   size_t MaxHeapSize                              = 8571060224                                {product} {ergonomic}
   size_t MaxNewSize                               = 5142216704                                {product} {ergonomic}
   size_t MinHeapDeltaBytes                        = 2097152                                   {product} {ergonomic}
    uintx NonNMethodCodeHeapSize                   = 7594288                                {pd product} {ergonomic}
    uintx NonProfiledCodeHeapSize                  = 122031976                              {pd product} {ergonomic}
    uintx ProfiledCodeHeapSize                     = 122031976                              {pd product} {ergonomic}
    uintx ReservedCodeCacheSize                    = 251658240                              {pd product} {ergonomic}
     bool SegmentedCodeCache                       = true                                      {product} {ergonomic}
     bool UseCompressedClassPointers               = true                                 {lp64_product} {ergonomic}
     bool UseCompressedOops                        = true                                 {lp64_product} {ergonomic}
     bool UseG1GC                                  = true                                      {product} {ergonomic}
     bool UseLargePagesIndividualAllocation        = false                                  {pd product} {ergonomic}

Logging:
Log output configuration:
 #0: stdout all=warning uptime,level,tags
 #1: stderr all=off uptime,level,tags

Environment Variables:
PATH=C:\Program Files (x86)\Common Files\Oracle\Java\javapath;C:\Windows\system32;C:\Windows;C:\Windows\System32\Wbem;C:\Windows\System32\WindowsPowerShell\v1.0\;C:\Windows\System32\OpenSSH\;C:\Program Files (x86)\NVIDIA Corporation\PhysX\Common;C:\Program Files\NVIDIA Corporation\NVIDIA NvDLISR;C:\Program Files\Git\cmd;C:\Program Files\dotnet\;C:\Program Files\Microsoft SQL Server\130\Tools\Binn\;C:\Program Files\Microsoft SQL Server\Client SDK\ODBC\170\Tools\Binn\;C:\Program Files\Git LFS;C:\Program Files\PuTTY\;C:\Users\ruby0\AppData\Local\Microsoft\WindowsApps;C:\Users\ruby0\AppData\Local\GitHubDesktop\bin;C:\Program Files\Bandizip\
USERNAME=ruby0
OS=Windows_NT
PROCESSOR_IDENTIFIER=AMD64 Family 23 Model 113 Stepping 0, AuthenticAMD



---------------  S Y S T E M  ---------------

OS: Windows 10 , 64 bit Build 18362 (10.0.18362.778)
OS uptime: 19 days 5:31 hours

CPU:total 16 (initial active 16) (16 cores per cpu, 2 threads per core) family 23 model 113 stepping 0, cmov, cx8, fxsr, mmx, sse, sse2, sse3, ssse3, sse4.1, sse4.2, popcnt, avx, avx2, aes, clmul, mmxext, 3dnowpref, lzcnt, sse4a, ht, tsc, tscinvbit, tscinv, bmi1, bmi2, adx, sha, fma

Memory: 4k page, system-wide physical 32688M (13491M free)
TotalPageFile size 57690M (AvailPageFile size 18827M)
current process WorkingSet (physical memory assigned to process): 520M, peak: 520M
current process commit charge ("private bytes"): 1234M, peak: 1234M

vm_info: OpenJDK 64-Bit Server VM (11.0.7+10-jvmci-19.3-b10) for windows-amd64 JRE (11.0.7+10-jvmci-19.3-b10), built on Apr 29 2020 11:12:58 by "" with MS VC++ 15.5 (VS2017)

END.
