#
# A fatal error has been detected by the Java Runtime Environment:
#
#  EXCEPTION_ACCESS_VIOLATION (0xc0000005) at pc=0x0000000010014ed4, pid=314008, tid=157084
#
# JRE version: OpenJDK Runtime Environment GraalVM CE 19.3.2 (11.0.7+10) (build 11.0.7+10-jvmci-19.3-b10)
# Java VM: OpenJDK 64-Bit Server VM GraalVM CE 19.3.2 (11.0.7+10-jvmci-19.3-b10, mixed mode, sharing, tiered, jvmci, jvmci compiler, compressed oops, g1 gc, windows-amd64)
# Problematic frame:
# C  [sigar-amd64-winnt.dll+0x14ed4]
#
# No core dump will be written. Minidumps are not enabled by default on client versions of Windows
#
# If you would like to submit a bug report, please visit:
#   https://github.com/oracle/graal/issues
# The crash happened outside the Java Virtual Machine in native code.
# See problematic frame for where to report the bug.
#

---------------  S U M M A R Y ------------

Command Line: -XX:+UnlockExperimentalVMOptions -XX:+EnableJVMCIProduct -XX:-UnlockExperimentalVMOptions -agentlib:jdwp=transport=dt_socket,address=127.0.0.1:64963,suspend=y,server=n -Djava.library.path=C:\Program Files\Java\graalvm-ce-java11-windows-amd64-19.3.2\graalvm-ce-java11-19.3.2\lib -javaagent:C:\Users\ruby0\AppData\Local\JetBrains\Toolbox\apps\IDEA-U\ch-0\201.7223.91\plugins\Groovy\lib\agent\gragent.jar -javaagent:C:\Users\ruby0\AppData\Local\JetBrains\Toolbox\apps\IDEA-U\ch-0\201.7223.91\plugins\java\lib\rt\debugger-agent.jar -Dfile.encoding=UTF-8 BOT.App

Host: AMD Ryzen 7 3700X 8-Core Processor             , 16 cores, 31G,  Windows 10 , 64 bit Build 18362 (10.0.18362.778)
Time: Tue Jun  2 01:19:13 2020 ¢¥eCN©öI¡¾©ö C¡ÍA¨ª¨öA elapsed time: 14 seconds (0d 0h 0m 14s)

---------------  T H R E A D  ---------------

Current thread (0x000002806925f000):  JavaThread "JDA MainWS-ReadThread" [_thread_in_native, id=157084, stack(0x0000009d71900000,0x0000009d71a00000)]

Stack: [0x0000009d71900000,0x0000009d71a00000],  sp=0x0000009d719fe980,  free space=1018k
Native frames: (J=compiled Java code, j=interpreted, Vv=VM code, C=native code)
C  [sigar-amd64-winnt.dll+0x14ed4]

Java frames: (J=compiled Java code, j=interpreted, Vv=VM code)
j  org.hyperic.sigar.Sigar.getCpuInfoList()[Lorg/hyperic/sigar/CpuInfo;+0
j  BOT.Commands.VersionCommand.handle(Ljava/util/List;Lnet/dv8tion/jda/api/events/message/guild/GuildMessageReceivedEvent;)V+122
j  BOT.Objects.CommandManager.handleCommand(Lnet/dv8tion/jda/api/events/message/guild/GuildMessageReceivedEvent;)V+121
j  BOT.Listener.Listener.onGuildMessageReceived(Lnet/dv8tion/jda/api/events/message/guild/GuildMessageReceivedEvent;)V+653
J 3707 c1 net.dv8tion.jda.api.hooks.ListenerAdapter.onEvent(Lnet/dv8tion/jda/api/events/GenericEvent;)V (2994 bytes) @ 0x00000280424acc1c [0x00000280424a7a00+0x000000000000521c]
j  net.dv8tion.jda.api.hooks.InterfacedEventManager.handle(Lnet/dv8tion/jda/api/events/GenericEvent;)V+29
j  net.dv8tion.jda.internal.hooks.EventManagerProxy.handle(Lnet/dv8tion/jda/api/events/GenericEvent;)V+5
j  net.dv8tion.jda.internal.JDAImpl.handleEvent(Lnet/dv8tion/jda/api/events/GenericEvent;)V+5
j  net.dv8tion.jda.internal.handle.MessageCreateHandler.handleInternally(Lnet/dv8tion/jda/api/utils/data/DataObject;)Ljava/lang/Long;+430
j  net.dv8tion.jda.internal.handle.SocketHandler.handle(JLnet/dv8tion/jda/api/utils/data/DataObject;)V+17
j  net.dv8tion.jda.internal.requests.WebSocketClient.onDispatch(Lnet/dv8tion/jda/api/utils/data/DataObject;)V+509
j  net.dv8tion.jda.internal.requests.WebSocketClient.onEvent(Lnet/dv8tion/jda/api/utils/data/DataObject;)V+98
j  net.dv8tion.jda.internal.requests.WebSocketClient.handleEvent(Lnet/dv8tion/jda/api/utils/data/DataObject;)V+2
j  net.dv8tion.jda.internal.requests.WebSocketClient.onBinaryMessage(Lcom/neovisionaries/ws/client/WebSocket;[B)V+34
j  com.neovisionaries.ws.client.ListenerManager.callOnBinaryMessage([B)V+35
j  com.neovisionaries.ws.client.ReadingThread.callOnBinaryMessage([B)V+8
j  com.neovisionaries.ws.client.ReadingThread.handleBinaryFrame(Lcom/neovisionaries/ws/client/WebSocketFrame;)Z+33
j  com.neovisionaries.ws.client.ReadingThread.handleFrame(Lcom/neovisionaries/ws/client/WebSocketFrame;)Z+82
j  com.neovisionaries.ws.client.ReadingThread.main()V+47
j  com.neovisionaries.ws.client.ReadingThread.runMain()V+1
j  com.neovisionaries.ws.client.WebSocketThread.run()V+22
v  ~StubRoutines::call_stub

siginfo: EXCEPTION_ACCESS_VIOLATION (0xc0000005), reading address 0x000000000cd90d88


Register to memory mapping:

RIP=0x0000000010014ed4 sigar-amd64-winnt.dll
RAX=0x000000000cd90c50 is an unknown value
RBX={method} {0x000002800ca991e8} 'getCpuInfoList' '()[Lorg/hyperic/sigar/CpuInfo;' in 'org/hyperic/sigar/Sigar'
RCX=0x000002806925f000 is a thread
RDX=0x0000000000000006 is an unknown value
RSP=0x0000009d719fe980 is pointing into the stack for thread: 0x000002806925f000
RBP=0x0000009d719feaf0 is pointing into the stack for thread: 0x000002806925f000
RSI=0x000002806783f588 is pointing into metadata
RDI=0x000002804136c4b5 is at code_begin+7029 in an Interpreter codelet
invoke return entry points  [0x000002804136a940, 0x000002804136c7e0]  7840 bytes
R8 =0x0000000000000004 is an unknown value
R9 =0x00000008403ddf28 is a pointer to class: 
org.hyperic.sigar.Sigar {0x00000008403ddf30}
R10=0x0000028074df5aa0 points into unknown readable memory: 03 00 00 00 3c 00 00 00
R11=0x000002800ca90d10 is pointing into metadata
R12=0x0 is NULL
R13=0x000002800ca991d8 is pointing into metadata
R14=0x0000009d719feb10 is pointing into the stack for thread: 0x000002806925f000
R15=0x000002806925f000 is a thread


Registers:
RAX=0x000000000cd90c50, RBX=0x000002800ca991e0, RCX=0x000002806925f000, RDX=0x0000000000000006
RSP=0x0000009d719fe980, RBP=0x0000009d719feaf0, RSI=0x000002806783f588, RDI=0x000002804136c4b5
R8 =0x0000000000000004, R9 =0x00000008403ddf28, R10=0x0000028074df5aa0, R11=0x000002800ca90d10
R12=0x0000000000000000, R13=0x000002800ca991d8, R14=0x0000009d719feb10, R15=0x000002806925f000
RIP=0x0000000010014ed4, EFLAGS=0x0000000000010206

Top of Stack: (sp=0x0000009d719fe980)
0x0000009d719fe980:   000002806925f340 0000009d719feb10
0x0000009d719fe990:   000002806783f588 000002806925f000
0x0000009d719fe9a0:   000000000cd90c50 0000009d719feaf0
0x0000009d719fe9b0:   000002800ca991e0 0000000010022078
0x0000009d719fe9c0:   000002806925f340 0000009d719feb10
0x0000009d719fe9d0:   000000060129ea00 00007ff9b4b41d4f
0x0000009d719fe9e0:   000002804136c4b5 0000009d719feb10
0x0000009d719fe9f0:   0000028069790968 000002806925f000
0x0000009d719fea00:   0000028074ded9e0 00007ff9b4d44bb3
0x0000009d719fea10:   0000009d719ff860 000002806783f588
0x0000009d719fea20:   000002806783f588 000002806783f588
0x0000009d719fea30:   000002800ca991e0 000002806925f000
0x0000009d719fea40:   000002804136c4b5 00000280413753a1
0x0000009d719fea50:   0000009d719ff800 000002800ca991e0
0x0000009d719fea60:   000002806925f000 00000000000000b2
0x0000009d719fea70:   000002804136c4b5 00000280413756d6 

Instructions: (pc=0x0000000010014ed4)
0x0000000010014dd4:   8b 04 c1 48 8d 15 12 58 04 00 48 8b 4c 24 20 e8
0x0000000010014de4:   c8 1e 02 00 48 83 c4 38 c3 cc cc cc 48 89 54 24
0x0000000010014df4:   10 48 89 4c 24 08 b8 02 00 01 00 c3 cc cc cc cc
0x0000000010014e04:   cc cc cc cc cc cc cc cc cc cc cc cc 48 89 54 24
0x0000000010014e14:   10 48 89 4c 24 08 c3 cc cc cc cc cc cc cc cc cc
0x0000000010014e24:   cc cc cc cc cc cc cc cc cc cc cc cc 48 89 54 24
0x0000000010014e34:   10 48 89 4c 24 08 48 83 ec 38 48 8b 54 24 48 48
0x0000000010014e44:   8b 4c 24 40 e8 43 00 00 00 48 89 44 24 28 48 83
0x0000000010014e54:   7c 24 28 00 75 04 33 c0 eb 24 48 8b 44 24 28 48
0x0000000010014e64:   8b 40 10 48 89 44 24 20 48 8b 44 24 28 48 8b 4c
0x0000000010014e74:   24 40 48 89 08 48 8b 44 24 28 48 8b 40 10 48 83
0x0000000010014e84:   c4 38 c3 cc cc cc cc cc cc cc cc cc 48 89 54 24
0x0000000010014e94:   10 48 89 4c 24 08 48 83 ec 38 48 8b 54 24 48 48
0x0000000010014ea4:   8b 4c 24 40 e8 73 02 00 00 48 89 44 24 20 48 83
0x0000000010014eb4:   7c 24 20 00 75 15 48 8d 15 df 58 04 00 48 8b 4c
0x0000000010014ec4:   24 40 e8 45 00 00 00 33 c0 eb 32 48 8b 44 24 20
0x0000000010014ed4:   83 b8 38 01 00 00 00 74 1f 48 8b 44 24 20 44 8b
0x0000000010014ee4:   80 38 01 00 00 48 8b 54 24 20 48 8b 4c 24 40 e8
0x0000000010014ef4:   68 00 00 00 33 c0 eb 05 48 8b 44 24 20 48 83 c4
0x0000000010014f04:   38 c3 cc cc cc cc cc cc cc cc cc cc 48 89 54 24
0x0000000010014f14:   10 48 89 4c 24 08 48 83 ec 38 48 8b 44 24 40 48
0x0000000010014f24:   8b 00 48 8d 15 d3 56 04 00 48 8b 4c 24 40 ff 50
0x0000000010014f34:   30 48 89 44 24 20 48 8b 44 24 40 48 8b 00 4c 8b
0x0000000010014f44:   44 24 48 48 8b 54 24 20 48 8b 4c 24 40 ff 50 70
0x0000000010014f54:   48 83 c4 38 c3 cc cc cc cc cc cc cc 44 89 44 24
0x0000000010014f64:   18 48 89 54 24 10 48 89 4c 24 08 48 83 ec 58 8b
0x0000000010014f74:   44 24 70 89 44 24 28 81 7c 24 28 40 9c 00 00 7e
0x0000000010014f84:   0d 8b 44 24 28 2d 40 9c 00 00 89 44 24 28 8b 44
0x0000000010014f94:   24 28 89 44 24 40 83 7c 24 40 02 74 16 83 7c 24
0x0000000010014fa4:   40 05 74 30 81 7c 24 40 21 4e 00 00 74 47 e9 00
0x0000000010014fb4:   01 00 00 48 8b 44 24 60 48 8b 00 48 8d 15 c2 56
0x0000000010014fc4:   04 00 48 8b 4c 24 60 ff 50 30 48 89 44 24 20 e9 


Stack slot to memory mapping:
stack at sp + 0 slots: 0x000002806925f340 points into unknown readable memory: 50 3c 3e b5 f9 7f 00 00
stack at sp + 1 slots: 0x0000009d719feb10 is pointing into the stack for thread: 0x000002806925f000
stack at sp + 2 slots: 0x000002806783f588 is pointing into metadata
stack at sp + 3 slots: 0x000002806925f000 is a thread
stack at sp + 4 slots: 0x000000000cd90c50 is an unknown value
stack at sp + 5 slots: 0x0000009d719feaf0 is pointing into the stack for thread: 0x000002806925f000
stack at sp + 6 slots: {method} {0x000002800ca991e8} 'getCpuInfoList' '()[Lorg/hyperic/sigar/CpuInfo;' in 'org/hyperic/sigar/Sigar'
stack at sp + 7 slots: 0x0000000010022078 sigar-amd64-winnt.dll


---------------  P R O C E S S  ---------------

Threads class SMR info:
_java_thread_list=0x0000028074f10600, length=30, elements={
0x0000028067556000, 0x0000028067557000, 0x0000028067578800, 0x000002806757a800,
0x000002806757d800, 0x0000028067580800, 0x0000028067586000, 0x00000280676a2000,
0x0000028067715800, 0x0000028067730800, 0x0000028067711800, 0x00000280694b1000,
0x0000028074457000, 0x0000028074cc9000, 0x0000028074c5e800, 0x0000028074d6f800,
0x0000028074d7b000, 0x0000028074d7c800, 0x000002806925b800, 0x000002806925d000,
0x000002806925b000, 0x000002806925f000, 0x000002806925a000, 0x0000028074ef4000,
0x0000028074ef9000, 0x0000028074ef5000, 0x0000028074ef6800, 0x0000028074ef8000,
0x0000028074ef3000, 0x0000028074ef5800
}

Java Threads: ( => current thread )
  0x0000028067556000 JavaThread "Reference Handler" daemon [_thread_blocked, id=60980, stack(0x0000009d6ef00000,0x0000009d6f000000)]
  0x0000028067557000 JavaThread "Finalizer" daemon [_thread_blocked, id=47912, stack(0x0000009d6f000000,0x0000009d6f100000)]
  0x0000028067578800 JavaThread "Signal Dispatcher" daemon [_thread_blocked, id=324776, stack(0x0000009d6f100000,0x0000009d6f200000)]
  0x000002806757a800 JavaThread "Attach Listener" daemon [_thread_blocked, id=34668, stack(0x0000009d6f200000,0x0000009d6f300000)]
  0x000002806757d800 JavaThread "JVMCI-native CompilerThread0" daemon [_thread_blocked, id=333568, stack(0x0000009d6f300000,0x0000009d6f400000)]
  0x0000028067580800 JavaThread "C1 CompilerThread0" daemon [_thread_blocked, id=81764, stack(0x0000009d6f400000,0x0000009d6f500000)]
  0x0000028067586000 JavaThread "Sweeper thread" daemon [_thread_blocked, id=221528, stack(0x0000009d6f500000,0x0000009d6f600000)]
  0x00000280676a2000 JavaThread "Common-Cleaner" daemon [_thread_blocked, id=297340, stack(0x0000009d6f600000,0x0000009d6f700000)]
  0x0000028067715800 JavaThread "JDWP Transport Listener: dt_socket" daemon [_thread_blocked, id=115752, stack(0x0000009d6f800000,0x0000009d6f900000)]
  0x0000028067730800 JavaThread "JDWP Event Helper Thread" daemon [_thread_blocked, id=65684, stack(0x0000009d6f900000,0x0000009d6fa00000)]
  0x0000028067711800 JavaThread "JDWP Command Reader" daemon [_thread_in_native, id=320964, stack(0x0000009d6fa00000,0x0000009d6fb00000)]
  0x00000280694b1000 JavaThread "Service Thread" daemon [_thread_blocked, id=157124, stack(0x0000009d70200000,0x0000009d70300000)]
  0x0000028074457000 JavaThread "mysql-cj-abandoned-connection-cleanup" daemon [_thread_blocked, id=85848, stack(0x0000009d71100000,0x0000009d71200000)]
  0x0000028074cc9000 JavaThread "JDA RateLimit-Worker 1" [_thread_blocked, id=27052, stack(0x0000009d6fe00000,0x0000009d6ff00000)]
  0x0000028074c5e800 JavaThread "JDA RateLimit-Worker 2" [_thread_blocked, id=195684, stack(0x0000009d6ff00000,0x0000009d70000000)]
  0x0000028074d6f800 JavaThread "OkHttp ConnectionPool" daemon [_thread_blocked, id=20048, stack(0x0000009d71300000,0x0000009d71400000)]
  0x0000028074d7b000 JavaThread "OkHttp Http2Connection" daemon [_thread_blocked, id=174776, stack(0x0000009d71500000,0x0000009d71600000)]
  0x0000028074d7c800 JavaThread "Okio Watchdog" daemon [_thread_blocked, id=252752, stack(0x0000009d71600000,0x0000009d71700000)]
  0x000002806925b800 JavaThread "ForkJoinPool.commonPool-worker-19" daemon [_thread_blocked, id=198716, stack(0x0000009d71700000,0x0000009d71800000)]
  0x000002806925d000 JavaThread "JDA RateLimit-Worker 3" [_thread_blocked, id=312288, stack(0x0000009d71800000,0x0000009d71900000)]
  0x000002806925b000 JavaThread "JDA Gateway-Worker 1" daemon [_thread_blocked, id=117508, stack(0x0000009d70100000,0x0000009d70200000)]
=>0x000002806925f000 JavaThread "JDA MainWS-ReadThread" [_thread_in_native, id=157084, stack(0x0000009d71900000,0x0000009d71a00000)]
  0x000002806925a000 JavaThread "JDA MainWS-WriteThread" [_thread_blocked, id=189180, stack(0x0000009d71a00000,0x0000009d71b00000)]
  0x0000028074ef4000 JavaThread "Timer-0" [_thread_blocked, id=85372, stack(0x0000009d71d00000,0x0000009d71e00000)]
  0x0000028074ef9000 JavaThread "Timer-1" [_thread_blocked, id=198352, stack(0x0000009d71e00000,0x0000009d71f00000)]
  0x0000028074ef5000 JavaThread "DestroyJavaVM" [_thread_blocked, id=317416, stack(0x0000009d6e800000,0x0000009d6e900000)]
  0x0000028074ef6800 JavaThread "JDA RateLimit-Worker 4" [_thread_blocked, id=321464, stack(0x0000009d6f700000,0x0000009d6f800000)]
  0x0000028074ef8000 JavaThread "JVMCI-native CompilerThread1" daemon [_thread_blocked, id=245036, stack(0x0000009d70f00000,0x0000009d71000000)]
  0x0000028074ef3000 JavaThread "OkHttp discordapp.com" [_thread_in_native, id=277328, stack(0x0000009d71000000,0x0000009d71100000)]
  0x0000028074ef5800 JavaThread "OkHttp discordapp.com Writer" [_thread_blocked, id=237148, stack(0x0000009d71200000,0x0000009d71300000)]

Other Threads:
  0x0000028066dcb800 VMThread "VM Thread" [stack: 0x0000009d6ee00000,0x0000009d6ef00000] [id=301480]
  0x00000280694b1800 WatcherThread [stack: 0x0000009d70300000,0x0000009d70400000] [id=222436]
  0x000002803715b000 GCTaskThread "GC Thread#0" [stack: 0x0000009d6e900000,0x0000009d6ea00000] [id=318780]
  0x0000028074367800 GCTaskThread "GC Thread#1" [stack: 0x0000009d70400000,0x0000009d70500000] [id=143376]
  0x0000028074368000 GCTaskThread "GC Thread#2" [stack: 0x0000009d70500000,0x0000009d70600000] [id=207652]
  0x0000028074368800 GCTaskThread "GC Thread#3" [stack: 0x0000009d70600000,0x0000009d70700000] [id=32136]
  0x0000028074369800 GCTaskThread "GC Thread#4" [stack: 0x0000009d70700000,0x0000009d70800000] [id=285428]
  0x000002807436a000 GCTaskThread "GC Thread#5" [stack: 0x0000009d70800000,0x0000009d70900000] [id=86844]
  0x000002807436f000 GCTaskThread "GC Thread#6" [stack: 0x0000009d70900000,0x0000009d70a00000] [id=117856]
  0x000002807436f800 GCTaskThread "GC Thread#7" [stack: 0x0000009d70a00000,0x0000009d70b00000] [id=84252]
  0x0000028074370000 GCTaskThread "GC Thread#8" [stack: 0x0000009d70b00000,0x0000009d70c00000] [id=96736]
  0x0000028074371000 GCTaskThread "GC Thread#9" [stack: 0x0000009d70c00000,0x0000009d70d00000] [id=242412]
  0x0000028074376000 GCTaskThread "GC Thread#10" [stack: 0x0000009d70d00000,0x0000009d70e00000] [id=112828]
  0x0000028074376800 GCTaskThread "GC Thread#11" [stack: 0x0000009d70e00000,0x0000009d70f00000] [id=78956]
  0x0000028074eb0800 GCTaskThread "GC Thread#12" [stack: 0x0000009d6fb00000,0x0000009d6fc00000] [id=308180]
  0x00000280371dc800 ConcurrentGCThread "G1 Main Marker" [stack: 0x0000009d6ea00000,0x0000009d6eb00000] [id=55228]
  0x00000280371de000 ConcurrentGCThread "G1 Conc#0" [stack: 0x0000009d6eb00000,0x0000009d6ec00000] [id=16296]
  0x00000280749a9800 ConcurrentGCThread "G1 Conc#1" [stack: 0x0000009d6fc00000,0x0000009d6fd00000] [id=207416]
  0x00000280749b0000 ConcurrentGCThread "G1 Conc#2" [stack: 0x0000009d6fd00000,0x0000009d6fe00000] [id=320820]
  0x0000028066d7f000 ConcurrentGCThread "G1 Refine#0" [stack: 0x0000009d6ec00000,0x0000009d6ed00000] [id=230236]
  0x0000028066d80000 ConcurrentGCThread "G1 Young RemSet Sampling" [stack: 0x0000009d6ed00000,0x0000009d6ee00000] [id=146684]

Threads with active compile tasks:

VM state:not at safepoint (normal execution)

VM Mutex/Monitor currently owned by a thread: None

Heap address: 0x0000000601200000, size: 8174 MB, Compressed Oops mode: Zero based, Oop shift amount: 3
Narrow klass base: 0x0000000800000000, Narrow klass shift: 3
Compressed class space size: 1073741824 Address: 0x0000000840000000

Heap:
 garbage-first heap   total 524288K, used 58910K [0x0000000601200000, 0x0000000800000000)
  region size 2048K, 25 young (51200K), 2 survivors (4096K)
 Metaspace       used 34598K, capacity 35170K, committed 35328K, reserved 1081344K
  class space    used 3764K, capacity 4018K, committed 4096K, reserved 1048576K
Heap Regions: E=young(eden), S=young(survivor), O=old, HS=humongous(starts), HC=humongous(continues), CS=collection set, F=free, A=archive, TAMS=top-at-mark-start (previous, next)
|   0|0x0000000601200000, 0x0000000601400000, 0x0000000601400000|100%| O|  |TAMS 0x000000060129ea00, 0x0000000601200000| Untracked 
|   1|0x0000000601400000, 0x0000000601600000, 0x0000000601600000|100%| O|  |TAMS 0x0000000601400000, 0x0000000601400000| Untracked 
|   2|0x0000000601600000, 0x0000000601800000, 0x0000000601800000|100%| O|  |TAMS 0x0000000601600000, 0x0000000601600000| Untracked 
|   3|0x0000000601800000, 0x0000000601a00000, 0x0000000601a00000|100%| O|  |TAMS 0x0000000601800000, 0x0000000601800000| Untracked 
|   4|0x0000000601a00000, 0x0000000601c00000, 0x0000000601c00000|100%| O|  |TAMS 0x0000000601a00000, 0x0000000601a00000| Untracked 
|   5|0x0000000601c00000, 0x0000000601d87800, 0x0000000601e00000| 76%| O|  |TAMS 0x0000000601c00000, 0x0000000601c00000| Untracked 
|   6|0x0000000601e00000, 0x0000000601e00000, 0x0000000602000000|  0%| F|  |TAMS 0x0000000601e00000, 0x0000000601e00000| Untracked 
|   7|0x0000000602000000, 0x0000000602000000, 0x0000000602200000|  0%| F|  |TAMS 0x0000000602000000, 0x0000000602000000| Untracked 
|   8|0x0000000602200000, 0x0000000602200000, 0x0000000602400000|  0%| F|  |TAMS 0x0000000602200000, 0x0000000602200000| Untracked 
|   9|0x0000000602400000, 0x0000000602400000, 0x0000000602600000|  0%| F|  |TAMS 0x0000000602400000, 0x0000000602400000| Untracked 
|  10|0x0000000602600000, 0x0000000602600000, 0x0000000602800000|  0%| F|  |TAMS 0x0000000602600000, 0x0000000602600000| Untracked 
|  11|0x0000000602800000, 0x0000000602800000, 0x0000000602a00000|  0%| F|  |TAMS 0x0000000602800000, 0x0000000602800000| Untracked 
|  12|0x0000000602a00000, 0x0000000602a00000, 0x0000000602c00000|  0%| F|  |TAMS 0x0000000602a00000, 0x0000000602a00000| Untracked 
|  13|0x0000000602c00000, 0x0000000602c00000, 0x0000000602e00000|  0%| F|  |TAMS 0x0000000602c00000, 0x0000000602c00000| Untracked 
|  14|0x0000000602e00000, 0x0000000602e00000, 0x0000000603000000|  0%| F|  |TAMS 0x0000000602e00000, 0x0000000602e00000| Untracked 
|  15|0x0000000603000000, 0x0000000603000000, 0x0000000603200000|  0%| F|  |TAMS 0x0000000603000000, 0x0000000603000000| Untracked 
|  16|0x0000000603200000, 0x0000000603200000, 0x0000000603400000|  0%| F|  |TAMS 0x0000000603200000, 0x0000000603200000| Untracked 
|  17|0x0000000603400000, 0x0000000603400000, 0x0000000603600000|  0%| F|  |TAMS 0x0000000603400000, 0x0000000603400000| Untracked 
|  18|0x0000000603600000, 0x0000000603600000, 0x0000000603800000|  0%| F|  |TAMS 0x0000000603600000, 0x0000000603600000| Untracked 
|  19|0x0000000603800000, 0x0000000603800000, 0x0000000603a00000|  0%| F|  |TAMS 0x0000000603800000, 0x0000000603800000| Untracked 
|  20|0x0000000603a00000, 0x0000000603a00000, 0x0000000603c00000|  0%| F|  |TAMS 0x0000000603a00000, 0x0000000603a00000| Untracked 
|  21|0x0000000603c00000, 0x0000000603c00000, 0x0000000603e00000|  0%| F|  |TAMS 0x0000000603c00000, 0x0000000603c00000| Untracked 
|  22|0x0000000603e00000, 0x0000000603e00000, 0x0000000604000000|  0%| F|  |TAMS 0x0000000603e00000, 0x0000000603e00000| Untracked 
|  23|0x0000000604000000, 0x0000000604000000, 0x0000000604200000|  0%| F|  |TAMS 0x0000000604000000, 0x0000000604000000| Untracked 
|  24|0x0000000604200000, 0x0000000604200000, 0x0000000604400000|  0%| F|  |TAMS 0x0000000604200000, 0x0000000604200000| Untracked 
|  25|0x0000000604400000, 0x0000000604400000, 0x0000000604600000|  0%| F|  |TAMS 0x0000000604400000, 0x0000000604400000| Untracked 
|  26|0x0000000604600000, 0x0000000604600000, 0x0000000604800000|  0%| F|  |TAMS 0x0000000604600000, 0x0000000604600000| Untracked 
|  27|0x0000000604800000, 0x0000000604800000, 0x0000000604a00000|  0%| F|  |TAMS 0x0000000604800000, 0x0000000604800000| Untracked 
|  28|0x0000000604a00000, 0x0000000604a00000, 0x0000000604c00000|  0%| F|  |TAMS 0x0000000604a00000, 0x0000000604a00000| Untracked 
|  29|0x0000000604c00000, 0x0000000604c00000, 0x0000000604e00000|  0%| F|  |TAMS 0x0000000604c00000, 0x0000000604c00000| Untracked 
|  30|0x0000000604e00000, 0x0000000604e00000, 0x0000000605000000|  0%| F|  |TAMS 0x0000000604e00000, 0x0000000604e00000| Untracked 
|  31|0x0000000605000000, 0x0000000605000000, 0x0000000605200000|  0%| F|  |TAMS 0x0000000605000000, 0x0000000605000000| Untracked 
|  32|0x0000000605200000, 0x0000000605200000, 0x0000000605400000|  0%| F|  |TAMS 0x0000000605200000, 0x0000000605200000| Untracked 
|  33|0x0000000605400000, 0x0000000605400000, 0x0000000605600000|  0%| F|  |TAMS 0x0000000605400000, 0x0000000605400000| Untracked 
|  34|0x0000000605600000, 0x0000000605600000, 0x0000000605800000|  0%| F|  |TAMS 0x0000000605600000, 0x0000000605600000| Untracked 
|  35|0x0000000605800000, 0x0000000605800000, 0x0000000605a00000|  0%| F|  |TAMS 0x0000000605800000, 0x0000000605800000| Untracked 
|  36|0x0000000605a00000, 0x0000000605a00000, 0x0000000605c00000|  0%| F|  |TAMS 0x0000000605a00000, 0x0000000605a00000| Untracked 
|  37|0x0000000605c00000, 0x0000000605c00000, 0x0000000605e00000|  0%| F|  |TAMS 0x0000000605c00000, 0x0000000605c00000| Untracked 
|  38|0x0000000605e00000, 0x0000000605e00000, 0x0000000606000000|  0%| F|  |TAMS 0x0000000605e00000, 0x0000000605e00000| Untracked 
|  39|0x0000000606000000, 0x0000000606000000, 0x0000000606200000|  0%| F|  |TAMS 0x0000000606000000, 0x0000000606000000| Untracked 
|  40|0x0000000606200000, 0x0000000606200000, 0x0000000606400000|  0%| F|  |TAMS 0x0000000606200000, 0x0000000606200000| Untracked 
|  41|0x0000000606400000, 0x0000000606400000, 0x0000000606600000|  0%| F|  |TAMS 0x0000000606400000, 0x0000000606400000| Untracked 
|  42|0x0000000606600000, 0x0000000606600000, 0x0000000606800000|  0%| F|  |TAMS 0x0000000606600000, 0x0000000606600000| Untracked 
|  43|0x0000000606800000, 0x0000000606800000, 0x0000000606a00000|  0%| F|  |TAMS 0x0000000606800000, 0x0000000606800000| Untracked 
|  44|0x0000000606a00000, 0x0000000606a00000, 0x0000000606c00000|  0%| F|  |TAMS 0x0000000606a00000, 0x0000000606a00000| Untracked 
|  45|0x0000000606c00000, 0x0000000606c00000, 0x0000000606e00000|  0%| F|  |TAMS 0x0000000606c00000, 0x0000000606c00000| Untracked 
|  46|0x0000000606e00000, 0x0000000606e00000, 0x0000000607000000|  0%| F|  |TAMS 0x0000000606e00000, 0x0000000606e00000| Untracked 
|  47|0x0000000607000000, 0x0000000607000000, 0x0000000607200000|  0%| F|  |TAMS 0x0000000607000000, 0x0000000607000000| Untracked 
|  48|0x0000000607200000, 0x0000000607200000, 0x0000000607400000|  0%| F|  |TAMS 0x0000000607200000, 0x0000000607200000| Untracked 
|  49|0x0000000607400000, 0x0000000607400000, 0x0000000607600000|  0%| F|  |TAMS 0x0000000607400000, 0x0000000607400000| Untracked 
|  50|0x0000000607600000, 0x0000000607600000, 0x0000000607800000|  0%| F|  |TAMS 0x0000000607600000, 0x0000000607600000| Untracked 
|  51|0x0000000607800000, 0x0000000607800000, 0x0000000607a00000|  0%| F|  |TAMS 0x0000000607800000, 0x0000000607800000| Untracked 
|  52|0x0000000607a00000, 0x0000000607a00000, 0x0000000607c00000|  0%| F|  |TAMS 0x0000000607a00000, 0x0000000607a00000| Untracked 
|  53|0x0000000607c00000, 0x0000000607c00000, 0x0000000607e00000|  0%| F|  |TAMS 0x0000000607c00000, 0x0000000607c00000| Untracked 
|  54|0x0000000607e00000, 0x0000000607e00000, 0x0000000608000000|  0%| F|  |TAMS 0x0000000607e00000, 0x0000000607e00000| Untracked 
|  55|0x0000000608000000, 0x0000000608000000, 0x0000000608200000|  0%| F|  |TAMS 0x0000000608000000, 0x0000000608000000| Untracked 
|  56|0x0000000608200000, 0x0000000608200000, 0x0000000608400000|  0%| F|  |TAMS 0x0000000608200000, 0x0000000608200000| Untracked 
|  57|0x0000000608400000, 0x0000000608400000, 0x0000000608600000|  0%| F|  |TAMS 0x0000000608400000, 0x0000000608400000| Untracked 
|  58|0x0000000608600000, 0x0000000608600000, 0x0000000608800000|  0%| F|  |TAMS 0x0000000608600000, 0x0000000608600000| Untracked 
|  59|0x0000000608800000, 0x0000000608800000, 0x0000000608a00000|  0%| F|  |TAMS 0x0000000608800000, 0x0000000608800000| Untracked 
|  60|0x0000000608a00000, 0x0000000608a00000, 0x0000000608c00000|  0%| F|  |TAMS 0x0000000608a00000, 0x0000000608a00000| Untracked 
|  61|0x0000000608c00000, 0x0000000608c00000, 0x0000000608e00000|  0%| F|  |TAMS 0x0000000608c00000, 0x0000000608c00000| Untracked 
|  62|0x0000000608e00000, 0x0000000608e00000, 0x0000000609000000|  0%| F|  |TAMS 0x0000000608e00000, 0x0000000608e00000| Untracked 
|  63|0x0000000609000000, 0x0000000609000000, 0x0000000609200000|  0%| F|  |TAMS 0x0000000609000000, 0x0000000609000000| Untracked 
|  64|0x0000000609200000, 0x0000000609200000, 0x0000000609400000|  0%| F|  |TAMS 0x0000000609200000, 0x0000000609200000| Untracked 
|  65|0x0000000609400000, 0x0000000609400000, 0x0000000609600000|  0%| F|  |TAMS 0x0000000609400000, 0x0000000609400000| Untracked 
|  66|0x0000000609600000, 0x0000000609600000, 0x0000000609800000|  0%| F|  |TAMS 0x0000000609600000, 0x0000000609600000| Untracked 
|  67|0x0000000609800000, 0x0000000609800000, 0x0000000609a00000|  0%| F|  |TAMS 0x0000000609800000, 0x0000000609800000| Untracked 
|  68|0x0000000609a00000, 0x0000000609a00000, 0x0000000609c00000|  0%| F|  |TAMS 0x0000000609a00000, 0x0000000609a00000| Untracked 
|  69|0x0000000609c00000, 0x0000000609c00000, 0x0000000609e00000|  0%| F|  |TAMS 0x0000000609c00000, 0x0000000609c00000| Untracked 
|  70|0x0000000609e00000, 0x0000000609e00000, 0x000000060a000000|  0%| F|  |TAMS 0x0000000609e00000, 0x0000000609e00000| Untracked 
|  71|0x000000060a000000, 0x000000060a000000, 0x000000060a200000|  0%| F|  |TAMS 0x000000060a000000, 0x000000060a000000| Untracked 
|  72|0x000000060a200000, 0x000000060a200000, 0x000000060a400000|  0%| F|  |TAMS 0x000000060a200000, 0x000000060a200000| Untracked 
|  73|0x000000060a400000, 0x000000060a400000, 0x000000060a600000|  0%| F|  |TAMS 0x000000060a400000, 0x000000060a400000| Untracked 
|  74|0x000000060a600000, 0x000000060a600000, 0x000000060a800000|  0%| F|  |TAMS 0x000000060a600000, 0x000000060a600000| Untracked 
|  75|0x000000060a800000, 0x000000060a800000, 0x000000060aa00000|  0%| F|  |TAMS 0x000000060a800000, 0x000000060a800000| Untracked 
|  76|0x000000060aa00000, 0x000000060aa00000, 0x000000060ac00000|  0%| F|  |TAMS 0x000000060aa00000, 0x000000060aa00000| Untracked 
|  77|0x000000060ac00000, 0x000000060ac00000, 0x000000060ae00000|  0%| F|  |TAMS 0x000000060ac00000, 0x000000060ac00000| Untracked 
|  78|0x000000060ae00000, 0x000000060ae00000, 0x000000060b000000|  0%| F|  |TAMS 0x000000060ae00000, 0x000000060ae00000| Untracked 
|  79|0x000000060b000000, 0x000000060b000000, 0x000000060b200000|  0%| F|  |TAMS 0x000000060b000000, 0x000000060b000000| Untracked 
|  80|0x000000060b200000, 0x000000060b200000, 0x000000060b400000|  0%| F|  |TAMS 0x000000060b200000, 0x000000060b200000| Untracked 
|  81|0x000000060b400000, 0x000000060b400000, 0x000000060b600000|  0%| F|  |TAMS 0x000000060b400000, 0x000000060b400000| Untracked 
|  82|0x000000060b600000, 0x000000060b600000, 0x000000060b800000|  0%| F|  |TAMS 0x000000060b600000, 0x000000060b600000| Untracked 
|  83|0x000000060b800000, 0x000000060b800000, 0x000000060ba00000|  0%| F|  |TAMS 0x000000060b800000, 0x000000060b800000| Untracked 
|  84|0x000000060ba00000, 0x000000060ba00000, 0x000000060bc00000|  0%| F|  |TAMS 0x000000060ba00000, 0x000000060ba00000| Untracked 
|  85|0x000000060bc00000, 0x000000060bc00000, 0x000000060be00000|  0%| F|  |TAMS 0x000000060bc00000, 0x000000060bc00000| Untracked 
|  86|0x000000060be00000, 0x000000060be00000, 0x000000060c000000|  0%| F|  |TAMS 0x000000060be00000, 0x000000060be00000| Untracked 
|  87|0x000000060c000000, 0x000000060c000000, 0x000000060c200000|  0%| F|  |TAMS 0x000000060c000000, 0x000000060c000000| Untracked 
|  88|0x000000060c200000, 0x000000060c200000, 0x000000060c400000|  0%| F|  |TAMS 0x000000060c200000, 0x000000060c200000| Untracked 
|  89|0x000000060c400000, 0x000000060c400000, 0x000000060c600000|  0%| F|  |TAMS 0x000000060c400000, 0x000000060c400000| Untracked 
|  90|0x000000060c600000, 0x000000060c600000, 0x000000060c800000|  0%| F|  |TAMS 0x000000060c600000, 0x000000060c600000| Untracked 
|  91|0x000000060c800000, 0x000000060c800000, 0x000000060ca00000|  0%| F|  |TAMS 0x000000060c800000, 0x000000060c800000| Untracked 
|  92|0x000000060ca00000, 0x000000060ca00000, 0x000000060cc00000|  0%| F|  |TAMS 0x000000060ca00000, 0x000000060ca00000| Untracked 
|  93|0x000000060cc00000, 0x000000060cc00000, 0x000000060ce00000|  0%| F|  |TAMS 0x000000060cc00000, 0x000000060cc00000| Untracked 
|  94|0x000000060ce00000, 0x000000060ce00000, 0x000000060d000000|  0%| F|  |TAMS 0x000000060ce00000, 0x000000060ce00000| Untracked 
|  95|0x000000060d000000, 0x000000060d000000, 0x000000060d200000|  0%| F|  |TAMS 0x000000060d000000, 0x000000060d000000| Untracked 
|  96|0x000000060d200000, 0x000000060d200000, 0x000000060d400000|  0%| F|  |TAMS 0x000000060d200000, 0x000000060d200000| Untracked 
|  97|0x000000060d400000, 0x000000060d400000, 0x000000060d600000|  0%| F|  |TAMS 0x000000060d400000, 0x000000060d400000| Untracked 
|  98|0x000000060d600000, 0x000000060d600000, 0x000000060d800000|  0%| F|  |TAMS 0x000000060d600000, 0x000000060d600000| Untracked 
|  99|0x000000060d800000, 0x000000060d800000, 0x000000060da00000|  0%| F|  |TAMS 0x000000060d800000, 0x000000060d800000| Untracked 
| 100|0x000000060da00000, 0x000000060da00000, 0x000000060dc00000|  0%| F|  |TAMS 0x000000060da00000, 0x000000060da00000| Untracked 
| 101|0x000000060dc00000, 0x000000060dc00000, 0x000000060de00000|  0%| F|  |TAMS 0x000000060dc00000, 0x000000060dc00000| Untracked 
| 102|0x000000060de00000, 0x000000060de00000, 0x000000060e000000|  0%| F|  |TAMS 0x000000060de00000, 0x000000060de00000| Untracked 
| 103|0x000000060e000000, 0x000000060e000000, 0x000000060e200000|  0%| F|  |TAMS 0x000000060e000000, 0x000000060e000000| Untracked 
| 104|0x000000060e200000, 0x000000060e200000, 0x000000060e400000|  0%| F|  |TAMS 0x000000060e200000, 0x000000060e200000| Untracked 
| 105|0x000000060e400000, 0x000000060e400000, 0x000000060e600000|  0%| F|  |TAMS 0x000000060e400000, 0x000000060e400000| Untracked 
| 106|0x000000060e600000, 0x000000060e600000, 0x000000060e800000|  0%| F|  |TAMS 0x000000060e600000, 0x000000060e600000| Untracked 
| 107|0x000000060e800000, 0x000000060e800000, 0x000000060ea00000|  0%| F|  |TAMS 0x000000060e800000, 0x000000060e800000| Untracked 
| 108|0x000000060ea00000, 0x000000060ea00000, 0x000000060ec00000|  0%| F|  |TAMS 0x000000060ea00000, 0x000000060ea00000| Untracked 
| 109|0x000000060ec00000, 0x000000060ec00000, 0x000000060ee00000|  0%| F|  |TAMS 0x000000060ec00000, 0x000000060ec00000| Untracked 
| 110|0x000000060ee00000, 0x000000060ee00000, 0x000000060f000000|  0%| F|  |TAMS 0x000000060ee00000, 0x000000060ee00000| Untracked 
| 111|0x000000060f000000, 0x000000060f000000, 0x000000060f200000|  0%| F|  |TAMS 0x000000060f000000, 0x000000060f000000| Untracked 
| 112|0x000000060f200000, 0x000000060f200000, 0x000000060f400000|  0%| F|  |TAMS 0x000000060f200000, 0x000000060f200000| Untracked 
| 113|0x000000060f400000, 0x000000060f400000, 0x000000060f600000|  0%| F|  |TAMS 0x000000060f400000, 0x000000060f400000| Untracked 
| 114|0x000000060f600000, 0x000000060f600000, 0x000000060f800000|  0%| F|  |TAMS 0x000000060f600000, 0x000000060f600000| Untracked 
| 115|0x000000060f800000, 0x000000060f800000, 0x000000060fa00000|  0%| F|  |TAMS 0x000000060f800000, 0x000000060f800000| Untracked 
| 116|0x000000060fa00000, 0x000000060fa00000, 0x000000060fc00000|  0%| F|  |TAMS 0x000000060fa00000, 0x000000060fa00000| Untracked 
| 117|0x000000060fc00000, 0x000000060fc00000, 0x000000060fe00000|  0%| F|  |TAMS 0x000000060fc00000, 0x000000060fc00000| Untracked 
| 118|0x000000060fe00000, 0x000000060fe00000, 0x0000000610000000|  0%| F|  |TAMS 0x000000060fe00000, 0x000000060fe00000| Untracked 
| 119|0x0000000610000000, 0x0000000610000000, 0x0000000610200000|  0%| F|  |TAMS 0x0000000610000000, 0x0000000610000000| Untracked 
| 120|0x0000000610200000, 0x0000000610200000, 0x0000000610400000|  0%| F|  |TAMS 0x0000000610200000, 0x0000000610200000| Untracked 
| 121|0x0000000610400000, 0x0000000610400000, 0x0000000610600000|  0%| F|  |TAMS 0x0000000610400000, 0x0000000610400000| Untracked 
| 122|0x0000000610600000, 0x0000000610600000, 0x0000000610800000|  0%| F|  |TAMS 0x0000000610600000, 0x0000000610600000| Untracked 
| 123|0x0000000610800000, 0x0000000610800000, 0x0000000610a00000|  0%| F|  |TAMS 0x0000000610800000, 0x0000000610800000| Untracked 
| 124|0x0000000610a00000, 0x0000000610a00000, 0x0000000610c00000|  0%| F|  |TAMS 0x0000000610a00000, 0x0000000610a00000| Untracked 
| 125|0x0000000610c00000, 0x0000000610c00000, 0x0000000610e00000|  0%| F|  |TAMS 0x0000000610c00000, 0x0000000610c00000| Untracked 
| 126|0x0000000610e00000, 0x0000000610e00000, 0x0000000611000000|  0%| F|  |TAMS 0x0000000610e00000, 0x0000000610e00000| Untracked 
| 127|0x0000000611000000, 0x0000000611000000, 0x0000000611200000|  0%| F|  |TAMS 0x0000000611000000, 0x0000000611000000| Untracked 
| 128|0x0000000611200000, 0x0000000611200000, 0x0000000611400000|  0%| F|  |TAMS 0x0000000611200000, 0x0000000611200000| Untracked 
| 129|0x0000000611400000, 0x0000000611400000, 0x0000000611600000|  0%| F|  |TAMS 0x0000000611400000, 0x0000000611400000| Untracked 
| 130|0x0000000611600000, 0x0000000611600000, 0x0000000611800000|  0%| F|  |TAMS 0x0000000611600000, 0x0000000611600000| Untracked 
| 131|0x0000000611800000, 0x0000000611800000, 0x0000000611a00000|  0%| F|  |TAMS 0x0000000611800000, 0x0000000611800000| Untracked 
| 132|0x0000000611a00000, 0x0000000611a00000, 0x0000000611c00000|  0%| F|  |TAMS 0x0000000611a00000, 0x0000000611a00000| Untracked 
| 133|0x0000000611c00000, 0x0000000611c00000, 0x0000000611e00000|  0%| F|  |TAMS 0x0000000611c00000, 0x0000000611c00000| Untracked 
| 134|0x0000000611e00000, 0x0000000611e00000, 0x0000000612000000|  0%| F|  |TAMS 0x0000000611e00000, 0x0000000611e00000| Untracked 
| 135|0x0000000612000000, 0x0000000612000000, 0x0000000612200000|  0%| F|  |TAMS 0x0000000612000000, 0x0000000612000000| Untracked 
| 136|0x0000000612200000, 0x0000000612200000, 0x0000000612400000|  0%| F|  |TAMS 0x0000000612200000, 0x0000000612200000| Untracked 
| 137|0x0000000612400000, 0x0000000612400000, 0x0000000612600000|  0%| F|  |TAMS 0x0000000612400000, 0x0000000612400000| Untracked 
| 138|0x0000000612600000, 0x0000000612600000, 0x0000000612800000|  0%| F|  |TAMS 0x0000000612600000, 0x0000000612600000| Untracked 
| 139|0x0000000612800000, 0x0000000612800000, 0x0000000612a00000|  0%| F|  |TAMS 0x0000000612800000, 0x0000000612800000| Untracked 
| 140|0x0000000612a00000, 0x0000000612a00000, 0x0000000612c00000|  0%| F|  |TAMS 0x0000000612a00000, 0x0000000612a00000| Untracked 
| 141|0x0000000612c00000, 0x0000000612c00000, 0x0000000612e00000|  0%| F|  |TAMS 0x0000000612c00000, 0x0000000612c00000| Untracked 
| 142|0x0000000612e00000, 0x0000000612e00000, 0x0000000613000000|  0%| F|  |TAMS 0x0000000612e00000, 0x0000000612e00000| Untracked 
| 143|0x0000000613000000, 0x0000000613000000, 0x0000000613200000|  0%| F|  |TAMS 0x0000000613000000, 0x0000000613000000| Untracked 
| 144|0x0000000613200000, 0x0000000613200000, 0x0000000613400000|  0%| F|  |TAMS 0x0000000613200000, 0x0000000613200000| Untracked 
| 145|0x0000000613400000, 0x0000000613400000, 0x0000000613600000|  0%| F|  |TAMS 0x0000000613400000, 0x0000000613400000| Untracked 
| 146|0x0000000613600000, 0x0000000613600000, 0x0000000613800000|  0%| F|  |TAMS 0x0000000613600000, 0x0000000613600000| Untracked 
| 147|0x0000000613800000, 0x0000000613800000, 0x0000000613a00000|  0%| F|  |TAMS 0x0000000613800000, 0x0000000613800000| Untracked 
| 148|0x0000000613a00000, 0x0000000613a00000, 0x0000000613c00000|  0%| F|  |TAMS 0x0000000613a00000, 0x0000000613a00000| Untracked 
| 149|0x0000000613c00000, 0x0000000613c00000, 0x0000000613e00000|  0%| F|  |TAMS 0x0000000613c00000, 0x0000000613c00000| Untracked 
| 150|0x0000000613e00000, 0x0000000613e00000, 0x0000000614000000|  0%| F|  |TAMS 0x0000000613e00000, 0x0000000613e00000| Untracked 
| 151|0x0000000614000000, 0x0000000614000000, 0x0000000614200000|  0%| F|  |TAMS 0x0000000614000000, 0x0000000614000000| Untracked 
| 152|0x0000000614200000, 0x0000000614200000, 0x0000000614400000|  0%| F|  |TAMS 0x0000000614200000, 0x0000000614200000| Untracked 
| 153|0x0000000614400000, 0x0000000614400000, 0x0000000614600000|  0%| F|  |TAMS 0x0000000614400000, 0x0000000614400000| Untracked 
| 154|0x0000000614600000, 0x0000000614600000, 0x0000000614800000|  0%| F|  |TAMS 0x0000000614600000, 0x0000000614600000| Untracked 
| 155|0x0000000614800000, 0x0000000614800000, 0x0000000614a00000|  0%| F|  |TAMS 0x0000000614800000, 0x0000000614800000| Untracked 
| 156|0x0000000614a00000, 0x0000000614a00000, 0x0000000614c00000|  0%| F|  |TAMS 0x0000000614a00000, 0x0000000614a00000| Untracked 
| 157|0x0000000614c00000, 0x0000000614c00000, 0x0000000614e00000|  0%| F|  |TAMS 0x0000000614c00000, 0x0000000614c00000| Untracked 
| 158|0x0000000614e00000, 0x0000000614e00000, 0x0000000615000000|  0%| F|  |TAMS 0x0000000614e00000, 0x0000000614e00000| Untracked 
| 159|0x0000000615000000, 0x0000000615000000, 0x0000000615200000|  0%| F|  |TAMS 0x0000000615000000, 0x0000000615000000| Untracked 
| 160|0x0000000615200000, 0x0000000615200000, 0x0000000615400000|  0%| F|  |TAMS 0x0000000615200000, 0x0000000615200000| Untracked 
| 161|0x0000000615400000, 0x0000000615400000, 0x0000000615600000|  0%| F|  |TAMS 0x0000000615400000, 0x0000000615400000| Untracked 
| 162|0x0000000615600000, 0x0000000615600000, 0x0000000615800000|  0%| F|  |TAMS 0x0000000615600000, 0x0000000615600000| Untracked 
| 163|0x0000000615800000, 0x0000000615800000, 0x0000000615a00000|  0%| F|  |TAMS 0x0000000615800000, 0x0000000615800000| Untracked 
| 164|0x0000000615a00000, 0x0000000615a00000, 0x0000000615c00000|  0%| F|  |TAMS 0x0000000615a00000, 0x0000000615a00000| Untracked 
| 165|0x0000000615c00000, 0x0000000615c00000, 0x0000000615e00000|  0%| F|  |TAMS 0x0000000615c00000, 0x0000000615c00000| Untracked 
| 166|0x0000000615e00000, 0x0000000615e00000, 0x0000000616000000|  0%| F|  |TAMS 0x0000000615e00000, 0x0000000615e00000| Untracked 
| 167|0x0000000616000000, 0x0000000616000000, 0x0000000616200000|  0%| F|  |TAMS 0x0000000616000000, 0x0000000616000000| Untracked 
| 168|0x0000000616200000, 0x0000000616200000, 0x0000000616400000|  0%| F|  |TAMS 0x0000000616200000, 0x0000000616200000| Untracked 
| 169|0x0000000616400000, 0x0000000616400000, 0x0000000616600000|  0%| F|  |TAMS 0x0000000616400000, 0x0000000616400000| Untracked 
| 170|0x0000000616600000, 0x0000000616600000, 0x0000000616800000|  0%| F|  |TAMS 0x0000000616600000, 0x0000000616600000| Untracked 
| 171|0x0000000616800000, 0x0000000616800000, 0x0000000616a00000|  0%| F|  |TAMS 0x0000000616800000, 0x0000000616800000| Untracked 
| 172|0x0000000616a00000, 0x0000000616a00000, 0x0000000616c00000|  0%| F|  |TAMS 0x0000000616a00000, 0x0000000616a00000| Untracked 
| 173|0x0000000616c00000, 0x0000000616c00000, 0x0000000616e00000|  0%| F|  |TAMS 0x0000000616c00000, 0x0000000616c00000| Untracked 
| 174|0x0000000616e00000, 0x0000000616e00000, 0x0000000617000000|  0%| F|  |TAMS 0x0000000616e00000, 0x0000000616e00000| Untracked 
| 175|0x0000000617000000, 0x0000000617000000, 0x0000000617200000|  0%| F|  |TAMS 0x0000000617000000, 0x0000000617000000| Untracked 
| 176|0x0000000617200000, 0x0000000617200000, 0x0000000617400000|  0%| F|  |TAMS 0x0000000617200000, 0x0000000617200000| Untracked 
| 177|0x0000000617400000, 0x0000000617400000, 0x0000000617600000|  0%| F|  |TAMS 0x0000000617400000, 0x0000000617400000| Untracked 
| 178|0x0000000617600000, 0x0000000617600000, 0x0000000617800000|  0%| F|  |TAMS 0x0000000617600000, 0x0000000617600000| Untracked 
| 179|0x0000000617800000, 0x0000000617800000, 0x0000000617a00000|  0%| F|  |TAMS 0x0000000617800000, 0x0000000617800000| Untracked 
| 180|0x0000000617a00000, 0x0000000617a00000, 0x0000000617c00000|  0%| F|  |TAMS 0x0000000617a00000, 0x0000000617a00000| Untracked 
| 181|0x0000000617c00000, 0x0000000617c00000, 0x0000000617e00000|  0%| F|  |TAMS 0x0000000617c00000, 0x0000000617c00000| Untracked 
| 182|0x0000000617e00000, 0x0000000617e00000, 0x0000000618000000|  0%| F|  |TAMS 0x0000000617e00000, 0x0000000617e00000| Untracked 
| 183|0x0000000618000000, 0x0000000618000000, 0x0000000618200000|  0%| F|  |TAMS 0x0000000618000000, 0x0000000618000000| Untracked 
| 184|0x0000000618200000, 0x0000000618200000, 0x0000000618400000|  0%| F|  |TAMS 0x0000000618200000, 0x0000000618200000| Untracked 
| 185|0x0000000618400000, 0x0000000618400000, 0x0000000618600000|  0%| F|  |TAMS 0x0000000618400000, 0x0000000618400000| Untracked 
| 186|0x0000000618600000, 0x0000000618600000, 0x0000000618800000|  0%| F|  |TAMS 0x0000000618600000, 0x0000000618600000| Untracked 
| 187|0x0000000618800000, 0x0000000618800000, 0x0000000618a00000|  0%| F|  |TAMS 0x0000000618800000, 0x0000000618800000| Untracked 
| 188|0x0000000618a00000, 0x0000000618a00000, 0x0000000618c00000|  0%| F|  |TAMS 0x0000000618a00000, 0x0000000618a00000| Untracked 
| 189|0x0000000618c00000, 0x0000000618c00000, 0x0000000618e00000|  0%| F|  |TAMS 0x0000000618c00000, 0x0000000618c00000| Untracked 
| 190|0x0000000618e00000, 0x0000000618e00000, 0x0000000619000000|  0%| F|  |TAMS 0x0000000618e00000, 0x0000000618e00000| Untracked 
| 191|0x0000000619000000, 0x0000000619000000, 0x0000000619200000|  0%| F|  |TAMS 0x0000000619000000, 0x0000000619000000| Untracked 
| 192|0x0000000619200000, 0x0000000619200000, 0x0000000619400000|  0%| F|  |TAMS 0x0000000619200000, 0x0000000619200000| Untracked 
| 193|0x0000000619400000, 0x0000000619400000, 0x0000000619600000|  0%| F|  |TAMS 0x0000000619400000, 0x0000000619400000| Untracked 
| 194|0x0000000619600000, 0x0000000619600000, 0x0000000619800000|  0%| F|  |TAMS 0x0000000619600000, 0x0000000619600000| Untracked 
| 195|0x0000000619800000, 0x0000000619800000, 0x0000000619a00000|  0%| F|  |TAMS 0x0000000619800000, 0x0000000619800000| Untracked 
| 196|0x0000000619a00000, 0x0000000619a00000, 0x0000000619c00000|  0%| F|  |TAMS 0x0000000619a00000, 0x0000000619a00000| Untracked 
| 197|0x0000000619c00000, 0x0000000619c00000, 0x0000000619e00000|  0%| F|  |TAMS 0x0000000619c00000, 0x0000000619c00000| Untracked 
| 198|0x0000000619e00000, 0x0000000619e00000, 0x000000061a000000|  0%| F|  |TAMS 0x0000000619e00000, 0x0000000619e00000| Untracked 
| 199|0x000000061a000000, 0x000000061a000000, 0x000000061a200000|  0%| F|  |TAMS 0x000000061a000000, 0x000000061a000000| Untracked 
| 200|0x000000061a200000, 0x000000061a200000, 0x000000061a400000|  0%| F|  |TAMS 0x000000061a200000, 0x000000061a200000| Untracked 
| 201|0x000000061a400000, 0x000000061a400000, 0x000000061a600000|  0%| F|  |TAMS 0x000000061a400000, 0x000000061a400000| Untracked 
| 202|0x000000061a600000, 0x000000061a600000, 0x000000061a800000|  0%| F|  |TAMS 0x000000061a600000, 0x000000061a600000| Untracked 
| 203|0x000000061a800000, 0x000000061a800000, 0x000000061aa00000|  0%| F|  |TAMS 0x000000061a800000, 0x000000061a800000| Untracked 
| 204|0x000000061aa00000, 0x000000061aa00000, 0x000000061ac00000|  0%| F|  |TAMS 0x000000061aa00000, 0x000000061aa00000| Untracked 
| 205|0x000000061ac00000, 0x000000061ac00000, 0x000000061ae00000|  0%| F|  |TAMS 0x000000061ac00000, 0x000000061ac00000| Untracked 
| 206|0x000000061ae00000, 0x000000061ae00000, 0x000000061b000000|  0%| F|  |TAMS 0x000000061ae00000, 0x000000061ae00000| Untracked 
| 207|0x000000061b000000, 0x000000061b000000, 0x000000061b200000|  0%| F|  |TAMS 0x000000061b000000, 0x000000061b000000| Untracked 
| 208|0x000000061b200000, 0x000000061b200000, 0x000000061b400000|  0%| F|  |TAMS 0x000000061b200000, 0x000000061b200000| Untracked 
| 209|0x000000061b400000, 0x000000061b400000, 0x000000061b600000|  0%| F|  |TAMS 0x000000061b400000, 0x000000061b400000| Untracked 
| 210|0x000000061b600000, 0x000000061b600000, 0x000000061b800000|  0%| F|  |TAMS 0x000000061b600000, 0x000000061b600000| Untracked 
| 211|0x000000061b800000, 0x000000061b800000, 0x000000061ba00000|  0%| F|  |TAMS 0x000000061b800000, 0x000000061b800000| Untracked 
| 212|0x000000061ba00000, 0x000000061ba00000, 0x000000061bc00000|  0%| F|  |TAMS 0x000000061ba00000, 0x000000061ba00000| Untracked 
| 213|0x000000061bc00000, 0x000000061bc00000, 0x000000061be00000|  0%| F|  |TAMS 0x000000061bc00000, 0x000000061bc00000| Untracked 
| 214|0x000000061be00000, 0x000000061be00000, 0x000000061c000000|  0%| F|  |TAMS 0x000000061be00000, 0x000000061be00000| Untracked 
| 215|0x000000061c000000, 0x000000061c000000, 0x000000061c200000|  0%| F|  |TAMS 0x000000061c000000, 0x000000061c000000| Untracked 
| 216|0x000000061c200000, 0x000000061c200000, 0x000000061c400000|  0%| F|  |TAMS 0x000000061c200000, 0x000000061c200000| Untracked 
| 217|0x000000061c400000, 0x000000061c400000, 0x000000061c600000|  0%| F|  |TAMS 0x000000061c400000, 0x000000061c400000| Untracked 
| 218|0x000000061c600000, 0x000000061c600000, 0x000000061c800000|  0%| F|  |TAMS 0x000000061c600000, 0x000000061c600000| Untracked 
| 219|0x000000061c800000, 0x000000061ca00000, 0x000000061ca00000|100%| S|CS|TAMS 0x000000061c800000, 0x000000061c800000| Complete 
| 220|0x000000061ca00000, 0x000000061cc00000, 0x000000061cc00000|100%| S|CS|TAMS 0x000000061ca00000, 0x000000061ca00000| Complete 
| 221|0x000000061cc00000, 0x000000061cc00000, 0x000000061ce00000|  0%| F|  |TAMS 0x000000061cc00000, 0x000000061cc00000| Untracked 
| 222|0x000000061ce00000, 0x000000061ce00000, 0x000000061d000000|  0%| F|  |TAMS 0x000000061ce00000, 0x000000061ce00000| Untracked 
| 223|0x000000061d000000, 0x000000061d000000, 0x000000061d200000|  0%| F|  |TAMS 0x000000061d000000, 0x000000061d000000| Untracked 
| 224|0x000000061d200000, 0x000000061d200000, 0x000000061d400000|  0%| F|  |TAMS 0x000000061d200000, 0x000000061d200000| Untracked 
| 225|0x000000061d400000, 0x000000061d400000, 0x000000061d600000|  0%| F|  |TAMS 0x000000061d400000, 0x000000061d400000| Untracked 
| 226|0x000000061d600000, 0x000000061d600000, 0x000000061d800000|  0%| F|  |TAMS 0x000000061d600000, 0x000000061d600000| Untracked 
| 227|0x000000061d800000, 0x000000061d800000, 0x000000061da00000|  0%| F|  |TAMS 0x000000061d800000, 0x000000061d800000| Untracked 
| 228|0x000000061da00000, 0x000000061da00000, 0x000000061dc00000|  0%| F|  |TAMS 0x000000061da00000, 0x000000061da00000| Untracked 
| 229|0x000000061dc00000, 0x000000061dc00000, 0x000000061de00000|  0%| F|  |TAMS 0x000000061dc00000, 0x000000061dc00000| Untracked 
| 230|0x000000061de00000, 0x000000061de00000, 0x000000061e000000|  0%| F|  |TAMS 0x000000061de00000, 0x000000061de00000| Untracked 
| 231|0x000000061e000000, 0x000000061e000000, 0x000000061e200000|  0%| F|  |TAMS 0x000000061e000000, 0x000000061e000000| Untracked 
| 232|0x000000061e200000, 0x000000061e200000, 0x000000061e400000|  0%| F|  |TAMS 0x000000061e200000, 0x000000061e200000| Untracked 
| 233|0x000000061e400000, 0x000000061e5c4d40, 0x000000061e600000| 88%| E|  |TAMS 0x000000061e400000, 0x000000061e400000| Complete 
| 234|0x000000061e600000, 0x000000061e800000, 0x000000061e800000|100%| E|CS|TAMS 0x000000061e600000, 0x000000061e600000| Complete 
| 235|0x000000061e800000, 0x000000061ea00000, 0x000000061ea00000|100%| E|CS|TAMS 0x000000061e800000, 0x000000061e800000| Complete 
| 236|0x000000061ea00000, 0x000000061ec00000, 0x000000061ec00000|100%| E|CS|TAMS 0x000000061ea00000, 0x000000061ea00000| Complete 
| 237|0x000000061ec00000, 0x000000061ee00000, 0x000000061ee00000|100%| E|CS|TAMS 0x000000061ec00000, 0x000000061ec00000| Complete 
| 238|0x000000061ee00000, 0x000000061f000000, 0x000000061f000000|100%| E|  |TAMS 0x000000061ee00000, 0x000000061ee00000| Complete 
| 239|0x000000061f000000, 0x000000061f200000, 0x000000061f200000|100%| E|CS|TAMS 0x000000061f000000, 0x000000061f000000| Complete 
| 240|0x000000061f200000, 0x000000061f400000, 0x000000061f400000|100%| E|CS|TAMS 0x000000061f200000, 0x000000061f200000| Complete 
| 241|0x000000061f400000, 0x000000061f600000, 0x000000061f600000|100%| E|CS|TAMS 0x000000061f400000, 0x000000061f400000| Complete 
| 242|0x000000061f600000, 0x000000061f800000, 0x000000061f800000|100%| E|CS|TAMS 0x000000061f600000, 0x000000061f600000| Complete 
| 243|0x000000061f800000, 0x000000061fa00000, 0x000000061fa00000|100%| E|CS|TAMS 0x000000061f800000, 0x000000061f800000| Complete 
| 244|0x000000061fa00000, 0x000000061fc00000, 0x000000061fc00000|100%| E|CS|TAMS 0x000000061fa00000, 0x000000061fa00000| Complete 
| 245|0x000000061fc00000, 0x000000061fe00000, 0x000000061fe00000|100%| E|CS|TAMS 0x000000061fc00000, 0x000000061fc00000| Complete 
| 246|0x000000061fe00000, 0x0000000620000000, 0x0000000620000000|100%| E|CS|TAMS 0x000000061fe00000, 0x000000061fe00000| Complete 
| 247|0x0000000620000000, 0x0000000620200000, 0x0000000620200000|100%| E|CS|TAMS 0x0000000620000000, 0x0000000620000000| Complete 
| 248|0x0000000620200000, 0x0000000620400000, 0x0000000620400000|100%| E|CS|TAMS 0x0000000620200000, 0x0000000620200000| Complete 
| 249|0x0000000620400000, 0x0000000620600000, 0x0000000620600000|100%| E|CS|TAMS 0x0000000620400000, 0x0000000620400000| Complete 
| 250|0x0000000620600000, 0x0000000620800000, 0x0000000620800000|100%| E|CS|TAMS 0x0000000620600000, 0x0000000620600000| Complete 
| 251|0x0000000620800000, 0x0000000620a00000, 0x0000000620a00000|100%| E|CS|TAMS 0x0000000620800000, 0x0000000620800000| Complete 
| 252|0x0000000620a00000, 0x0000000620c00000, 0x0000000620c00000|100%| E|CS|TAMS 0x0000000620a00000, 0x0000000620a00000| Complete 
| 253|0x0000000620c00000, 0x0000000620e00000, 0x0000000620e00000|100%| E|CS|TAMS 0x0000000620c00000, 0x0000000620c00000| Complete 
| 254|0x0000000620e00000, 0x0000000621000000, 0x0000000621000000|100%| E|CS|TAMS 0x0000000620e00000, 0x0000000620e00000| Complete 
| 255|0x0000000621000000, 0x0000000621200000, 0x0000000621200000|100%| E|CS|TAMS 0x0000000621000000, 0x0000000621000000| Complete 

Card table byte_map: [0x0000028052340000,0x0000028053340000] _byte_map_base: 0x000002804f337000

Marking Bits (Prev, Next): (CMBitMap*) 0x00000280371cba70, (CMBitMap*) 0x00000280371cba38
 Prev Bits: [0x000002805c300000, 0x00000280642b8000)
 Next Bits: [0x0000028054340000, 0x000002805c2f8000)

Polling page: 0x0000028041340000

Metaspace:

Usage:
  Non-class:     30.42 MB capacity,    30.11 MB ( 99%) used,   242.63 KB ( <1%) free+waste,    75.56 KB ( <1%) overhead. 
      Class:      3.92 MB capacity,     3.68 MB ( 94%) used,   220.44 KB (  5%) free+waste,    32.88 KB ( <1%) overhead. 
       Both:     34.35 MB capacity,    33.79 MB ( 98%) used,   463.06 KB (  1%) free+waste,   108.44 KB ( <1%) overhead. 

Virtual space:
  Non-class space:       32.00 MB reserved,      30.50 MB ( 95%) committed 
      Class space:        1.00 GB reserved,       4.00 MB ( <1%) committed 
             Both:        1.03 GB reserved,      34.50 MB (  3%) committed 

Chunk freelists:
   Non-Class:  16.00 KB
       Class:  14.00 KB
        Both:  30.00 KB

MaxMetaspaceSize: 17179869184.00 GB
CompressedClassSpaceSize: 1.00 GB

CodeHeap 'non-profiled nmethods': size=119168Kb used=1513Kb max_used=1513Kb free=117654Kb
 bounds [0x0000028048f00000, 0x0000028049170000, 0x0000028050360000]
CodeHeap 'profiled nmethods': size=119168Kb used=11115Kb max_used=11115Kb free=108053Kb
 bounds [0x0000028041aa0000, 0x0000028042580000, 0x0000028048f00000]
CodeHeap 'non-nmethods': size=7424Kb used=1684Kb max_used=3378Kb free=5739Kb
 bounds [0x0000028041360000, 0x00000280416b0000, 0x0000028041aa0000]
 total_blobs=5443 nmethods=3925 adapters=615
 compilation: enabled
              stopped_count=0, restarted_count=0
 full_count=0

Compilation events (20 events):
Event: 12.237 Thread 0x0000028067580800 3874   !   3       com.sun.crypto.provider.GaloisCounterMode::decryptFinal (304 bytes)
Event: 12.238 Thread 0x0000028067580800 nmethod 3874 0x0000028042564990 code [0x0000028042564dc0, 0x0000028042567b50]
Event: 12.238 Thread 0x0000028067580800 3875       1       com.neovisionaries.ws.client.WebSocketFrame::getOpcode (5 bytes)
Event: 12.238 Thread 0x0000028067580800 nmethod 3875 0x0000028049072c90 code [0x0000028049072e20, 0x0000028049072f58]
Event: 13.497 Thread 0x000002806757d800 3876       4       java.nio.Buffer::<init> (99 bytes)
Event: 13.498 Thread 0x0000028067580800 3877       3       java.lang.String::indexOf (65 bytes)
Event: 13.498 Thread 0x0000028067580800 nmethod 3877 0x0000028042568a90 code [0x0000028042568ce0, 0x0000028042569750]
Event: 13.498 Thread 0x0000028067580800 3878       3       java.lang.String::contains (19 bytes)
Event: 13.498 Thread 0x0000028067580800 nmethod 3878 0x0000028042569b10 code [0x0000028042569ce0, 0x000002804256a140]
Event: 13.501 Thread 0x000002806757d800 nmethod 3876 0x0000028049073010 code [0x0000028049073200, 0x00000280490734a0]
Event: 13.509 Thread 0x0000028067580800 3879       3       com.mysql.cj.result.DefaultValueFactory::<init> (47 bytes)
Event: 13.510 Thread 0x0000028067580800 nmethod 3879 0x000002804256a210 code [0x000002804256a400, 0x000002804256b030]
Event: 14.854 Thread 0x0000028067580800 3880   !   3       com.neovisionaries.ws.client.ListenerManager::getSynchronizedListeners (101 bytes)
Event: 14.855 Thread 0x0000028067580800 nmethod 3880 0x000002804256b210 code [0x000002804256b4a0, 0x000002804256ccd0]
Event: 14.856 Thread 0x000002806757d800 3881       4       java.lang.String::codePointAt (50 bytes)
Event: 14.857 Thread 0x0000028067580800 3883   !   3       java.net.AbstractPlainSocketImpl::acquireFD (29 bytes)
Event: 14.857 Thread 0x0000028067580800 nmethod 3883 0x000002804256d410 code [0x000002804256d5c0, 0x000002804256d918]
Event: 14.858 Thread 0x000002806757d800 nmethod 3881 0x0000028049073690 code [0x0000028049073820, 0x00000280490738d8]
Event: 14.858 Thread 0x000002806757d800 3882       4       java.util.LinkedHashMap$LinkedHashIterator::hasNext (13 bytes)
Event: 14.858 Thread 0x000002806757d800 nmethod 3882 0x0000028049073990 code [0x0000028049073b00, 0x0000028049073b70]

GC Heap History (6 events):
Event: 0.510 GC heap before
{Heap before GC invocations=0 (full 0):
 garbage-first heap   total 524288K, used 22528K [0x0000000601200000, 0x0000000800000000)
  region size 2048K, 12 young (24576K), 0 survivors (0K)
 Metaspace       used 5566K, capacity 6866K, committed 7040K, reserved 1056768K
  class space    used 621K, capacity 778K, committed 896K, reserved 1048576K
}
Event: 0.514 GC heap after
{Heap after GC invocations=1 (full 0):
 garbage-first heap   total 524288K, used 4730K [0x0000000601200000, 0x0000000800000000)
  region size 2048K, 2 young (4096K), 2 survivors (4096K)
 Metaspace       used 5566K, capacity 6866K, committed 7040K, reserved 1056768K
  class space    used 621K, capacity 778K, committed 896K, reserved 1048576K
}
Event: 3.234 GC heap before
{Heap before GC invocations=1 (full 0):
 garbage-first heap   total 524288K, used 74362K [0x0000000601200000, 0x0000000800000000)
  region size 2048K, 37 young (75776K), 2 survivors (4096K)
 Metaspace       used 20787K, capacity 21162K, committed 21248K, reserved 1069056K
  class space    used 2330K, capacity 2493K, committed 2560K, reserved 1048576K
}
Event: 3.241 GC heap after
{Heap after GC invocations=2 (full 0):
 garbage-first heap   total 524288K, used 11724K [0x0000000601200000, 0x0000000800000000)
  region size 2048K, 6 young (12288K), 6 survivors (12288K)
 Metaspace       used 20787K, capacity 21162K, committed 21248K, reserved 1069056K
  class space    used 2330K, capacity 2493K, committed 2560K, reserved 1048576K
}
Event: 5.018 GC heap before
{Heap before GC invocations=3 (full 0):
 garbage-first heap   total 524288K, used 81356K [0x0000000601200000, 0x0000000800000000)
  region size 2048K, 41 young (83968K), 6 survivors (12288K)
 Metaspace       used 32905K, capacity 33490K, committed 33664K, reserved 1079296K
  class space    used 3702K, capacity 3959K, committed 3968K, reserved 1048576K
}
Event: 5.024 GC heap after
{Heap after GC invocations=4 (full 0):
 garbage-first heap   total 524288K, used 15902K [0x0000000601200000, 0x0000000800000000)
  region size 2048K, 2 young (4096K), 2 survivors (4096K)
 Metaspace       used 32905K, capacity 33490K, committed 33664K, reserved 1079296K
  class space    used 3702K, capacity 3959K, committed 3968K, reserved 1048576K
}

Deoptimization events (20 events):
Event: 6.972 Thread 0x000002806925f000 DEOPT PACKING pc=0x0000028048f253ed sp=0x0000009d719feb80
Event: 6.972 Thread 0x000002806925f000 DEOPT UNPACKING pc=0x000002804139dab1 sp=0x0000009d719fe000 mode 3
Event: 6.972 Thread 0x000002806925f000 Uncommon trap: trap_request=0xffffffed fr.pc=0x0000028048fb29eb relative=0x000000000000024b
Event: 6.972 Thread 0x000002806925f000 Uncommon trap: reason=null_assert_or_unreached0 action=reinterpret pc=0x0000028048fb29eb method=java.lang.String.indexOf(Ljava/lang/String;)I @ 0 jvmci
Event: 6.972 Thread 0x000002806925f000 DEOPT PACKING pc=0x0000028048fb29eb sp=0x0000009d719fea70
Event: 6.972 Thread 0x000002806925f000 DEOPT UNPACKING pc=0x000002804139dab1 sp=0x0000009d719fdf28 mode 3
Event: 14.116 Thread 0x0000028074d6f800 DEOPT PACKING pc=0x00000280424fbc41 sp=0x0000009d713feaf0
Event: 14.116 Thread 0x0000028074d6f800 DEOPT UNPACKING pc=0x000002804139dab1 sp=0x0000009d713fdfa8 mode 1
Event: 14.117 Thread 0x0000028074d6f800 DEOPT PACKING pc=0x0000028042567154 sp=0x0000009d713fe7d0
Event: 14.117 Thread 0x0000028074d6f800 DEOPT UNPACKING pc=0x000002804139dab1 sp=0x0000009d713fdda0 mode 1
Event: 14.117 Thread 0x0000028074d6e800 DEOPT PACKING pc=0x0000028041f4362c sp=0x0000009d712ff150
Event: 14.117 Thread 0x0000028074d6e800 DEOPT UNPACKING pc=0x000002804139dab1 sp=0x0000009d712fe6c0 mode 1
Event: 14.117 Thread 0x0000028074d6e800 Uncommon trap: trap_request=0xffffffed fr.pc=0x0000028049048294 relative=0x0000000000000b74
Event: 14.117 Thread 0x0000028074d6e800 Uncommon trap: reason=null_assert_or_unreached0 action=reinterpret pc=0x0000028049048294 method=java.util.HashMap.removeNode(ILjava/lang/Object;Ljava/lang/Object;ZZ)Ljava/util/HashMap$Node; @ 0 jvmci
Event: 14.117 Thread 0x0000028074d6e800 DEOPT PACKING pc=0x0000028049048294 sp=0x0000009d712fedc0
Event: 14.117 Thread 0x0000028074d6e800 DEOPT UNPACKING pc=0x000002804139dab1 sp=0x0000009d712fe228 mode 3
Event: 14.117 Thread 0x0000028074d6e800 Uncommon trap: trap_request=0xffffffcd fr.pc=0x0000028048f8e526 relative=0x0000000000000126
Event: 14.117 Thread 0x0000028074d6e800 Uncommon trap: reason=intrinsic_or_type_checked_inlining action=reinterpret pc=0x0000028048f8e526 method=java.util.AbstractCollection.isEmpty()Z @ 0 jvmci
Event: 14.118 Thread 0x0000028074d6e800 DEOPT PACKING pc=0x0000028048f8e526 sp=0x0000009d712ff360
Event: 14.118 Thread 0x0000028074d6e800 DEOPT UNPACKING pc=0x000002804139dab1 sp=0x0000009d712fe808 mode 3

Classes redefined (0 events):
No events

Internal exceptions (20 events):
Event: 3.479 Thread 0x0000028037145000 Implicit null exception at 0x0000028048f55f34 to 0x000002804139d81a
Event: 3.595 Thread 0x0000028037145000 Exception <a 'java/lang/NoSuchMethodError'{0x000000061ee1f6d0}: 'int java.lang.invoke.DirectMethodHandle$Holder.invokeStatic(java.lang.Object, long)'> (0x000000061ee1f6d0) thrown at [./src/hotspot/share/interpreter/linkResolver.cpp, line 773]
Event: 3.596 Thread 0x0000028037145000 Exception <a 'java/lang/NoSuchMethodError'{0x000000061ee22320}: 'int java.lang.invoke.DirectMethodHandle$Holder.invokeStaticInit(java.lang.Object, long)'> (0x000000061ee22320) thrown at [./src/hotspot/share/interpreter/linkResolver.cpp, line 773]
Event: 3.597 Thread 0x0000028037145000 Exception <a 'java/lang/NoSuchMethodError'{0x000000061ee44a98}: 'int java.lang.invoke.DirectMethodHandle$Holder.invokeInterface(java.lang.Object, java.lang.Object)'> (0x000000061ee44a98) thrown at [./src/hotspot/share/interpreter/linkResolver.cpp, line 773]
Event: 3.598 Thread 0x0000028037145000 Exception <a 'java/lang/NoSuchMethodError'{0x000000061ee4dfb0}: 'int java.lang.invoke.DirectMethodHandle$Holder.invokeSpecialIFC(java.lang.Object, java.lang.Object, java.lang.Object, java.lang.Object)'> (0x000000061ee4dfb0) thrown at [./src/hotspot/share/interpreter/linkResolver.cpp, line 773]
Event: 3.654 Thread 0x0000028037145000 Exception <a 'java/lang/NoSuchMethodError'{0x000000061e8f8a60}: 'void java.lang.invoke.DirectMethodHandle$Holder.invokeVirtual(java.lang.Object, java.lang.Object)'> (0x000000061e8f8a60) thrown at [./src/hotspot/share/interpreter/linkResolver.cpp, line 773]
Event: 3.691 Thread 0x0000028037145000 Exception <a 'java/lang/NoSuchMethodError'{0x000000061e45bc00}: 'int java.lang.invoke.DirectMethodHandle$Holder.invokeVirtual(java.lang.Object, java.lang.Object, java.lang.Object)'> (0x000000061e45bc00) thrown at [./src/hotspot/share/interpreter/linkResolver.cpp, line 773]
Event: 3.693 Thread 0x0000028037145000 Exception <a 'java/lang/NoSuchMethodError'{0x000000061e487410}: 'java.lang.Object java.lang.invoke.DirectMethodHandle$Holder.invokeStatic(java.lang.Object, java.lang.Object, java.lang.Object, int)'> (0x000000061e487410) thrown at [./src/hotspot/share/interpreter/linkResolver.cpp, line 773]
Event: 3.693 Thread 0x0000028037145000 Exception <a 'java/lang/NoSuchMethodError'{0x000000061e48adf0}: 'java.lang.Object java.lang.invoke.DirectMethodHandle$Holder.invokeSpecial(java.lang.Object, java.lang.Object, java.lang.Object, java.lang.Object, int)'> (0x000000061e48adf0) thrown at [./src/hotspot/share/interpreter/linkResolver.cpp, line 773]
Event: 3.693 Thread 0x0000028037145000 Exception <a 'java/lang/NoSuchMethodError'{0x000000061e48de58}: 'java.lang.Object java.lang.invoke.Invokers$Holder.linkToTargetMethod(java.lang.Object, java.lang.Object, int, java.lang.Object)'> (0x000000061e48de58) thrown at [./src/hotspot/share/interpreter/linkResolver.cpp, line 773]
Event: 3.860 Thread 0x0000028037145000 Exception <a 'java/lang/NoSuchMethodError'{0x000000061e4ba668}: 'org.slf4j.impl.StaticMDCBinder org.slf4j.impl.StaticMDCBinder.getSingleton()'> (0x000000061e4ba668) thrown at [./src/hotspot/share/interpreter/linkResolver.cpp, line 773]
Event: 4.115 Thread 0x0000028037145000 Exception <a 'java/lang/NoSuchMethodError'{0x000000061e4c9f18}: 'long java.lang.invoke.DirectMethodHandle$Holder.invokeStatic(java.lang.Object, java.lang.Object)'> (0x000000061e4c9f18) thrown at [./src/hotspot/share/interpreter/linkResolver.cpp, line 773]
Event: 4.115 Thread 0x0000028037145000 Exception <a 'java/lang/NoSuchMethodError'{0x000000061e4cf868}: 'long java.lang.invoke.DirectMethodHandle$Holder.invokeVirtual(java.lang.Object, java.lang.Object)'> (0x000000061e4cf868) thrown at [./src/hotspot/share/interpreter/linkResolver.cpp, line 773]
Event: 4.134 Thread 0x0000028037145000 Exception <a 'java/lang/NoSuchMethodError'{0x000000061d422e40}: 'void java.lang.invoke.DirectMethodHandle$Holder.invokeVirtual(java.lang.Object, java.lang.Object, java.lang.Object, java.lang.Object)'> (0x000000061d422e40) thrown at [./src/hotspot/share/interpreter/linkResolver.cpp, line 773]
Event: 4.639 Thread 0x000002806925f000 Exception <a 'java/lang/NoSuchMethodError'{0x000000061cf60fb0}: 'int java.lang.invoke.DirectMethodHandle$Holder.invokeVirtual(java.lang.Object, java.lang.Object)'> (0x000000061cf60fb0) thrown at [./src/hotspot/share/interpreter/linkResolver.cpp, line 773]
Event: 5.006 Thread 0x000002806925f000 Exception <a 'java/lang/IncompatibleClassChangeError'{0x000000061cd023c0}: Found class java.lang.Object, but interface was expected> (0x000000061cd023c0) thrown at [./src/hotspot/share/interpreter/linkResolver.cpp, line 839]
Event: 5.010 Thread 0x000002806925f000 Exception <a 'java/lang/NoSuchMethodError'{0x000000061cd40e10}: 'java.lang.Object java.lang.invoke.DirectMethodHandle$Holder.invokeSpecial(java.lang.Object, java.lang.Object, long)'> (0x000000061cd40e10) thrown at [./src/hotspot/share/interpreter/linkResolver.cpp, line 773]
Event: 5.017 Thread 0x000002806925f000 Implicit null exception at 0x0000028048f43675 to 0x000002804139d81a
Event: 6.969 Thread 0x000002806925f000 Exception <a 'java/lang/NoSuchMethodError'{0x000000061e6be0e8}: 'java.lang.Object java.lang.invoke.DirectMethodHandle$Holder.invokeSpecial(java.lang.Object, java.lang.Object, java.lang.Object, java.lang.Object, long)'> (0x000000061e6be0e8) thrown at [./src/hotspot/share/interpreter/linkResolver.cpp, line 773]
Event: 14.117 Thread 0x0000028074d6e800 Exception <a 'java/net/SocketException'{0x000000061e77c278}: Socket closed> (0x000000061e77c278) thrown at [./src/hotspot/share/prims/jni.cpp, line 632]

Events (20 events):
Event: 14.857 loading class org/hyperic/sigar/SigarProxy done
Event: 14.858 loading class org/hyperic/sigar/SigarException
Event: 14.858 loading class org/hyperic/sigar/SigarException done
Event: 14.858 loading class org/hyperic/sigar/SigarNotImplementedException
Event: 14.858 loading class org/hyperic/sigar/SigarNotImplementedException done
Event: 14.859 loading class org/hyperic/sigar/NfsUnreachableException
Event: 14.859 loading class org/hyperic/sigar/NfsUnreachableException done
Event: 14.859 loading class org/hyperic/jni/ArchLoaderException
Event: 14.859 loading class org/hyperic/jni/ArchLoaderException done
Event: 14.859 loading class org/hyperic/jni/ArchNotSupportedException
Event: 14.859 loading class org/hyperic/jni/ArchNotSupportedException done
Event: 14.859 loading class org/hyperic/sigar/SigarLoader
Event: 14.859 loading class org/hyperic/sigar/SigarLoader done
Event: 14.860 loading class org/hyperic/jni/ArchLoader
Event: 14.860 loading class org/hyperic/jni/ArchLoader done
Event: 14.860 loading class org/hyperic/jni/ArchName
Event: 14.860 loading class org/hyperic/jni/ArchName done
Event: 14.865 Loaded shared library C:\Program Files\Java\graalvm-ce-java11-windows-amd64-19.3.2\graalvm-ce-java11-19.3.2\lib\sigar-amd64-winnt.dll
Event: 14.865 loading class org/hyperic/sigar/CpuInfo
Event: 14.865 loading class org/hyperic/sigar/CpuInfo done


Dynamic libraries:
0x00007ff692a90000 - 0x00007ff692a9d000 	C:\Program Files\Java\graalvm-ce-java11-windows-amd64-19.3.2\graalvm-ce-java11-19.3.2\bin\java.exe
0x00007ffa0a680000 - 0x00007ffa0a870000 	C:\Windows\SYSTEM32\ntdll.dll
0x00007ffa09ad0000 - 0x00007ffa09b82000 	C:\Windows\System32\KERNEL32.DLL
0x00007ffa07830000 - 0x00007ffa07ad3000 	C:\Windows\System32\KERNELBASE.dll
0x00007ffa08580000 - 0x00007ffa0867a000 	C:\Windows\System32\ucrtbase.dll
0x00007ff9f9870000 - 0x00007ff9f9886000 	C:\Program Files\Java\graalvm-ce-java11-windows-amd64-19.3.2\graalvm-ce-java11-19.3.2\bin\VCRUNTIME140.dll
0x00007ff9f7170000 - 0x00007ff9f7188000 	C:\Program Files\Java\graalvm-ce-java11-windows-amd64-19.3.2\graalvm-ce-java11-19.3.2\bin\jli.dll
0x00007ffa09220000 - 0x00007ffa093b4000 	C:\Windows\System32\USER32.dll
0x00007ffa07b60000 - 0x00007ffa07b81000 	C:\Windows\System32\win32u.dll
0x00007ffa08760000 - 0x00007ffa08786000 	C:\Windows\System32\GDI32.dll
0x00007ffa06a50000 - 0x00007ffa06cd5000 	C:\Windows\WinSxS\amd64_microsoft.windows.common-controls_6595b64144ccf1df_6.0.18362.778_none_e6c6b761130d4fb8\COMCTL32.dll
0x00007ffa083e0000 - 0x00007ffa08574000 	C:\Windows\System32\gdi32full.dll
0x00007ffa08340000 - 0x00007ffa083de000 	C:\Windows\System32\msvcp_win.dll
0x00007ffa09910000 - 0x00007ffa099ae000 	C:\Windows\System32\msvcrt.dll
0x00007ffa0a300000 - 0x00007ffa0a636000 	C:\Windows\System32\combase.dll
0x00007ffa099b0000 - 0x00007ffa09ad0000 	C:\Windows\System32\RPCRT4.dll
0x00007ffa07ae0000 - 0x00007ffa07b60000 	C:\Windows\System32\bcryptPrimitives.dll
0x00007ffa08730000 - 0x00007ffa0875e000 	C:\Windows\System32\IMM32.DLL
0x00007ff9ec850000 - 0x00007ff9ec8fa000 	C:\Program Files\Java\graalvm-ce-java11-windows-amd64-19.3.2\graalvm-ce-java11-19.3.2\bin\msvcp140.dll
0x00007ff9b49c0000 - 0x00007ff9b551b000 	C:\Program Files\Java\graalvm-ce-java11-windows-amd64-19.3.2\graalvm-ce-java11-19.3.2\bin\server\jvm.dll
0x00007ffa094c0000 - 0x00007ffa09563000 	C:\Windows\System32\ADVAPI32.dll
0x00007ffa09180000 - 0x00007ffa09217000 	C:\Windows\System32\sechost.dll
0x00007ffa088f0000 - 0x00007ffa088f8000 	C:\Windows\System32\PSAPI.DLL
0x00007ff9f4310000 - 0x00007ff9f4319000 	C:\Windows\SYSTEM32\WSOCK32.dll
0x00007ffa019b0000 - 0x00007ffa019ba000 	C:\Windows\SYSTEM32\VERSION.dll
0x00007ffa04360000 - 0x00007ffa04384000 	C:\Windows\SYSTEM32\WINMM.dll
0x00007ffa09110000 - 0x00007ffa0917f000 	C:\Windows\System32\WS2_32.dll
0x00007ffa04330000 - 0x00007ffa0435d000 	C:\Windows\SYSTEM32\winmmbase.dll
0x00007ffa07690000 - 0x00007ffa076da000 	C:\Windows\System32\cfgmgr32.dll
0x00007ffa07580000 - 0x00007ffa07591000 	C:\Windows\System32\kernel.appcore.dll
0x00007ff9f5a90000 - 0x00007ff9f5aa1000 	C:\Program Files\Java\graalvm-ce-java11-windows-amd64-19.3.2\graalvm-ce-java11-19.3.2\bin\verify.dll
0x00007ffa07060000 - 0x00007ffa07254000 	C:\Windows\SYSTEM32\DBGHELP.DLL
0x00007ffa06dd0000 - 0x00007ffa06dfa000 	C:\Windows\SYSTEM32\dbgcore.DLL
0x00007ff9f5820000 - 0x00007ff9f5848000 	C:\Program Files\Java\graalvm-ce-java11-windows-amd64-19.3.2\graalvm-ce-java11-19.3.2\bin\java.dll
0x00007ff9f9840000 - 0x00007ff9f984a000 	C:\Program Files\Java\graalvm-ce-java11-windows-amd64-19.3.2\graalvm-ce-java11-19.3.2\bin\jimage.dll
0x00007ff9ef380000 - 0x00007ff9ef3b8000 	C:\Program Files\Java\graalvm-ce-java11-windows-amd64-19.3.2\graalvm-ce-java11-19.3.2\bin\jdwp.dll
0x00007ff9f4320000 - 0x00007ff9f432e000 	C:\Program Files\Java\graalvm-ce-java11-windows-amd64-19.3.2\graalvm-ce-java11-19.3.2\bin\instrument.dll
0x00007ff9f5980000 - 0x00007ff9f5997000 	C:\Program Files\Java\graalvm-ce-java11-windows-amd64-19.3.2\graalvm-ce-java11-19.3.2\bin\zip.dll
0x00007ffa08970000 - 0x00007ffa09055000 	C:\Windows\System32\SHELL32.dll
0x00007ffa09640000 - 0x00007ffa096e9000 	C:\Windows\System32\shcore.dll
0x00007ffa07b90000 - 0x00007ffa08310000 	C:\Windows\System32\windows.storage.dll
0x00007ffa07550000 - 0x00007ffa07573000 	C:\Windows\System32\profapi.dll
0x00007ffa075a0000 - 0x00007ffa075ea000 	C:\Windows\System32\powrprof.dll
0x00007ffa07540000 - 0x00007ffa07550000 	C:\Windows\System32\UMPDC.dll
0x00007ffa08900000 - 0x00007ffa08952000 	C:\Windows\System32\shlwapi.dll
0x00007ffa07610000 - 0x00007ffa07627000 	C:\Windows\System32\cryptsp.dll
0x00007ff9f3a90000 - 0x00007ff9f3a9a000 	C:\Program Files\Java\graalvm-ce-java11-windows-amd64-19.3.2\graalvm-ce-java11-19.3.2\bin\dt_socket.dll
0x00007ffa06730000 - 0x00007ffa06797000 	C:\Windows\system32\mswsock.dll
0x00007ff9a5ec0000 - 0x00007ff9a7d0c000 	C:\Program Files\Java\graalvm-ce-java11-windows-amd64-19.3.2\graalvm-ce-java11-19.3.2\bin\jvmcicompiler.dll
0x00007ffa06440000 - 0x00007ffa0647a000 	C:\Windows\SYSTEM32\IPHLPAPI.DLL
0x00007ff9f5380000 - 0x00007ff9f5399000 	C:\Program Files\Java\graalvm-ce-java11-windows-amd64-19.3.2\graalvm-ce-java11-19.3.2\bin\net.dll
0x00007ff9fc530000 - 0x00007ff9fc620000 	C:\Windows\SYSTEM32\WINHTTP.dll
0x00007ff9f45f0000 - 0x00007ff9f4603000 	C:\Program Files\Java\graalvm-ce-java11-windows-amd64-19.3.2\graalvm-ce-java11-19.3.2\bin\nio.dll
0x00007ffa06480000 - 0x00007ffa0654a000 	C:\Windows\SYSTEM32\DNSAPI.dll
0x00007ffa08960000 - 0x00007ffa08968000 	C:\Windows\System32\NSI.dll
0x00007ff9fdc90000 - 0x00007ff9fdc9a000 	C:\Windows\System32\rasadhlp.dll
0x00007ffa001b0000 - 0x00007ffa00227000 	C:\Windows\System32\fwpuclnt.dll
0x00007ffa08310000 - 0x00007ffa08336000 	C:\Windows\System32\bcrypt.dll
0x00007ff9eec40000 - 0x00007ff9eec66000 	C:\Program Files\Java\graalvm-ce-java11-windows-amd64-19.3.2\graalvm-ce-java11-19.3.2\bin\sunec.dll
0x00007ffa06240000 - 0x00007ffa06273000 	C:\Windows\system32\rsaenh.dll
0x00007ffa07460000 - 0x00007ffa07485000 	C:\Windows\SYSTEM32\USERENV.dll
0x00007ffa06900000 - 0x00007ffa0690c000 	C:\Windows\SYSTEM32\CRYPTBASE.dll
0x00007ffa010b0000 - 0x00007ffa010c6000 	C:\Windows\SYSTEM32\dhcpcsvc6.DLL
0x00007ffa01020000 - 0x00007ffa0103c000 	C:\Windows\SYSTEM32\dhcpcsvc.DLL
0x00007ff9f3930000 - 0x00007ff9f393e000 	C:\Program Files\Java\graalvm-ce-java11-windows-amd64-19.3.2\graalvm-ce-java11-19.3.2\bin\sunmscapi.dll
0x00007ffa076e0000 - 0x00007ffa07829000 	C:\Windows\System32\CRYPT32.dll
0x00007ffa075f0000 - 0x00007ffa07602000 	C:\Windows\System32\MSASN1.dll
0x00007ffa06a20000 - 0x00007ffa06a46000 	C:\Windows\SYSTEM32\ncrypt.dll
0x00007ffa069e0000 - 0x00007ffa06a1b000 	C:\Windows\SYSTEM32\NTASN1.dll
0x0000000010000000 - 0x0000000010070000 	C:\Program Files\Java\graalvm-ce-java11-windows-amd64-19.3.2\graalvm-ce-java11-19.3.2\lib\sigar-amd64-winnt.dll
0x00007ffa08790000 - 0x00007ffa088e7000 	C:\Windows\System32\ole32.dll
0x00007ffa09570000 - 0x00007ffa09634000 	C:\Windows\System32\OLEAUT32.dll
0x00007ff9f5df0000 - 0x00007ff9f5e07000 	C:\Windows\SYSTEM32\NETAPI32.dll
0x00007ffa028a0000 - 0x00007ffa028e8000 	C:\Windows\SYSTEM32\pdh.dll
0x00007ffa06550000 - 0x00007ffa0655c000 	C:\Windows\SYSTEM32\NETUTILS.DLL
0x00007ff9f1df0000 - 0x00007ff9f1e16000 	C:\Windows\SYSTEM32\SRVCLI.DLL

dbghelp: loaded successfully - version: 4.0.5 - missing functions: none
symbol engine: initialized successfully - sym options: 0x614 - pdb path: .;C:\Program Files\Java\graalvm-ce-java11-windows-amd64-19.3.2\graalvm-ce-java11-19.3.2\bin;C:\Windows\SYSTEM32;C:\Windows\WinSxS\amd64_microsoft.windows.common-controls_6595b64144ccf1df_6.0.18362.778_none_e6c6b761130d4fb8;C:\Program Files\Java\graalvm-ce-java11-windows-amd64-19.3.2\graalvm-ce-java11-19.3.2\bin\server;C:\Program Files\Java\graalvm-ce-java11-windows-amd64-19.3.2\graalvm-ce-java11-19.3.2\lib

VM Arguments:
jvm_args: -XX:+UnlockExperimentalVMOptions -XX:+EnableJVMCIProduct -XX:-UnlockExperimentalVMOptions -agentlib:jdwp=transport=dt_socket,address=127.0.0.1:64963,suspend=y,server=n -Djava.library.path=C:\Program Files\Java\graalvm-ce-java11-windows-amd64-19.3.2\graalvm-ce-java11-19.3.2\lib -javaagent:C:\Users\ruby0\AppData\Local\JetBrains\Toolbox\apps\IDEA-U\ch-0\201.7223.91\plugins\Groovy\lib\agent\gragent.jar -javaagent:C:\Users\ruby0\AppData\Local\JetBrains\Toolbox\apps\IDEA-U\ch-0\201.7223.91\plugins\java\lib\rt\debugger-agent.jar -Dfile.encoding=UTF-8 
java_command: BOT.App
java_class_path (initial): C:\GitHub\DiscordBOT\out\production\classes;C:\GitHub\DiscordBOT\out\production\resources;C:\Users\ruby0\.gradle\caches\modules-2\files-2.1\org.fusesource\sigar\1.6.4\e91a355d337a0b1991f54181627d63c9973624c3\sigar-1.6.4.jar;C:\Users\ruby0\.gradle\caches\modules-2\files-2.1\net.dv8tion\JDA\4.1.1_127\bea2655c842bdcf8b1baff46de4f2eb90a8e93e1\JDA-4.1.1_127.jar;C:\Users\ruby0\.gradle\caches\modules-2\files-2.1\ch.qos.logback\logback-classic\1.2.3\7c4f3c474fb2c041d8028740440937705ebb473a\logback-classic-1.2.3.jar;C:\Users\ruby0\.gradle\caches\modules-2\files-2.1\com.sedmelluq\lavaplayer\1.3.34\f7fcdd37137ffd286dd67098dff48b72cf6a83f8\lavaplayer-1.3.34.jar;C:\Users\ruby0\.gradle\caches\modules-2\files-2.1\me.duncte123\botCommons\1.0.73\bdadec013dad0b8dc6c582ddc080677978d7adcd\botCommons-1.0.73.jar;C:\Users\ruby0\.gradle\caches\modules-2\files-2.1\org.jsoup\jsoup\1.12.1\55819a28fc834c2f2bcf4dcdb278524dc3cf088f\jsoup-1.12.1.jar;C:\Users\ruby0\.gradle\caches\modules-2\files-2.1\mysql\mysql-connector-java\8.0.18\e088efaa4b568bc7d9f7274b9c5ea1a00da1a45c\mysql-connector-java-8.0.18.jar;C:\Users\ruby0\.gradle\caches\modules-2\files-2.1\com.google.code.gson\gson\2.8.5\f645ed69d595b24d4cf8b3fbb64cc505bede8829\gson-2.8.5.jar;C:\Users\ruby0\.gradle\caches\modules-2\files-2.1\org.toile-libre.libe\curl\0.0.38\cbb46c329daf67f4e539c2aed4a97f00b59b55fd\curl-0.0.38.jar;C:\Users\ruby0\.gradle\caches\modules-2\files-2.1\log4j\log4j\1.2.15\f0a0d2e29ed910808c33135a3a5a51bba6358f7b\log4j-1.2.15.jar;C:\Users\ruby0\.gradle\caches\modules-2\files-2.1\com.google.code.findbugs\jsr305\3.0.2\25ea2e8b0c338a877313bd4672d3fe056ea78f0d\jsr305-3.0.2.jar;C:\Users\ruby0\.gradle\caches\modules-2\files-2.1\org.jetbrains\annotations\16.0.1\c1a6655cebcac68e63e4c24d23f573035032eb2a\annotations-16.0.1.jar;C:\Users\ruby0\.gradle\caches\modules-2\files-2.1\org.slf4j\slf4j-api\1.7.25\da76ca59f6a57ee3102f8f9bd9cee742973efa8a\slf4j-api-1.7.25.jar;C:\Users\ruby0\.gradle\caches\modules-2\file
Launcher Type: SUN_STANDARD

[Global flags]
     intx CICompilerCount                          = 12                                        {product} {ergonomic}
     uint ConcGCThreads                            = 3                                         {product} {ergonomic}
     bool EnableJVMCIProduct                       = true                                {JVMCI product} {jimage}
     uint G1ConcRefinementThreads                  = 13                                        {product} {ergonomic}
   size_t G1HeapRegionSize                         = 2097152                                   {product} {ergonomic}
    uintx GCDrainStackTargetSize                   = 64                                        {product} {ergonomic}
   size_t InitialHeapSize                          = 536870912                                 {product} {ergonomic}
   size_t MarkStackSize                            = 4194304                                   {product} {ergonomic}
   size_t MaxHeapSize                              = 8571060224                                {product} {ergonomic}
   size_t MaxNewSize                               = 5142216704                                {product} {ergonomic}
   size_t MinHeapDeltaBytes                        = 2097152                                   {product} {ergonomic}
    uintx NonNMethodCodeHeapSize                   = 7594288                                {pd product} {ergonomic}
    uintx NonProfiledCodeHeapSize                  = 122031976                              {pd product} {ergonomic}
    uintx ProfiledCodeHeapSize                     = 122031976                              {pd product} {ergonomic}
    uintx ReservedCodeCacheSize                    = 251658240                              {pd product} {ergonomic}
     bool SegmentedCodeCache                       = true                                      {product} {ergonomic}
     bool UseCompressedClassPointers               = true                                 {lp64_product} {ergonomic}
     bool UseCompressedOops                        = true                                 {lp64_product} {ergonomic}
     bool UseG1GC                                  = true                                      {product} {ergonomic}
     bool UseLargePagesIndividualAllocation        = false                                  {pd product} {ergonomic}

Logging:
Log output configuration:
 #0: stdout all=warning uptime,level,tags
 #1: stderr all=off uptime,level,tags

Environment Variables:
PATH=C:\Program Files (x86)\Common Files\Oracle\Java\javapath;C:\Windows\system32;C:\Windows;C:\Windows\System32\Wbem;C:\Windows\System32\WindowsPowerShell\v1.0\;C:\Windows\System32\OpenSSH\;C:\Program Files (x86)\NVIDIA Corporation\PhysX\Common;C:\Program Files\NVIDIA Corporation\NVIDIA NvDLISR;C:\Program Files\Git\cmd;C:\Program Files\dotnet\;C:\Program Files\Microsoft SQL Server\130\Tools\Binn\;C:\Program Files\Microsoft SQL Server\Client SDK\ODBC\170\Tools\Binn\;C:\Program Files\Git LFS;C:\Program Files\PuTTY\;C:\Users\ruby0\AppData\Local\Microsoft\WindowsApps;C:\Users\ruby0\AppData\Local\GitHubDesktop\bin;C:\Program Files\Bandizip\
USERNAME=ruby0
OS=Windows_NT
PROCESSOR_IDENTIFIER=AMD64 Family 23 Model 113 Stepping 0, AuthenticAMD



---------------  S Y S T E M  ---------------

OS: Windows 10 , 64 bit Build 18362 (10.0.18362.778)
OS uptime: 19 days 5:28 hours

CPU:total 16 (initial active 16) (16 cores per cpu, 2 threads per core) family 23 model 113 stepping 0, cmov, cx8, fxsr, mmx, sse, sse2, sse3, ssse3, sse4.1, sse4.2, popcnt, avx, avx2, aes, clmul, mmxext, 3dnowpref, lzcnt, sse4a, ht, tsc, tscinvbit, tscinv, bmi1, bmi2, adx, sha, fma

Memory: 4k page, system-wide physical 32688M (13120M free)
TotalPageFile size 57690M (AvailPageFile size 18662M)
current process WorkingSet (physical memory assigned to process): 515M, peak: 516M
current process commit charge ("private bytes"): 1230M, peak: 1230M

vm_info: OpenJDK 64-Bit Server VM (11.0.7+10-jvmci-19.3-b10) for windows-amd64 JRE (11.0.7+10-jvmci-19.3-b10), built on Apr 29 2020 11:12:58 by "" with MS VC++ 15.5 (VS2017)

END.
